4 12 19 18 2 11 3 17 0 20 1 6 81 13 79 7 27 62 36 34 41 53 42 85 28 45 30 44 26 29 38 78 32 73 40 57 39 74 87 89 66 43 37 70 52 22 58 33 77 47 5 10 46 60 14 59 90 68 31 75 69 55 67 21 71 23 50 15 92 86 88 49 63 56 48 91 25 61 83 84 54 65 35 51 24 80 8 76
4 12
4 26
12 7
19 18
19 7
18 15
2 11
2 73
2 74
2 66
2 70
2 77
2 47
2 68
2 75
2 69
2 67
2 71
2 65
2 76
11 15
3 17
3 1
3 81
3 79
3 85
3 78
3 87
3 89
3 29
3 90
3 92
3 86
3 88
3 63
3 91
3 83
3 84
3 80
17 6
17 21
0 20
0 13
0 27
0 36
0 34
0 41
0 42
0 28
0 45
0 30
0 44
0 29
0 38
0 32
0 40
0 39
0 43
0 37
0 33
0 46
0 31
0 35
20 10
1 62
1 53
1 57
1 52
1 58
1 60
1 47
1 59
1 55
1 50
1 49
1 56
1 48
1 61
1 54
1 51
13 22
5 10
5 24
10 14
10 23
14 25
21 8