10 15 61 69 30 77 54 60 46 49 66 71 47 48 35 50 51 55 56 58 53 2 5 57 62 63 64 74 12 65 44 52 70 59 68 72 67 28 13 6 73 76 0 8 78 4 3 23 29 40 18 79 7 75 1 19 11 32 31 36 42 41 37 17 9 26 38
10 15
15 75
61 69
69 71
30 77
30 35
30 19
30 29
77 2
54 60
54 55
54 58
46 49
46 17
66 71
66 67
66 64
71 72
47 48
48 72
35 36
50 51
50 55
51 75
55 6
56 58
56 53
56 57
56 73
53 74
53 52
2 5
2 1
5 12
5 13
57 70
57 59
62 63
62 64
62 65
62 59
12 65
12 11
44 52
70 68
70 76
67 78
28 13
6 0
6 8
6 9
76 23
0 3
0 17
78 79
78 32
4 3
4 7
29 40
18 79
18 41
1 26
32 31
36 37
42 41
37 38