42 5 6 72 4 30 25 13 11 24 0 71 23 41 7 38 79 17 18 63 39 91 15 16 28 77 87 8 33 58 73 64 68 53 45 69 46 50 57 60 62 40 51 55 48 47 43 44 14 67 52 49 54 65 61 56 66 59 97 22 75 36 1 32 27 2 12 21 74 10 20
42 5
5 6
5 72
6 4
6 73
4 30
4 25
4 13
4 71
4 41
30 11
30 63
30 91
25 24
25 23
25 58
13 0
13 7
13 79
11 17
11 18
11 39
11 77
24 87
24 33
0 38
0 8
0 64
0 68
0 53
0 45
0 69
0 46
0 50
0 57
0 60
0 62
0 40
0 51
0 55
0 48
0 47
0 43
0 44
0 67
0 52
0 49
0 54
0 65
0 61
0 56
0 66
0 59
7 74
38 97
79 1
18 15
39 16
39 28
8 14
8 75
64 32
68 36
60 27
40 2
55 21
48 12
47 10
14 22
54 20