48 23 36 9 55 49 43 6 85 92 17 4 42 24 25 75 51 54 83 38 89 5 95 94 1 16 88 28 46 15 13 10 93 8 70 64 14 41 39 21 53 68 3 86 27 59 44 72 97 56 60 37 90 81 29 19 66 74 33 2 76 84 77 52 34 58 78 69 20 87 82 11 22 67 32 7 80 50 91 45 26
48 23
23 36
23 55
23 6
23 85
23 25
23 75
23 51
23 54
23 95
23 38
23 16
23 88
23 28
23 46
23 15
23 13
23 8
23 17
23 70
23 64
23 14
23 10
23 44
23 41
23 53
23 37
23 90
23 81
23 66
23 33
23 2
23 77
23 34
23 58
23 72
23 78
23 20
23 82
23 22
23 67
23 42
23 32
23 7
23 80
23 91
23 45
23 26
23 89
36 9
36 56
36 84
9 4
49 43
43 81
85 21
92 17
17 3
17 86
17 69
4 60
4 59
4 74
4 87
4 50
42 24
25 76
83 38
89 5
94 1
94 68
10 93
41 39
53 68
27 59
72 97
72 11
90 29
90 19
29 52