57 55 14 52 76 43 24 4 89 75 83 66 44 32 33 58 40 87 82 48 71 96 50 31 69 80 18 36 30 12 21 22 63 65 47 98 45 88 49 85 95 37 78 99 72 13 17 77 5 10 39 73 62 35 74 92 56 64 51 67 0 6 86 79 38 27 25 3 53 19 93 84 97 1 61 94 34 59 8 42 68 7 23 91 41 60 81 2 90 54 15 26 46 28 29 20 11
57 55
57 76
57 4
57 89
57 75
57 97
57 94
55 82
55 30
14 52
14 24
14 66
14 63
52 43
52 83
52 44
52 71
43 48
24 75
24 12
24 21
24 23
24 11
4 17
89 13
66 96
66 85
66 78
66 15
44 45
32 33
32 31
32 99
33 92
33 74
58 40
58 87
58 72
58 60
40 18
40 2
48 36
48 68
48 27
71 90
96 50
96 20
50 56
50 67
31 36
69 80
69 88
69 0
80 10
80 39
18 85
18 62
18 25
21 93
22 63
22 37
22 46
65 47
65 64
47 54
98 45
98 95
98 51
45 49
49 5
85 10
95 73
95 91
78 19
99 42
13 3
17 77
77 64
5 79
62 29
35 74
0 6
0 86
79 53
38 27
93 84
1 61
1 8
34 59
59 54
8 42
42 81
42 26
7 23
7 41
28 29