72 88 93 26 61 68 17 95 99 36 73 25 65 78 62 47 22 43 57 67 84 59 32 23 6 0 52 14 89 70 44 71 97 18 28 27 55 19 64 37 8 33 31 39 54 46 87 51 74 96 60 45 53 3 81 83 42 69 49 1 38 98 75 50 63 86 56 5 48 11 20 92 41 94 24 7 30 66 12 85 77 34 13 15 2 76 82 4 10 40 80 9 58 90 21 29 35 16 79
72 88
72 32
72 77
88 59
88 69
93 26
93 28
93 49
26 29
61 68
61 84
61 44
61 33
17 95
17 53
95 97
95 33
99 36
36 0
36 65
36 24
73 25
73 64
25 8
25 32
25 28
65 78
65 34
78 27
62 47
62 6
62 18
47 71
47 21
47 16
22 43
22 76
22 80
43 81
43 60
57 67
57 1
57 44
57 2
84 30
32 23
32 31
0 38
52 14
52 87
52 94
89 70
89 71
89 58
70 39
70 9
97 79
28 87
28 20
28 48
27 55
55 19
55 39
19 33
19 86
64 37
64 51
8 63
33 11
33 66
54 46
54 7
87 56
51 92
51 15
74 96
74 92
96 3
60 45
60 1
53 42
81 41
83 42
42 98
69 7
49 38
1 82
75 50
75 13
86 35
56 13
5 48
20 40
7 85
66 12
4 10
10 40
9 90