2 10 23 19 35 5 90 46 49 50 27 18 83 41 0 3 38 62 4 65 71 85 54 74 58 72 51 57 78 80 75 67 82 68 63 81 60 77 79 59 70 76 69 84 53 64 56 66 61 73 55 52 29 24 86 8 48 6 34 31 32 45 20 43 40 15 39 16 22 47 14 13 26 17 12 44 11 28 21 37 25 1
2 10
2 19
2 50
10 23
10 5
10 90
19 35
5 46
5 49
46 27
46 83
49 18
18 41
18 0
18 38
18 62
41 3
0 4
0 65
0 71
0 85
0 54
0 74
0 58
0 72
0 51
0 57
0 78
0 80
0 75
0 67
0 82
0 68
0 63
0 81
0 60
0 77
0 79
0 59
0 70
0 76
0 69
0 84
0 53
0 64
0 56
0 66
0 61
0 73
0 55
0 52
3 8
3 6
4 29
4 86
65 24
71 31
85 48
74 34
58 13
72 32
57 12
78 39
67 26
63 22
81 44
60 16
77 37
79 40
59 15
56 11
66 25
61 17
24 45
24 20
24 43
8 47
6 14
6 21
6 1
34 28