10 56 5 40 1 30 55 17 76 20 85 12 61 19 84 23 95 82 0 27 62 18 79 22 92 15 72 6 43 16 75 7 48 2 33 9 53 94 14 69 11 59 4 38 13 65 31 3 34 77 35 32 29 96 70 45 67 54 80 42 24 98 37 21 88 46 58 28 47 97 57 83 99 71 41 44 39 8 51 50 26 86 91 90 74 87 36 68 81 49 73 66 89 78 60 25 64 93 52 63
10 56
10 55
10 57
56 88
5 40
5 42
5 41
1 30
1 29
1 28
55 69
55 46
17 76
17 77
17 78
20 85
20 86
20 87
12 61
12 62
12 63
61 74
19 84
19 82
19 83
84 42
84 28
23 95
23 94
23 96
82 38
82 34
82 59
0 27
0 26
0 25
27 54
27 74
27 57
18 79
18 80
18 81
22 92
22 91
22 93
15 72
15 70
15 71
6 43
6 45
6 44
43 50
16 75
16 74
16 73
7 48
7 46
7 47
2 33
2 31
2 32
9 53
9 54
9 52
94 71
94 80
14 69
14 67
14 68
11 59
11 58
4 38
4 37
4 39
13 65
13 66
13 64
31 96
3 34
3 35
3 36
77 71
96 91
96 60
70 87
54 36
24 98
24 97
24 99
98 51
21 88
21 90
21 89
39 87
8 51
8 50
8 49
51 66
50 25