0 16 1 29 24 54 52 43 72 50 58 47 37 77 66 90 11 42 60 59 61 65 78 49 57 63 62 55 87 81 48 45 74 38 44 89 46 40 39 82 2 9 76 33 80 51 56 3 6 71 67 79 75 41 53 64 88 85 73 68 83 20 86 5 30 69 70 84 13 4 26 31 18 21 17 14 28 12 7 8 93 15 23 32 25 10 92 22 34 36 97 99 91 96 94
0 16
0 54
0 52
0 43
0 50
0 58
0 47
0 37
0 66
0 42
0 60
0 59
0 61
0 65
0 49
0 57
0 63
0 62
0 55
0 48
0 45
0 38
0 44
0 46
0 40
0 39
0 51
0 56
0 67
0 41
0 53
0 64
16 33
16 23
1 29
1 24
1 72
1 77
1 90
1 78
1 87
1 81
1 74
1 89
1 82
1 76
1 37
1 80
1 71
1 79
1 75
1 88
1 85
1 73
1 68
1 83
1 86
1 69
1 70
1 84
24 11
24 36
11 4
38 2
2 9
2 93
2 92
2 97
2 99
2 91
2 96
33 20
33 8
3 6
3 15
6 7
6 94
20 26
5 30
5 13
5 17
5 28
5 22
13 32
4 18
4 21
4 34
26 31
21 14
21 7
28 12
28 36
15 10
32 25