45 48 79 85 50 82 87 11 39 62 88 67 3 21 80 0 99 55 53 46 25 27 47 94 49 58 42 93 23 37 26 14 69 71 75 81 7 18 38 28 65 83 34 66 44 40 60 97 36 6 72 74 98 91 54 52 56 31 22 24 59 73 17 70 5 64 9 1 15 32 68 41 84 61 95 12 90 13 30 57 16 4 20 2 89 76 33 86 43 10 78 77 8 29 63 51 35 96 92 19
45 48
45 41
48 55
48 7
48 35
79 85
79 95
85 87
85 88
85 26
85 44
85 0
85 3
85 71
85 77
50 82
50 55
50 63
82 97
82 80
87 89
87 10
87 91
11 39
11 12
39 38
62 88
62 58
62 15
62 68
62 13
88 21
88 94
88 81
67 3
3 80
21 8
0 99
0 47
0 37
0 6
0 14
0 33
0 9
99 92
53 46
53 19
25 27
27 65
47 22
47 59
47 64
49 58
42 93
93 69
23 37
37 36
14 69
14 17
69 83
69 65
69 4
69 34
71 75
71 76
75 2
81 54
81 5
7 18
7 56
38 72
28 65
34 66
34 30
44 74
40 60
40 31
40 43
72 74
74 73
74 70
74 16
98 91
91 96
54 52
54 84
52 51
22 24
24 20
59 32
17 29
9 1
9 43
84 61
61 57
12 90
12 19
33 86
78 77