18 82 4 93 21 11 70 20 12 15 69 14 77 34 99 73 65 5 58 33 1 89 17 2 16 52 19 51 22 57 31 8 13 6 76 90 45 9 7 0 41 3 28 72 59 79 48 42 78 10 98 75 30 44 27 66 56 36 87 67 46 23
18 82
18 4
4 93
4 21
4 7
4 56
4 67
21 11
21 70
21 20
11 15
11 14
11 34
70 69
20 12
12 31
12 76
15 2
69 90
69 9
14 77
14 99
14 5
14 78
14 66
14 46
77 73
77 57
99 65
99 8
73 6
65 13
5 58
5 1
5 16
5 19
5 51
5 22
5 41
5 30
58 33
1 89
1 17
1 52
1 42
1 10
17 0
51 23
13 44
90 45
0 3
0 28
0 72
3 59
3 48
3 75
28 79
72 98
44 27
56 36
36 87