3 35 23 95 17 77 21 90 11 59 0 27 7 48 8 49 12 63 6 44 24 97 22 91 9 54 36 10 55 99 2 33 14 69 93 16 75 52 76 1 29 96 88 18 80 62 78 53 20 85 50 4 37 51 19 84 68 47 57 94 73 60 82 32 98 13 65 64 92 71 5 40 28 34 83 86 15 30 39 45 81 46 25 38 74 67 72 26 31 61 56 42 89 41 58 87 66 43 79
3 35
3 36
3 34
35 88
23 95
23 96
23 94
95 84
17 77
17 76
17 78
77 52
77 45
77 25
21 90
21 88
21 89
11 59
11 60
11 58
0 27
0 25
0 26
7 48
7 47
7 46
48 80
8 49
8 50
8 51
49 94
12 63
12 62
12 61
63 80
6 44
6 45
44 71
24 97
24 99
24 98
22 91
22 93
22 92
9 54
9 52
9 53
10 55
10 57
10 56
55 30
55 82
99 80
2 33
2 32
2 31
14 69
14 68
14 67
16 75
16 73
16 74
52 88
76 57
76 43
1 29
1 28
1 30
88 73
88 98
88 92
88 64
88 31
18 80
18 81
18 79
62 86
20 85
20 86
20 87
4 37
4 39
4 38
37 32
19 84
19 82
19 83
60 82
13 65
13 64
13 66
71 15
5 40
5 42
5 41
28 67
15 72
61 42