90 51 32 78 16 68 23 15 36 88 77 42 41 1 58 70 22 63 14 46 19 74 59 61 44 35 72 17 38 9 7 21 28 10 54 4 97 82 13 92 86 81 50 39 45 33 56 60 3 47 43 98 91 69 87 53 26 20 48 94 75 11 40 66 31 67 83 2 64 89 57 30 37 62 80 8 55 29 85 12 5 73 34 25 95 79 71 24 96 6
90 51
90 46
90 16
90 69
90 28
51 60
51 94
32 78
32 14
32 12
16 68
16 5
68 61
68 2
23 15
23 38
23 72
15 39
36 88
88 13
88 98
77 42
77 70
42 97
42 55
41 1
41 82
58 70
22 63
22 17
22 86
63 54
63 11
14 11
46 87
19 74
74 44
74 97
74 4
59 61
61 89
61 81
44 29
35 72
35 17
72 53
17 4
17 37
38 75
38 98
9 7
9 10
9 47
9 24
21 28
21 91
21 64
10 54
10 31
82 50
13 92
92 80
86 56
86 3
81 50
39 87
45 33
45 94
47 43
47 34
98 26
87 62
53 67
53 85
20 48
20 83
75 66
75 83
11 57
40 66
31 25
67 30
83 95
2 79
2 71
30 8
5 73
5 96
25 6