75 58 36 48 22 40 81 74 54 1 66 6 24 7 33 34 65 55 20 73 3 50 95 17 80 10 62 47 76 69 56 94 18 14 87 8 44 51 91 2 9 42 84 26 21 64 78 59 43 82 90 35 92 31 68 57 53 88 71 77 13 30 4 28 25 98 37 0 86 41 99 46 32 27 93 52 12 38 60 5 63 15 89 85 16 72 97 49 29 39
75 58
75 36
36 48
36 81
36 54
48 22
22 40
81 74
54 1
54 76
54 56
54 60
1 66
1 24
1 34
1 10
66 6
66 55
66 50
6 7
6 33
6 20
6 73
6 69
24 65
24 62
7 3
7 44
7 68
33 80
33 57
33 46
34 71
34 77
65 17
65 94
65 2
55 87
55 0
20 99
73 64
73 82
73 15
3 18
3 37
3 52
50 95
50 78
95 9
95 88
95 32
17 28
80 89
80 97
10 16
62 47
62 27
47 8
76 93
76 49
69 51
69 53
69 4
56 14
94 42
87 84
51 91
51 26
91 31
2 90
2 5
84 86
26 21
26 30
21 59
21 43
21 92
64 12
43 35
82 25
82 98
68 13
88 41
98 63
27 38
27 72
93 85
5 29
29 39