92 67 61 30 99 9 57 93 34 53 29 48 12 56 0 38 11 74 89 25 88 80 8 85 39 15 14 77 10 23 83 50 32 79 66 81 76 97 84 37 73 33 4 64 54 27 41 51 19 47 96 46 72 82 45 7 2 62 69 87 60 28 6 65 44 40 35 26 20 94 90 78 5 1 36 70 43 86 75 31 52 16 17 21 22 59
92 67
92 38
92 4
92 2
67 69
61 30
61 57
61 8
99 9
99 79
99 7
99 35
99 70
57 93
57 39
93 11
34 53
53 29
53 48
53 27
53 41
53 82
29 38
12 56
12 0
12 15
12 88
12 81
56 54
56 44
0 85
38 1
11 72
11 27
74 89
74 7
89 32
89 19
25 88
25 51
88 2
80 8
8 43
8 75
15 28
15 47
14 77
14 6
77 64
10 23
10 84
10 60
10 19
10 21
23 45
83 50
83 96
50 76
32 37
32 87
32 94
66 81
66 64
66 40
76 97
73 33
73 41
73 36
33 90
33 59
54 46
54 26
54 31
54 52
27 86
41 62
19 96
47 96
47 22
28 5
6 65
26 16
20 94
78 5
78 17