82 61 34 35 54 2 39 88 41 44 80 21 91 31 12 79 1 60 38 26 70 52 32 65 0 20 58 69 37 68 5 43 17 23 76 84 36 49 15 59 51 48 42 19 11 75 90 47 67 18 55 64 78 13 53 66 6 10 50 8 45 7 71 85 62 27 73 24 25 87 81 86 30 4 72 9 46 40 22 89 92 77 57 3 56 14 28 74 29 16 63 33 83
82 61
82 41
82 8
82 79
82 67
82 46
61 31
61 15
34 35
34 12
34 84
35 81
35 68
35 87
54 2
54 49
2 27
2 45
39 88
39 26
39 71
88 51
88 24
41 89
41 53
44 80
44 23
44 42
21 91
21 0
31 37
31 49
12 33
79 1
79 59
1 62
1 20
60 38
60 22
70 52
70 30
70 9
70 76
70 28
52 3
32 65
65 74
65 62
0 20
58 69
58 15
69 86
69 29
68 5
68 48
68 55
43 17
43 36
43 50
17 45
17 10
76 84
84 18
49 42
49 78
15 73
15 4
51 50
19 11
19 86
75 90
75 10
47 67
67 92
18 56
55 64
78 13
13 85
53 66
6 10
10 40
8 81
7 71
27 72
27 22
25 87
40 77
40 63
77 57
56 14
29 16
33 83