70 71 72 73 74 68 67 66 76 77 78 65 69 63 62 61 75 79 81 82 83 60 64 58 57 56 80 84 86 87 88 55 59 53 52 51 85 89 91 92 93 50 54 48 47 46 90 94 96 97 98 45 49 43 42 41 95 99 1 2 3 40 44 38 37 36 0 4 6 7 8 35 39 33 32 31 5 9 11 12 13 30 34 28 27 26 10 14 16 17 18 25 29 23
70 71
71 72
71 74
71 68
72 73
73 76
68 67
68 65
68 69
67 66
66 63
76 77
76 75
76 79
77 78
78 81
63 62
63 60
63 64
62 61
61 58
81 82
81 80
81 84
82 83
83 86
58 57
58 55
58 59
57 56
56 53
86 87
86 85
86 89
87 88
88 91
53 52
53 50
53 54
52 51
51 48
91 92
91 90
91 94
92 93
93 96
48 47
48 45
48 49
47 46
46 43
96 97
96 95
96 99
97 98
98 1
43 42
43 40
43 44
42 41
41 38
1 2
1 0
1 4
2 3
3 6
38 37
38 35
38 39
37 36
36 33
6 7
6 5
6 9
7 8
8 11
33 32
33 30
33 34
32 31
31 28
11 12
11 10
11 14
12 13
13 16
28 27
28 25
28 29
27 26
26 23
16 17
17 18