46 47 11 19 34 26 45 39 56 62 36 10 25 16 24 38 21 60 48 37 63 0 8 29 50 28 51 9 53 6 42 30 32 40 52 22 41 13 5 4 7 65 2 20 49 57 58 18 54 44 31 15 35 61 14 55 27 23 17 3 64 12 43 33
46 47
46 34
46 53
46 4
46 63
47 38
47 14
11 19
11 50
11 28
11 39
11 51
11 64
19 23
26 45
26 36
26 37
45 62
45 6
45 38
39 56
39 52
39 65
39 12
62 42
10 25
10 38
25 0
16 24
16 18
24 63
24 35
24 27
38 43
21 60
60 30
48 37
63 13
0 8
8 29
8 30
29 5
50 7
50 20
28 9
9 2
9 22
53 3
6 17
42 31
30 65
32 40
32 33
40 52
22 41
4 61
20 57
49 57
58 18
54 44
44 27
31 15
14 55