64 23 11 79 37 7 27 6 60 74 78 8 89 67 24 73 3 96 39 12 95 86 70 99 38 45 41 83 87 47 91 57 55 53 17 1 65 93 16 71 2 98 22 76 82 51 32 36 9 88 0 77 52 25 94 5 49 4 44 61 58 66 84 75 31 97 28 54 19 48 62 21 10 72 34
64 23
23 11
11 79
11 37
11 7
11 27
79 49
79 4
79 75
37 61
7 66
27 6
27 60
27 36
6 8
6 32
60 74
60 89
60 67
60 51
74 78
74 96
74 87
74 2
8 44
89 39
67 24
67 73
67 3
67 95
67 16
24 12
73 94
3 70
3 99
3 38
3 41
3 19
96 71
39 88
12 86
95 5
86 83
86 65
70 97
99 47
99 91
38 45
38 53
38 28
45 17
45 0
41 1
83 57
91 55
91 98
57 9
57 25
57 34
17 31
65 93
65 82
93 22
93 76
71 77
51 54
32 62
36 52
9 72
77 10
61 58
66 84
84 48
62 21