21 44 32 40 56 49 90 17 34 96 0 13 42 94 46 81 35 78 74 85 12 99 88 70 87 77 67 66 68 98 73 93 75 72 50 91 82 95 80 65 62 71 97 76 89 86 79 53 69 83 84 92 9 6 37 64 23 29 38 27 30 14 3 16 19 36 43 10 28 31 1 2 33 5 18 15 20 26 51 25 22 4 24 59 47 61 7 41 48 8 58 45
21 44
44 32
44 17
32 40
32 56
32 49
32 90
40 96
49 34
90 0
0 13
0 42
0 94
0 46
0 81
0 35
0 78
0 74
0 85
0 99
0 88
0 70
0 87
0 77
0 67
0 66
0 68
0 98
0 73
0 93
0 75
0 72
0 91
0 82
0 95
0 80
0 65
0 71
0 97
0 76
0 89
0 86
0 79
0 69
0 83
0 84
0 92
13 12
42 50
42 62
94 37
81 23
35 53
78 20
74 16
85 27
12 64
99 43
88 30
87 29
77 19
67 3
66 2
68 5
73 14
93 36
50 9
50 6
91 33
82 24
95 38
80 22
65 1
71 10
97 41
76 18
89 31
86 28
83 25
84 26
9 4
6 61
37 15
29 51
38 47
30 7
16 48
16 58
43 59
10 8
31 45