36 95 14 68 13 39 4 6 50 7 77 76 91 31 94 22 65 93 79 90 26 72 84 92 43 48 51 27 54 82 89 96 47 19 59 66 73 86 42 10 20 63 15 34 80 57 46 40 35 18 52 1 62 97 41 85 71 83 99 3 64 55 23 25 2 11 74 87 75 98 61 56 21 58 38 29 5 9 69 49 88 70 37 16 81 30 33 0 17 8 12 44 53 67 32 60
36 95
36 50
36 63
36 30
36 11
95 20
14 68
14 31
14 71
68 1
13 39
13 76
39 70
4 6
4 72
6 26
6 16
50 58
7 77
7 47
7 35
77 9
76 91
76 46
91 72
91 54
31 94
31 44
22 65
22 93
22 26
22 90
22 20
22 3
22 55
22 2
22 9
22 42
93 43
93 41
93 37
79 90
84 92
92 55
43 73
48 51
48 19
27 54
27 61
54 82
54 86
89 96
96 42
96 40
47 83
47 75
47 33
19 59
19 64
19 15
66 73
86 25
10 20
20 15
20 23
20 80
63 57
15 62
34 80
34 99
57 88
46 71
46 29
18 52
18 49
52 21
52 37
1 87
1 53
62 97
62 56
41 85
71 67
3 60
11 74
75 98
61 69
61 0
21 5
58 38
88 8
16 81
0 17
12 44
32 60