21 47 66 78 14 17 15 11 64 1 91 67 74 43 72 68 28 22 16 56 57 63 77 90 60 73 48 45 54 53 3 49 36 35 61 76 71 18 83 29 12 80 0 25 24 85 2 19 79 84 86 52 82 75 34 69 31 81 6 51 92 8 55 5 40 46 50 39 87 10
21 47
21 39
47 66
47 78
47 35
47 19
66 56
66 57
66 76
78 14
78 74
78 43
78 16
14 17
14 11
14 73
17 15
17 63
17 36
11 64
11 91
11 90
11 60
64 1
64 72
64 22
1 67
1 28
1 87
91 18
67 68
67 81
74 24
43 80
43 25
22 8
16 49
57 71
63 77
63 3
77 54
77 53
73 48
73 45
48 61
48 83
45 92
45 50
54 6
53 69
53 51
3 31
61 12
18 40
83 29
80 0
80 75
0 79
0 84
25 52
24 85
85 2
2 55
79 86
86 82
75 34
8 5
8 46
46 10