21 66 88 75 52 77 39 15 36 96 37 48 76 70 91 71 87 20 99 53 17 7 69 32 51 93 50 62 33 2 4 16 85 11 46 63 28 14 6 42 86 44 23 22 41 78 95 34 10 61 84 65 60 90 12 98 43 0 40 94 64 47 30 13 38 83 74 73 58 27 49 29 79 56 45 24 54 82 31 80 97 68 9
21 66
66 88
88 75
75 52
75 77
52 36
52 54
77 39
39 15
36 96
36 48
96 37
96 76
96 94
37 24
48 93
76 70
76 91
76 0
76 29
76 31
70 2
70 16
70 64
91 71
91 69
91 42
71 87
71 20
71 22
71 78
71 65
87 53
87 62
87 33
87 46
87 95
20 99
99 17
53 50
53 47
17 7
17 73
69 32
69 51
69 40
32 44
32 23
32 12
51 74
50 45
33 90
2 4
4 63
16 85
16 11
16 28
16 34
28 14
28 6
42 86
42 61
86 41
86 10
86 98
23 97
22 9
41 27
34 58
10 79
61 84
61 60
65 49
90 30
90 13
90 38
12 83
12 80
98 43
0 56
49 68
54 82