4 5 12 14 1 2 3 0 11 10 9 8 6 15 16 7 35 38 53 54 44 49 67 70 64 65 57 58 28 29 40 41 24 25 19 20 60 61 37 59 32 47 46 22 34 48 56 62 23 33 27 55 51 50 36 17 68 45 52 71 66 26 21 69 18 63 39 43 42 31 30
4 5
4 29
4 31
4 30
5 6
5 35
5 37
5 32
5 34
5 33
5 36
12 14
12 0
1 2
1 0
1 16
2 3
2 19
2 17
2 21
2 18
3 24
3 22
3 23
3 27
3 26
0 11
11 10
11 70
11 68
11 71
11 69
10 9
10 66
10 65
10 63
9 8
9 60
9 61
9 57
9 59
9 56
9 62
8 7
8 55
8 51
8 54
8 52
6 7
6 41
6 39
6 43
6 42
15 16
7 44
7 47
7 46
7 48
7 50
7 45
35 38
53 54
44 49
67 70
64 65
57 58
28 29
40 41
24 25
19 20