59 13 57 23 17 60 9 16 8 15 21 2 22 31 4 11 26 27 7 18 20 67 38 25 19 79 6 3 73 1 30 63 0 49 50 68 58 32 80 77 75 46 24 12 14 28 29 83 37 70 69 55 66 64 34 33 51 52 84 41 93 78 95 42 47 40 85 10
59 13
59 57
13 23
13 17
13 60
13 9
13 16
13 8
13 15
13 21
13 2
13 22
13 31
13 4
13 11
13 26
13 27
13 7
13 18
13 20
13 25
13 19
13 6
13 3
13 1
13 30
13 0
13 32
13 24
13 14
13 28
13 29
23 79
23 80
17 67
17 68
17 10
60 58
9 51
9 52
16 66
8 49
8 50
15 63
15 64
21 75
2 38
2 37
22 78
31 95
4 41
4 42
11 55
26 85
7 47
18 70
18 69
20 73
38 40
25 83
25 84
79 77
6 46
30 93
0 34
0 33
58 12