9 52 7 48 0 26 18 79 2 32 12 62 5 40 21 90 23 96 24 97 4 38 20 86 1 29 10 55 6 44 31 39 14 68 81 41 47 54 15 70 8 50 27 28 3 36 22 91 88 13 65 64 16 74 66 67 94 93 71 87 73 37 43 98 11 60 42 34 53 19 82 95 99 25 69 75 61 85 17 77 80 57 35 49 92 83 84 63 33 78 46 89 45 72 56 76 58 30 51 59
9 52
9 54
9 53
52 32
52 75
7 48
7 47
7 46
0 26
0 27
0 25
26 28
18 79
18 81
18 80
2 32
2 31
2 33
32 56
12 62
12 61
12 63
5 40
5 41
5 42
21 90
21 88
21 89
90 80
23 96
23 94
23 95
24 97
24 98
24 99
97 63
4 38
4 39
4 37
20 86
20 87
20 85
1 29
1 28
1 30
29 36
29 59
10 55
10 57
55 82
55 66
6 44
6 43
6 45
44 37
39 85
39 94
14 68
14 67
14 69
47 36
15 70
15 71
15 72
70 75
8 50
8 49
8 51
50 28
27 95
3 36
3 34
3 35
36 73
22 91
22 93
22 92
88 46
13 65
13 64
13 66
16 74
16 73
16 75
93 43
71 57
98 83
11 60
11 58
60 82
42 25
19 82
19 84
19 83
82 76
69 33
17 77
17 78
17 76