1 2 0 3 56 93 4 89 84 5 12 13 20 6 10 11 31 60 7 8 9 14 32 54 45 65 67 76 48 69 72 15 16 17 21 28 23 22 24 34 78 85 25 26 27 29 30 68 96 33 35 99 36 37 38 39 40 41 42 43 44 57 49 50 51 90 55 61 62 80 73 77 81 82 83 86
1 72
1 99
1 2
1 0
2 3
3 4
56 45
56 93
4 90
4 57
4 20
4 5
89 84
84 83
5 6
12 11
12 13
13 14
20 21
6 7
10 9
10 11
31 32
31 30
31 48
31 60
60 61
7 8
8 9
9 85
14 15
32 33
32 54
54 55
45 44
45 65
67 76
76 77
76 29
48 49
69 72
72 73
15 16
16 17
21 22
28 29
28 23
23 96
23 24
23 22
24 25
34 80
34 35
34 33
34 78
85 86
25 26
26 27
29 30
68 96
35 36
36 37
37 38
38 39
39 40
40 41
41 42
42 43
43 44
49 50
50 51
61 62
80 81
81 82
82 83