0 20 61 97 37 68 86 84 66 81 72 88 70 96 73 59 77 80 91 62 85 82 92 95 93 60 75 71 67 69 78 87 65 76 90 63 89 57 11 79 83 74 94 98 64 99 10 40 30 58 50 41 3 19 15 4 24 34 52 35 32 14 47 29 56 51 39 9 55 54 1 31 8 5 7 18 22 44 33 2 6 36 25 17 46 16 26 23 43 45 12 48 38 49
0 20
0 61
0 97
0 37
0 68
0 86
0 84
0 66
0 81
0 72
0 88
0 70
0 96
0 73
0 59
0 77
0 80
0 91
0 62
0 85
0 82
0 92
0 95
0 93
0 60
0 75
0 71
0 67
0 69
0 78
0 87
0 65
0 76
0 90
0 63
0 89
0 79
0 83
0 74
0 94
0 98
0 64
0 99
20 10
20 25
37 5
57 11
57 10
11 41
11 34
11 47
11 29
10 40
10 50
10 52
40 18
40 22
30 58
30 15
30 2
30 36
58 48
50 9
3 19
19 33
15 4
15 55
4 24
24 25
34 6
34 23
52 35
52 39
32 14
32 8
14 51
14 18
47 16
29 56
9 7
9 26
55 54
54 17
1 31
1 43
1 45
31 6
31 49
8 44
5 46
44 33
36 38
45 12