37 91 69 92 5 52 38 97 46 34 55 64 57 36 96 44 58 72 4 42 70 65 95 39 83 27 49 35 47 80 50 6 63 90 89 67 71 99 13 41 82 98 1 29 48 9 76 18 53 81 7 31 68 26 8 66 10 87 15
37 91
37 55
37 49
37 9
37 26
91 34
91 96
91 72
69 92
69 97
69 46
69 44
69 47
69 29
69 15
69 81
92 95
5 52
5 64
52 38
52 57
52 27
52 67
52 99
38 80
38 68
38 8
97 82
46 98
46 53
46 7
34 65
34 47
64 58
64 83
64 50
57 36
57 4
57 35
57 41
36 10
58 48
58 76
42 70
42 81
95 39
95 27
95 31
49 71
49 66
35 18
6 63
6 41
90 89
89 29
71 1
99 13
82 87