5 36 17 56 2 27 25 21 89 13 86 24 92 9 52 85 77 12 73 54 96 26 22 66 99 23 3 33 6 39 68 80 41 53 84 35 98 8 15 90 93 95 16 88 37 64 79 45 43 4 62 29 40 46 48 28 19 51 31 1 50 83 38 32 47 65 11 55 58 61 0 81 74 75 34 18 94 70 60 82 7 91 97 42 44
5 36
5 26
17 56
56 81
2 27
2 21
2 0
27 25
27 3
25 70
25 60
21 89
21 24
21 16
21 4
89 99
13 86
13 95
24 35
92 9
92 12
92 62
9 81
9 45
52 85
52 46
77 12
77 93
77 26
77 29
12 33
12 37
73 54
73 95
73 88
54 43
54 29
54 64
54 91
96 26
26 35
26 75
22 66
22 1
22 33
99 15
99 11
23 3
23 38
23 74
23 42
3 65
3 8
33 6
6 50
39 68
39 45
39 58
68 34
80 41
80 35
53 84
53 46
53 31
98 8
15 90
16 48
64 79
64 18
43 94
43 31
29 40
29 7
40 47
48 28
19 51
19 38
1 44
50 83
32 47
11 61
11 82
55 58
91 97