0 14 1 32 60 16 10 40 42 69 23 86 8 45 50 56 58 2 24 54 61 66 62 82 88 84 38 78 57 43 59 55 67 87 64 79 41 76 85 47 44 39 65 89 74 48 49 91 46 73 75 52 71 77 72 70 63 80 53 81 4 83 51 26 13 90 92 68 19 30 25 31 36 29 28 12 22 34 11 33 7 6 37 3 15 98 9 18 93 17 95 27 5 96 94 35 99 20 97
0 14
0 60
0 40
0 42
0 8
0 45
0 50
0 56
0 58
0 54
0 61
0 66
0 62
0 38
0 57
0 43
0 59
0 55
0 67
0 64
0 41
0 47
0 44
0 39
0 65
0 48
0 49
0 46
0 52
0 63
0 53
0 51
14 4
14 22
14 27
1 32
1 69
1 23
1 86
1 82
1 88
1 84
1 78
1 87
1 79
1 76
1 85
1 89
1 74
1 91
1 73
1 75
1 71
1 77
1 38
1 72
1 70
1 80
1 81
1 83
1 90
1 92
1 68
32 2
16 10
16 3
8 37
2 24
2 98
2 93
2 95
2 96
2 99
2 97
24 5
57 26
4 15
4 94
26 13
26 25
26 6
13 34
13 20
19 30
30 29
31 36
31 3
36 29
36 33
29 37
28 12
28 7
12 9
11 33
7 37
3 18
9 17
17 35