20 86 11 58 8 51 5 42 14 67 9 54 41 6 44 4 38 12 62 40 45 7 48 0 25 27 47 17 77 22 93 39 10 57 2 31 85 52 15 70 18 81 3 34 35 13 64 69 65 91 19 83 46 37 50 49 24 97 92 33 32 78 61 99 36 87 66 53 21 88 43 16 74 79 26 30 76 1 29 98 84 89 59 82 23 95 90 80 60 75 72 56 94 73 63 68 28 71 55 96
20 86
20 85
20 87
20 4
11 58
11 59
11 60
58 95
58 66
8 51
8 50
8 49
5 42
5 41
5 40
14 67
14 69
14 68
67 65
9 54
9 53
9 52
54 44
6 44
6 45
6 43
44 59
4 38
4 39
4 37
38 52
38 98
12 62
12 61
12 63
40 47
7 48
7 47
7 46
0 25
0 27
0 26
25 35
47 30
47 57
17 77
17 78
17 76
77 88
77 70
22 93
22 91
22 92
93 29
10 57
10 56
10 55
57 59
2 31
2 33
2 32
31 78
31 50
15 70
15 72
15 71
18 81
18 79
18 80
81 60
3 34
3 35
3 36
34 61
13 64
13 65
13 66
65 83
19 83
19 84
19 82
46 78
24 97
24 99
24 98
99 26
53 75
21 88
21 89
21 90
16 74
16 75
16 73
1 29
1 28
29 73
23 95
23 94
23 96