18 87 66 42 20 52 68 90 95 22 91 78 83 19 1 29 39 41 99 59 54 48 50 47 96 62 56 38 8 88 34 51 72 25 58 23 35 82 26 13 74 76 2 49 36 27 44 61 28 37 33 70 40 7 86 75 4 69 80 10 14 3 45 92 57 16 94 32 17 77 24 97 64 55 98 84 89 6 85 11 9 73 60 81 65 12 63 0 30 43 93 53 31 79 71
18 87
18 1
18 48
18 35
18 77
18 61
87 78
87 93
66 42
42 39
42 36
42 71
20 52
20 61
68 90
68 29
68 28
68 14
95 22
95 36
91 78
91 56
78 94
78 70
83 19
83 59
1 25
1 58
29 39
29 30
39 74
41 99
41 13
41 4
41 32
99 12
59 54
59 57
59 63
48 96
48 23
50 47
47 86
47 17
96 62
56 38
56 74
56 79
8 88
8 72
8 31
88 11
34 51
34 27
34 33
34 75
34 58
34 65
72 70
25 92
23 85
35 69
82 26
82 80
82 17
26 37
26 7
74 49
74 6
74 45
76 2
2 40
27 32
44 61
44 0
61 63
37 73
70 40
7 16
86 53
10 14
10 98
3 45
94 60
17 77
77 84
24 97
97 55
64 55
55 73
84 89
85 43
9 73
60 81