24 6 31 92 4 72 60 40 42 56 84 7 74 39 15 99 62 70 87 78 45 16 8 77 64 11 30 98 17 13 55 20 85 1 28 93 18 51 80 65 75 50 68 90 23 48 61 67 91 46 88 26 25 83 52 44 49 35 41 12 95 59 81 22 96 3 0 38 71 34 97 21 63 32 89 10 53 86 29 19 27 69 82 79 43 94 5 58 76
24 6
24 60
24 85
24 17
24 76
6 55
6 26
31 92
31 74
31 85
31 12
31 86
92 65
92 75
92 68
4 72
4 7
72 20
60 40
60 84
40 97
42 56
42 39
42 62
42 53
42 64
84 11
7 45
15 99
15 80
15 52
15 22
62 70
62 87
62 5
70 46
87 68
78 45
78 13
45 52
16 8
16 89
8 83
8 10
77 64
77 94
64 18
64 50
64 0
30 98
98 18
17 13
17 81
13 25
13 44
20 1
20 49
20 91
85 69
28 93
28 51
28 41
93 75
51 71
65 83
75 59
90 23
90 46
48 61
48 22
67 91
46 88
46 96
88 35
88 58
25 19
52 43
41 95
12 63
12 27
96 3
96 82
0 38
0 34
71 79
97 21
21 32
86 29