2 10 72 68 39 46 30 74 8 41 97 90 73 4 86 67 38 44 20 70 45 81 23 75 48 83 69 16 62 47 40 25 66 94 21 28 76 37 65 36 77 0 26 60 51 18 71 78 95 64 17 49 3 55 32 19 34 1 85 29 13 87 5 58 59 53 82 50 33 61 84 54 24 6 56 15 98 27 80 35 92 42 14 99 57
2 10
2 72
2 73
2 67
2 40
2 65
2 77
10 75
10 21
10 37
72 68
72 41
72 4
72 86
72 51
68 39
68 46
68 30
68 1
39 55
46 8
46 48
30 74
30 18
30 13
30 54
74 97
74 90
74 34
8 82
41 20
41 81
41 71
97 62
97 80
90 6
73 57
4 23
4 16
4 60
4 56
86 44
67 38
67 69
67 25
20 70
20 45
70 3
23 94
48 83
83 26
83 19
69 47
69 53
16 33
16 15
16 92
62 85
62 24
47 17
25 66
94 95
94 98
21 28
21 76
21 49
21 61
28 0
76 78
65 36
65 58
65 59
26 64
60 50
60 14
18 87
18 99
71 29
78 84
55 32
1 5
33 42
24 27
27 35