30 84 14 22 8 25 47 23 15 11 13 21 7 1 6 9 72 34 2 93 12 43 26 5 86 42 36 48 64 27 41 66 44 53 57 87 92 49 59 70 38 33 10 31 98 39 32 20 0 46 80 65 17 16 28 29 18 88 45 95 75 82 81 67 97 35 52 90 85 71 96 3 76 55 37 61 78 74 40 58 4 79 91 89 69 56 19 68 24 54 83 73 99 94 62 51 60 77
30 84
30 70
30 73
84 1
14 22
14 6
14 44
14 47
14 94
22 96
8 25
8 93
8 36
8 13
8 75
8 82
8 33
8 60
25 5
47 23
47 21
23 9
23 40
15 11
15 87
15 13
15 20
15 55
11 92
11 32
11 80
13 21
21 66
21 56
21 34
7 1
7 2
7 10
7 76
7 37
7 79
7 54
1 5
1 49
1 65
6 26
6 64
6 42
6 17
6 28
6 88
6 3
6 74
9 59
9 68
9 24
72 34
2 39
2 35
2 85
2 91
2 97
12 43
12 59
12 69
5 48
5 18
5 4
5 62
86 42
42 95
27 41
27 31
41 95
41 52
66 71
66 51
53 57
57 81
57 90
38 33
10 29
10 89
31 98
0 46
0 18
0 19
46 61
16 28
16 83
28 90
29 45
67 97
3 99
61 78
40 58
54 77