65 32 15 31 63 66 64 7 3 16 8 18 34 70 38 33 67 1 4 9 10 20 41 21 42 83 0 2 84 44 90 37 6 14 19 43 85 22 46 87 40 89 81 86 5 45 17 12 69 36 74 75 77 35 72 13 76 73 27 25 51 56 93 78 92 94 29 30 61 26 88 91 39 11 24 52 82 59 80 53 54 68 55 28 58 79 62 60 71 23 48 49 99 50 97 57 47
65 32
32 15
32 66
15 31
15 7
31 63
31 64
7 3
7 16
3 8
3 1
16 34
16 33
8 18
8 17
18 38
18 37
34 70
34 69
38 77
38 78
33 67
33 68
1 4
1 0
4 9
4 10
9 20
9 19
10 21
10 22
20 41
20 42
41 83
41 84
21 44
21 43
42 85
42 86
0 2
2 6
2 5
44 90
44 89
37 75
37 76
6 14
6 13
14 29
14 30
19 40
19 39
43 87
43 88
22 46
22 45
46 93
46 94
40 81
40 82
5 12
5 11
45 92
45 91
17 36
17 35
12 25
12 26
36 74
36 73
35 72
35 71
13 27
13 28
27 56
27 55
25 51
25 52
29 59
29 60
30 61
30 62
26 53
26 54
39 80
39 79
11 24
11 23
24 49
24 50
28 58
28 57
23 48
23 47
48 97
49 99