19 84 13 66 23 94 10 55 9 54 57 0 26 18 79 21 88 3 34 14 68 11 60 89 17 76 64 78 7 48 35 83 82 69 15 71 4 39 81 36 22 91 46 53 25 20 87 1 28 47 5 41 8 50 38 72 90 49 16 74 93 27 12 61 67 24 99 70 51 42 59 80 2 32 6 44 33 86 30 98 40 65 92 85 73 43 31 75 45 97 29 56 96 95 52 37 58 77 62 63
19 84
19 83
19 82
13 66
13 64
13 65
23 94
23 96
23 95
94 30
94 80
10 55
10 57
10 56
55 89
9 54
9 53
9 52
54 98
0 26
0 25
0 27
18 79
18 81
18 80
21 88
21 89
21 90
3 34
3 35
3 36
34 27
34 43
14 68
14 69
14 67
68 87
68 89
68 35
11 60
11 59
11 58
89 62
89 48
17 76
17 78
17 77
76 46
7 48
7 46
7 47
35 40
83 87
83 95
83 58
15 71
15 72
15 70
4 39
4 38
4 37
22 91
22 93
22 92
91 65
91 52
20 87
20 86
20 85
87 70
87 75
1 28
1 30
1 29
28 31
5 41
5 42
5 40
8 50
8 49
8 51
38 45
16 74
16 73
16 75
12 61
12 63
12 62
67 99
24 99
24 98
24 97
51 98
2 32
2 33
2 31
6 44
6 43
6 45