17 76 16 75 74 22 93 13 65 78 10 56 77 18 80 14 69 5 41 8 50 15 71 6 43 55 2 33 66 51 44 81 45 19 84 40 3 35 67 42 57 4 39 23 95 21 88 49 7 46 0 26 12 63 97 91 73 83 34 62 64 9 52 94 11 59 27 53 1 28 89 29 90 96 58 87 54 24 98 92 72 36 20 37 48 79 68 82 32 86 25 38 60 70 99 30 31 61 47 85
17 76
17 78
17 77
16 75
16 74
75 39
75 56
74 60
22 93
22 91
22 92
93 40
93 88
13 65
13 66
13 64
65 80
10 56
10 55
10 57
77 26
18 80
18 81
18 79
80 41
14 69
14 67
14 68
69 71
5 41
5 40
5 42
8 50
8 51
8 49
15 71
15 72
15 70
71 46
6 43
6 44
6 45
43 81
2 33
2 32
33 35
51 82
19 84
19 83
19 82
84 54
3 35
3 34
3 36
35 97
35 53
35 83
35 94
4 39
4 37
4 38
39 83
23 95
23 94
23 96
21 88
21 89
21 90
7 46
7 48
7 47
0 26
0 27
0 25
12 63
12 62
12 61
63 64
97 24
97 31
73 83
73 68
73 27
9 52
9 54
11 59
11 58
11 60
1 28
1 29
1 30
29 79
58 87
87 20
87 79
24 98
24 99
20 86
20 85