86 81 71 97 60 59 82 92 85 27 26 95 94 96 23 49 32 17 69 93 63 18 9 83 51 87 90 91 75 44 56 43 77 24 48 53 67 66 78 73 57 4 36 35 50 72 22 20 21 62 99 89 84 40 41 5 33 42 79 19 39 98 68 31 70 38 16 88 13 14 61 58 6 7 0 1 46 15 12 45 74 76 55 34 37 80 47 25 54 2 11 10 65 8 3 52
86 81
86 85
81 24
71 97
97 73
97 58
60 59
60 50
60 95
82 92
82 78
92 95
92 45
85 87
27 26
27 96
27 56
95 94
95 66
95 25
94 32
94 53
94 57
94 93
94 44
96 18
96 42
23 49
23 24
49 48
32 33
17 69
17 9
17 18
69 70
93 63
93 83
93 62
93 98
93 68
93 12
63 43
51 87
51 52
87 84
87 88
87 5
87 99
90 91
90 38
90 99
90 6
90 54
91 39
91 55
75 44
75 76
43 77
24 80
48 47
53 58
67 66
78 65
73 74
73 72
57 4
4 5
36 35
36 39
36 37
35 34
72 22
72 20
20 21
62 46
99 89
99 42
99 79
89 31
84 11
40 41
40 61
40 39
79 19
79 16
13 14
13 12
14 15
6 7
7 8
0 1
0 55
2 11
2 3
11 10