17 18 97 98 32 33 63 64 5 6 50 51 61 62 16 7 13 14 31 45 46 41 42 67 68 88 89 53 54 56 57 99 52 85 86 90 91 92 36 38 82 83 93 37 71 72 84 29 30 95 26 27 9 11 12 24 25 23 43 44 60 58 10 87 75 77 73 74 96 34 35 40 48 49 78 1 2 47 80 55 79 65 66 8 28 94 39 69 70 0 81 76 3 20 21 59 22 15 19
17 18
17 16
17 15
18 20
18 19
97 98
98 99
98 96
32 33
32 31
32 30
33 35
63 64
63 62
63 65
5 6
5 3
6 7
6 8
50 51
50 48
51 53
61 62
62 60
13 14
13 12
14 15
45 46
45 47
45 44
41 42
41 40
41 39
42 44
67 68
68 66
68 69
88 89
89 90
89 87
53 54
53 52
54 56
56 57
56 55
57 58
57 59
85 86
86 87
86 84
90 91
91 92
92 93
36 38
36 35
38 37
38 39
82 83
83 84
83 81
93 95
71 72
71 69
72 73
29 30
29 28
95 94
95 96
26 27
26 24
27 28
9 11
9 10
9 8
11 12
24 25
24 23
23 22
43 44
60 59
75 77
75 74
77 78
77 76
73 74
34 35
48 49
48 47
78 80
78 79
1 2
2 0
2 3
80 81
65 66
69 70
20 21
21 22