1 2 3 0 21 43 42 5 22 9 6 79 34 67 27 4 68 10 41 29 45 74 47 38 49 77 51 92 54 63 70 80 78 35 94 83 39 75 76 28 30 85 82 48 72 12 25 31 71 26 98 89 40 59 95 62 46 61 66 32 36 37 53 57 73 50 33 84 87 18 23 16 15 91 58 69 86 96 88 44 81 99 65 52 20 17 24 64 90 97 19 93 56 55 60 13 8
1 2
1 49
1 51
1 54
1 63
1 59
1 62
1 61
1 53
1 57
1 50
1 58
1 65
1 52
1 64
1 56
1 55
1 60
2 3
2 9
2 79
2 67
2 68
2 74
2 77
2 70
2 80
2 78
2 83
2 75
2 76
2 82
2 72
2 71
2 66
2 73
2 84
2 27
2 69
2 81
3 6
3 92
3 94
3 85
3 48
3 98
3 89
3 95
3 87
3 91
3 86
3 96
3 88
3 99
3 90
3 97
3 93
0 21
0 43
0 42
0 34
0 27
0 4
0 41
0 29
0 45
0 47
0 38
0 35
0 39
0 28
0 30
0 31
0 26
0 40
0 46
0 32
0 36
0 37
0 33
0 44
21 23
5 22
22 18
22 25
4 10
12 25
12 15
25 20
25 24
18 23
16 15
16 8
15 19
20 17
24 13