4 38 37 39 49 8 50 96 61 12 51 73 62 27 63 42 99 0 77 26 25 82 45 68 65 24 98 97 14 69 87 17 19 31 5 2 41 43 6 28 58 35 34 29 78 64 1 75 13 20 84 47 67 60 44 48 30 76 83 7 46 95 55 3 32 16 33 66 85 86 10 56 11 59 88 53 74 21 54 90 36 23 40 57 52 81 79 9 91 70 72 15 18 89 71
4 38
4 37
4 39
38 73
37 49
37 61
37 51
49 8
49 96
8 50
96 23
96 71
61 12
61 27
61 42
61 65
12 62
12 63
73 57
62 99
62 45
62 68
27 0
27 77
27 82
63 43
42 5
99 24
99 34
99 48
0 26
0 25
77 17
77 29
77 64
26 75
25 30
25 55
82 19
45 87
45 31
45 6
68 14
68 58
68 35
65 13
24 98
24 97
98 86
14 69
14 67
69 41
87 28
87 20
17 78
17 76
19 84
19 83
31 2
31 60
5 40
2 32
2 33
43 47
43 53
6 44
58 11
35 3
29 1
78 95
78 74
75 16
75 54
13 66
20 85
47 7
67 52
60 81
60 70
7 46
55 10
55 79
3 36
32 91
32 72
10 56
11 59
59 88
88 21
21 90
21 89
54 9
79 18
70 15