50 77 56 10 55 57 92 17 76 82 78 42 72 27 28 22 52 9 19 0 8 25 1 62 53 5 86 54 83 40 41 58 12 34 45 91 84 32 61 51 11 30 20 93 6 29 66 49 26 44 3 36 85 87 59 60 94 99 35 88 21 33 63 39 2 70 38 37 15 13 65 43 89 46 90 67 14 69 23 31 71 96 4 24 64 7 47 75 74 73 68 97
50 77
50 8
77 56
77 92
77 17
77 28
56 10
56 72
56 27
10 55
10 57
55 66
92 22
92 45
17 76
17 78
76 82
76 42
76 52
82 19
78 62
78 32
42 5
42 34
72 15
27 0
28 1
22 91
22 93
52 9
52 86
52 58
9 53
9 54
19 83
19 84
0 25
0 26
8 51
8 49
25 89
1 30
1 29
62 12
62 70
5 40
5 41
86 20
86 94
40 39
41 99
58 11
12 61
12 63
34 3
34 88
34 33
45 6
91 65
84 37
32 2
61 69
11 59
11 60
30 68
20 85
20 87
6 44
6 43
66 13
66 46
26 73
44 74
3 36
3 35
36 38
36 67
94 23
99 24
88 21
63 31
63 71
39 90
39 47
39 75
38 4
13 64
46 7
67 14
23 96
24 97