98 51 86 45 84 94 77 33 60 70 79 58 88 37 27 68 3 40 2 28 91 56 18 13 54 34 32 44 36 69 47 20 0 87 80 5 65 38 71 42 24 14 43 81 31 35 8 4 50 52 12 22 9 55 46 93 57 89 96 21 17 1 74 90 30 62 85 67 61 53 75 19 83 16 6 23 39 66 78 48 76 11 15 10 49 97 63 73 72 99 41 26 92 29 82 25 64
98 51
98 18
86 45
86 31
45 37
45 34
45 76
84 94
84 77
84 27
84 74
94 41
77 8
33 60
33 43
60 40
60 28
70 79
70 50
70 96
79 69
79 20
79 75
58 88
58 54
58 0
88 22
88 21
88 1
88 80
88 64
37 8
68 3
68 87
2 28
2 47
2 57
91 56
91 53
56 66
56 20
18 13
18 39
18 90
54 32
34 12
34 72
44 36
36 43
36 90
69 48
47 49
20 6
0 87
0 89
87 85
87 65
87 15
80 5
65 38
65 43
65 11
38 82
71 42
71 81
71 90
71 73
42 83
24 14
24 74
14 23
43 9
31 35
8 4
8 53
8 92
4 17
50 29
52 12
52 62
9 55
46 93
46 97
46 21
1 67
74 85
30 62
85 63
67 61
67 78
75 19
83 16
11 26
10 49
49 99
29 25