76 17 77 94 78 23 95 45 34 68 3 6 44 43 87 81 25 35 20 79 86 85 18 46 80 61 69 55 10 74 14 99 12 84 40 0 29 65 67 5 48 89 57 56 16 30 24 75 21 19 90 7 41 13 39 97 88 53 9 31 1 33 62 42 82 98 92 2 73 47 60 28 32 22 66 64 27 96 11 26 54 4 91 63 83 52 72 59 58 36 37 93 51
76 17
17 77
17 78
77 94
77 34
94 23
94 45
94 68
23 95
23 96
45 6
45 87
45 81
45 25
34 3
68 37
3 36
6 44
6 43
44 35
43 69
43 55
43 74
87 20
87 79
81 61
81 29
25 0
25 60
35 99
35 40
20 86
20 85
79 18
86 46
18 80
80 72
61 12
69 14
69 84
69 65
55 10
55 48
55 89
10 57
10 56
74 16
74 30
14 67
99 24
99 33
99 82
12 62
12 63
84 19
40 5
0 27
0 26
65 13
5 41
5 42
48 7
48 39
89 21
57 53
56 97
16 75
16 73
30 1
30 28
24 98
75 31
75 92
21 90
21 88
19 83
7 47
13 66
13 64
39 4
53 9
9 54
9 52
31 2
92 22
92 51
2 32
60 11
22 91
22 93
11 59
11 58