0 1 79 56 36 57 65 68 59 75 46 62 80 72 74 73 78 96 67 47 61 50 71 70 53 66 48 44 58 52 54 69 49 76 63 60 51 64 55 81 77 45 95 42 23 91 85 92 89 83 88 82 90 6 35 84 98 97 93 16 10 40 2 25 86 18 19 8 12 94 14 87 3 4 17 21 26 32 9 99 5 22 11 38 24 39 43 20 31 13 29 28 15 7 34 41
0 1
0 79
0 56
0 36
0 57
0 65
0 68
0 59
0 75
0 46
0 62
0 80
0 72
0 74
0 73
0 78
0 67
0 47
0 61
0 50
0 71
0 70
0 53
0 66
0 48
0 44
0 58
0 52
0 54
0 69
0 49
0 76
0 63
0 60
0 51
0 64
0 55
0 81
0 77
0 45
1 96
1 95
1 91
1 85
1 92
1 89
1 83
1 88
1 82
1 90
1 84
1 98
1 97
1 93
1 86
1 94
1 87
1 99
36 26
36 3
53 10
42 23
42 32
42 40
42 9
23 16
6 35
6 13
6 15
35 14
35 26
16 31
10 40
10 18
10 39
2 25
2 15
18 19
18 8
8 12
8 34
3 4
3 24
4 43
4 41
17 21
17 20
17 43
26 5
32 28
5 22
11 38
11 20
38 29
43 7