98 99 42 51 46 47 15 16 61 72 23 24 20 21 76 77 69 70 40 41 50 90 63 64 68 18 91 92 87 88 10 84 85 6 73 48 71 8 9 28 29 22 82 60 4 5 93 55 56 33 34 35 36 80 81 62 79 74 75 3 14 83 67 25 26 52 78 17 66 27 89 0 1 37 38 7 45 58 59 11 31 32 2 44 43 95 96 54 19 65 53 13 94 57 86 39 49 97 12 30
98 99
99 72
42 51
42 41
42 43
51 52
51 50
46 47
46 45
47 48
15 16
15 14
16 17
61 72
61 60
61 62
72 73
72 71
23 24
23 18
23 22
20 21
20 60
20 19
21 22
76 77
76 75
77 67
77 78
69 70
69 68
70 71
40 41
40 39
41 82
50 90
50 49
90 89
90 45
90 91
63 64
64 6
68 67
18 17
91 92
92 10
92 93
87 88
88 4
88 89
10 11
84 85
84 83
84 32
85 86
6 7
71 26
8 9
8 7
8 0
28 29
28 27
82 83
82 81
60 66
60 34
60 59
4 5
4 3
93 94
55 56
55 54
56 57
33 34
33 32
34 35
35 36
36 37
80 81
80 79
74 75
14 13
25 26
26 27
52 53
66 65
0 1
1 31
1 2
37 38
45 44
58 59
58 57
11 12
31 32
31 30
95 96
95 94
96 97