0 32 73 38 5 91 36 51 30 52 16 45 61 2 63 96 28 84 35 60 49 8 68 6 71 33 44 72 65 29 21 46 12 27 50 3 48 80 39 19 20 90 9 24 79 69 41 86 23 37 1 98 14 47 89 77 82 76 88 10 56 18 7 92 75 40 54 15 97 93 4 67 25 94
0 32
0 24
0 41
0 86
32 73
32 38
32 5
32 91
32 36
32 51
32 30
32 52
32 16
32 45
73 28
73 84
73 35
73 60
73 49
73 8
73 68
38 61
38 2
38 63
38 96
5 19
5 20
5 90
5 9
91 50
91 3
91 48
91 80
91 39
36 12
36 27
36 79
36 69
51 77
51 82
51 76
30 23
30 37
30 1
30 98
30 14
30 47
52 6
52 71
52 33
52 44
52 72
52 65
52 29
52 21
52 46
16 89
16 88
16 10
45 56
28 7
84 75
84 54
84 25
35 94
49 92
49 15
49 97
49 93
49 4
49 67
68 40
6 18