57 56 49 55 35 48 59 58 71 72 60 31 32 23 11 24 74 6 10 50 77 68 7 45 75 73 64 76 40 46 25 41 67 34 87 36 12 9 61 5 51 85 70 63 86 28 54 47 53 84 38 69 62 88 4 20 8 44 22 42 39 18 13 27 26 65 30 52 33 29 37 66 78 17 19 43 80 1
57 56
56 49
56 55
55 35
55 54
35 48
35 58
48 59
48 47
48 53
48 29
59 60
59 42
58 71
58 31
58 6
71 72
71 74
71 70
72 23
72 45
72 73
72 67
72 88
72 18
31 32
31 51
31 85
31 30
32 80
23 11
23 24
23 7
23 64
23 22
11 10
11 77
11 75
11 25
11 12
24 50
24 68
24 40
24 87
6 34
6 5
10 9
10 66
50 86
77 76
77 78
68 28
68 69
7 20
7 8
45 46
45 44
45 13
64 63
64 65
40 41
40 39
46 27
25 26
41 36
34 33
87 61
9 84
9 38
61 62
5 4
53 52
38 37
20 19
44 43
18 17
13 1