16 18 56 22 53 32 78 57 51 25 54 23 55 20 87 36 40 3 81 0 76 9 79 6 59 2 58 91 95 48 72 98 64 84 97 80 70 85 68 69 89 90 82 86 61 93 63 66 67 65 83 99 74 73 96 94 75 62 71 88 28 92 77 12 42 38 39 7 43 10 29 30 24 14 11 35 34 15 8 26 31 44 5 19 41 1 33 17 27 49 4 60 13 21 50 46 37
16 18
18 56
18 22
22 53
22 78
53 32
53 57
32 51
32 87
51 25
25 54
25 23
25 55
25 20
25 81
54 36
23 79
55 0
55 9
20 3
20 76
36 40
36 59
36 91
40 95
3 6
0 2
0 72
0 98
0 64
0 84
0 97
0 80
0 70
0 85
0 68
0 69
0 89
0 90
0 82
0 86
0 61
0 93
0 63
0 66
0 67
0 65
0 83
0 99
0 74
0 73
0 96
0 94
0 75
0 62
0 71
0 88
0 92
0 77
9 58
59 48
2 28
58 1
72 14
98 43
97 42
80 24
70 12
85 30
68 10
69 11
89 34
90 35
82 26
86 31
93 38
63 5
66 8
65 7
83 27
99 44
73 17
96 41
94 39
88 33
28 15
92 37
77 21
12 29
42 49
38 19
43 60
11 50
15 13
31 4
49 46