86 23 53 13 63 41 59 28 5 99 19 90 10 27 46 69 40 44 52 72 25 7 45 4 15 68 9 2 24 1 31 89 51 74 6 43 29 58 76 39 22 8 54 0 37 87 70 73 80 77 32 55 57 61 75 88 98 79 94 93 91 83 85 97 71 82 78 21 96 95 92 84 81 36 38 14 12 30 50 26 49 17 18 3 67 33 47 11 20 35 65 16 34 56 66 64 42 62 60
86 23
23 53
53 13
53 63
13 41
41 59
41 28
41 99
28 5
28 19
28 90
28 10
5 72
19 27
19 46
19 69
19 40
90 0
10 8
10 37
10 77
27 44
27 89
46 52
46 25
46 7
46 45
46 4
69 51
44 15
25 9
7 2
7 31
7 74
45 68
45 24
45 1
15 80
68 6
9 76
24 87
1 29
1 39
1 70
31 58
51 43
51 22
6 54
6 73
39 32
8 55
8 75
0 57
0 61
0 88
0 98
0 79
0 94
0 93
0 91
0 83
0 85
0 97
0 71
0 82
0 78
0 96
0 95
0 92
0 84
0 81
55 42
57 21
61 36
88 26
98 38
94 33
91 30
83 18
71 3
82 17
78 11
21 14
21 12
21 50
95 35
84 20
36 49
38 67
14 56
26 65
26 16
17 64
3 47
3 66
67 34
65 60
56 62