98 24 97 38 4 37 39 57 91 69 22 14 68 67 28 1 70 92 29 30 51 93 10 60 33 2 96 46 56 55 15 79 72 50 18 81 80 8 71 58 45 32 99 31 84 19 6 77 76 66 11 17 49 82 34 48 83 95 44 7 78 43 13 59 65 61 36 3 47 23 53 35 94 20 54 9 52 40 87 64 86 85 62 26 88 25 63 27 0 12 89 21
98 24
24 97
97 38
38 4
4 37
4 39
37 57
37 91
37 69
37 28
39 96
39 46
57 10
57 55
91 22
91 33
69 14
69 70
69 51
22 92
22 93
14 68
14 67
14 20
68 79
67 50
67 45
28 1
1 29
1 30
70 15
92 99
29 60
30 36
51 8
93 53
10 56
33 2
33 35
33 94
33 54
2 32
2 31
55 87
15 72
15 71
79 18
79 84
72 58
72 77
72 76
72 66
50 48
18 81
18 80
81 34
80 95
8 49
58 11
45 6
84 19
19 82
19 83
6 44
6 43
77 17
66 13
11 59
17 78
82 40
34 3
48 7
48 61
83 26
95 23
95 62
95 88
95 89
7 47
78 25
13 65
13 64
65 27
61 63
61 12
20 86
20 85
54 9
9 52
26 0
88 21