5 14 45 51 99 98 90 91 92 93 94 95 96 97 10 11 13 19 18 12 15 16 17 49 48 40 41 43 44 42 46 47 20 30 29 39 50 0 60 59 69 70 79 89 80 81 88 9 83 84 85 82 86 87 66 77 27 52 58 53 54 55 56 57 4 1 6 22 31 21 23 24 65 64 61 62 63 32 38 35 36 37 71 76 72 73
5 14
5 4
5 6
14 13
45 51
45 44
45 46
51 52
99 98
98 97
90 91
90 80
91 92
92 93
93 94
94 95
95 96
96 97
10 11
10 20
10 0
11 12
13 12
19 18
19 29
19 9
18 17
15 16
15 27
16 17
49 48
49 39
49 59
48 47
40 41
40 30
40 50
41 42
43 44
43 42
46 47
20 30
20 21
29 39
39 38
50 60
0 1
60 70
60 61
59 69
59 58
69 79
70 80
70 71
79 89
89 88
80 81
81 82
83 84
83 82
84 85
85 86
86 87
66 77
66 65
77 76
52 53
53 54
54 55
55 56
56 57
22 21
22 23
22 31
31 32
23 24
65 64
64 63
61 62
62 63
38 37
35 36
36 37
71 72
72 73