51 35 59 29 53 61 64 84 94 55 72 90 57 66 82 65 45 83 12 81 5 74 68 70 2 76 85 7 19 21 69 96 63 22 62 97 43 15 46 71 77 14 56 58 36 87 34 86 4 95 10 40 75 89 44 42 9 88 32 73 99 8 37 18 52 91 98 93 28 79 92 1 17 47
51 35
51 12
51 96
51 44
51 77
51 28
35 76
35 71
59 29
29 70
53 61
53 94
53 90
53 65
64 84
64 87
64 98
84 85
84 68
94 40
55 72
55 18
55 17
72 90
72 82
72 83
72 1
90 91
57 66
57 19
57 36
66 69
82 95
82 74
65 45
65 32
65 93
83 34
81 5
81 9
5 58
74 68
74 56
68 69
70 2
70 22
76 42
85 7
85 21
85 15
85 44
69 62
96 10
96 37
63 22
63 46
22 87
62 97
62 43
62 47
15 92
71 89
77 14
14 79
58 34
34 73
86 4
4 75
75 88
75 73
99 8
99 37
18 52