13 25 58 17 70 85 49 42 4 15 11 95 88 29 6 75 40 74 78 51 19 32 27 50 41 14 59 3 90 37 67 22 63 1 44 61 69 28 34 80 84 89 91 52 93 35 10 81 79 43 36 60 33 94 31 87 76 0 20 54 7 21 5 73 57 45 77 8 46 55 18 66 48 16 30 26 2 38 62 12 53 86 39 71 23 96 72 97 83 47 9 99 56 64 92 24
13 25
13 88
13 1
13 67
25 43
58 17
58 28
58 84
58 23
17 80
17 24
70 85
70 49
70 77
70 26
85 7
49 42
49 19
49 31
42 59
42 81
42 45
42 55
4 15
4 76
4 47
15 37
15 20
11 95
11 0
95 34
88 29
88 87
29 84
29 92
6 75
6 30
6 47
40 74
40 19
40 32
74 61
78 51
78 63
51 77
32 57
27 50
27 34
41 14
41 59
41 38
41 62
14 35
59 12
59 56
3 90
3 44
3 10
37 60
67 22
22 79
63 20
61 69
69 46
34 10
34 86
84 89
84 0
91 52
91 7
52 97
52 9
93 35
35 72
10 21
81 79
81 18
43 36
33 94
94 57
87 54
87 16
87 2
87 53
87 64
7 8
5 73
73 8
8 48
18 66
18 83
48 71
53 39
96 72
83 99