2 75 29 32 81 16 59 46 85 7 80 35 74 47 68 76 3 4 11 36 9 38 67 6 21 20 12 57 52 8 28 15 66 87 88 71 83 86 24 91 14 19 64 34 26 22 41 63 44 78 31 69 42 23 50 60 40 17 1 25 33 13 0 10 79 61 77 45 30 89 65 72 73 84 48 18 53 92 5 51 62 54 90 43
2 75
2 29
75 9
75 24
75 42
75 60
29 69
29 89
32 81
32 24
81 64
81 31
16 59
16 52
46 85
46 67
46 20
46 17
46 33
85 47
85 36
7 80
7 20
35 74
35 79
35 13
47 52
47 88
68 76
68 52
3 4
3 71
3 20
11 36
11 40
36 26
9 54
38 67
67 77
6 21
6 24
20 73
12 57
12 79
57 48
8 28
28 71
15 66
15 34
66 83
87 88
87 22
87 10
88 83
88 61
71 78
71 51
83 86
83 91
14 19
14 25
19 60
19 30
26 42
41 63
41 62
63 45
44 78
44 92
31 0
42 13
23 50
23 1
50 84
50 5
40 72
17 18
1 25
1 53
25 90
79 45
79 43
89 65