22 75 56 57 23 84 34 42 65 66 35 49 4 30 5 6 64 3 91 63 88 20 21 28 73 10 39 83 37 71 33 60 7 8 44 92 93 72 97 98 94 1 14 38 32 74 70 11 0 17 15 82 90 58 61 36 46 59 79 43 16 29 48 78 27 86 13 85 54 19 41 45 25 24 52 18 53 51 76 95 80 87 69 50 9 81 47 77 68 2 31 12 26 99 89 55 62
22 75
22 21
22 34
75 90
56 57
56 39
57 4
23 84
23 73
84 46
84 63
34 42
34 58
42 83
65 66
65 0
65 85
66 1
35 49
35 19
35 48
49 51
49 80
4 30
5 6
5 64
5 77
5 68
5 26
64 63
3 91
3 95
3 2
91 44
63 88
63 48
88 70
20 21
20 11
28 73
10 39
10 46
10 11
10 41
39 94
83 76
37 71
37 44
37 97
71 72
71 15
33 60
60 61
60 29
60 18
7 8
8 85
44 45
92 93
93 94
72 1
72 74
72 43
72 16
97 98
94 36
94 69
94 55
1 58
14 38
14 59
38 53
32 74
32 54
70 79
0 17
0 99
17 18
15 82
90 89
58 25
36 12
46 47
79 78
29 13
27 86
86 87
86 45
54 53
25 52
24 52
95 62
80 50
80 81
9 81
2 31