53 89 1 85 13 95 16 49 61 43 7 22 10 40 12 34 64 51 3 76 26 8 23 30 63 94 29 24 62 2 96 17 57 18 78 80 98 69 27 88 97 45 38 31 37 25 41 79 19 28 36 54 15 56 91 60 58 73 50 99 21 52 0 86 90 70 83 14 74 55 92 42 33 82 44 9 48 20 65 39 84 72 59 75 35 32 11 47 6 66 87 5 68 77 4 67 71
53 89
53 12
1 85
1 96
1 29
1 50
1 57
1 75
85 56
85 90
13 95
13 38
95 97
95 28
95 60
95 21
16 49
49 45
49 37
49 88
49 9
49 5
61 43
61 19
43 94
43 47
7 22
7 78
22 18
10 40
10 94
10 29
10 25
10 58
10 74
10 59
40 73
12 34
12 36
34 3
34 91
34 67
64 51
51 39
51 72
76 26
26 39
8 23
8 73
23 60
23 33
30 63
63 28
63 70
94 2
29 27
29 66
24 62
24 44
96 88
96 79
96 42
17 57
17 0
57 35
57 4
18 92
78 80
78 52
98 69
98 31
98 55
98 84
98 71
27 11
88 48
88 68
97 44
45 36
45 39
37 65
41 79
41 14
79 99
36 54
36 15
54 83
91 55
0 86
70 92
55 77
92 20
42 87
33 82
72 32
72 6