39 72 5 43 31 94 11 36 22 73 53 70 18 23 49 75 63 80 24 34 7 69 37 38 46 47 93 35 65 59 96 97 57 29 91 86 77 16 99 51 28 98 0 8 42 82 40 68 83 87 21 76 20 41 14 3 79 12 90 52 9 45 27 26 58 32 81 10 95 60 4 19 13 1 54 30 88 56 64 15 92 78 2 55 44 74 84 61 66 85
39 72
39 99
72 77
5 43
5 8
5 76
43 77
31 94
31 34
31 2
94 37
94 47
94 16
11 36
36 91
36 63
22 73
22 65
22 61
53 70
53 0
53 90
18 23
18 93
18 12
23 34
23 59
49 75
49 57
49 51
49 95
75 1
63 80
80 77
24 34
24 57
24 13
34 27
34 19
7 69
69 99
37 91
38 46
38 86
38 81
38 66
46 29
47 4
93 52
35 65
35 91
59 79
59 60
96 97
97 10
97 78
29 90
91 54
86 2
77 10
16 88
99 14
99 98
51 74
28 98
8 21
42 82
42 58
42 15
40 68
40 45
68 3
68 56
83 87
83 64
76 30
20 41
41 1
3 79
79 26
79 32
79 84
9 45
27 15
58 92
81 85
56 64
2 55
44 74