32 19 6 47 43 68 44 0 2 13 57 18 21 46 4 64 28 69 41 3 52 72 55 24 9 40 1 25 17 27 15 29 70 66 61 26 31 67 51 60 8 14 62 35 11 56 39 38 53 63 22 34 50 33 10 42 54 74 30 65 58 48 16 5 37 45
32 19
32 6
6 47
6 43
43 68
43 0
68 44
0 2
0 18
0 21
0 41
0 40
0 35
2 13
2 57
2 70
13 46
57 64
18 4
18 3
21 66
21 31
21 39
21 53
21 22
21 33
4 25
4 16
64 28
64 1
64 61
64 26
28 69
28 51
28 11
69 38
69 30
41 52
41 72
41 15
3 48
3 45
52 55
52 27
52 29
52 8
52 14
52 34
72 24
72 9
24 17
24 62
24 74
40 58
40 37
17 60
27 50
70 63
26 67
31 5
67 42
8 65
35 10
11 56
39 54