31 95 97 32 96 30 93 94 29 91 92 28 89 90 27 87 88 26 85 86 25 83 84 24 81 82 23 79 80 22 77 78 21 75 76 20 73 74 19 71 72 18 69 70 17 67 68 16 65 66 15 63 64 14 61 62 13 59 60 12 57 58 11 55 56 10 53 54 9 51 52 8 49 50 7 47 48 6 45 46 5 43 44 4 41 42 3 39 40 2 37 38 1 35 36 0 99
31 95
31 97
31 96
95 30
97 32
32 99
30 93
30 94
93 29
29 91
29 92
91 28
28 89
28 90
89 27
27 87
27 88
87 26
26 85
26 86
85 25
25 83
25 84
83 24
24 81
24 82
81 23
23 79
23 80
79 22
22 77
22 78
77 21
21 75
21 76
75 20
20 73
20 74
73 19
19 71
19 72
71 18
18 69
18 70
69 17
17 67
17 68
67 16
16 65
16 66
65 15
15 63
15 64
63 14
14 61
14 62
61 13
13 59
13 60
59 12
12 57
12 58
57 11
11 55
11 56
55 10
10 53
10 54
53 9
9 51
9 52
51 8
8 49
8 50
49 7
7 47
7 48
47 6
6 45
6 46
45 5
5 43
5 44
43 4
4 41
4 42
41 3
3 39
3 40
39 2
2 37
2 38
37 1
1 35
1 36
35 0