11 41 5 95 34 35 56 80 29 67 44 45 25 26 0 1 31 46 82 18 19 94 57 97 98 69 53 54 52 43 48 50 16 17 28 10 99 68 60 27 42 4 87 76 61 75 6 33 30 38 51 21 55 8 93 9 2 71 36 81 22 66 83 37 23 70 7 14 62 85 88 24 20 12 64 65 78 92 15 77 3 74 59 13 32 39 58 84 49 96
11 41
41 42
5 95
5 6
95 69
34 35
35 31
35 52
35 60
35 36
35 70
56 80
56 15
80 4
80 71
80 46
80 81
29 67
29 28
29 32
29 30
67 68
67 81
67 25
44 45
44 43
45 57
25 26
25 22
25 24
25 77
0 1
1 16
31 12
46 82
18 19
18 48
18 33
19 94
94 59
57 76
57 58
97 98
98 22
69 43
53 54
53 83
54 99
52 51
52 76
48 50
48 76
48 55
48 88
50 27
16 17
16 27
16 96
17 7
28 27
10 99
99 27
27 61
42 33
42 2
4 87
4 3
76 75
76 74
30 38
21 55
8 93
8 9
8 71
8 39
9 20
36 37
81 84
22 66
83 78
23 70
23 85
14 62
14 15
12 64
64 65
64 13
78 92
49 96