86 90 98 6 4 51 43 37 62 38 97 13 5 14 55 45 22 3 46 17 1 39 52 68 82 42 91 79 9 47 36 28 49 88 0 21 40 2 18 15 81 64 92 34 93 63 24 85 69 89 26 54 7 72 77 76 50 23 58 74 44 19 29 73 16 32 59 61 27 20 10 95 65 53 96 99 94 31 71 83 25 87 41 48 67 56 11 70 33 80
86 90
86 13
90 99
98 6
98 79
98 63
6 36
6 69
6 72
6 21
6 48
4 51
4 64
4 93
4 19
4 27
4 52
51 50
43 37
43 81
43 67
62 38
62 44
38 76
38 68
38 39
97 13
13 23
5 14
5 89
5 54
5 10
14 22
14 82
55 45
55 32
45 81
22 3
3 19
46 17
46 52
46 87
46 56
17 74
1 39
52 68
52 33
82 73
42 91
42 7
42 89
79 77
79 23
79 20
9 47
9 25
47 63
28 49
49 89
88 0
88 92
0 18
21 40
40 83
2 18
2 29
18 71
15 81
15 64
64 53
64 41
64 70
64 80
92 34
63 24
24 85
24 61
24 73
24 11
69 59
26 54
50 16
23 58
19 31
29 65
59 65
10 95
95 94
96 99