31 71 79 54 84 14 30 13 16 18 72 3 0 6 52 2 75 7 11 58 9 39 10 70 19 57 29 25 12 83 27 65 47 73 8 76 44 86 1 51 46 4 5 66 41 43 49 40 82 53 80 67 77 56 37 64 55 15 61 48 33 32 28 22 38 50 26 17 42 20 81 59 74 34 68 85 60 62 78 36 45 89 88 87 23 63 35 21 24
31 71
71 79
71 30
79 54
79 14
54 84
14 88
30 13
30 18
13 16
18 72
18 49
18 42
72 3
72 57
3 0
3 52
3 38
0 6
0 2
0 11
0 10
0 12
0 46
0 4
0 5
0 55
0 15
6 61
2 75
2 9
2 83
2 27
75 7
7 58
7 29
11 32
58 39
58 25
10 70
10 19
70 47
70 8
70 86
70 51
19 73
19 56
29 60
25 65
83 66
65 45
47 82
47 17
73 41
8 76
8 53
76 44
76 64
86 1
86 37
1 43
51 40
51 80
51 67
46 74
46 68
4 36
66 22
41 50
49 33
40 77
82 34
53 28
67 48
37 87
55 59
15 85
33 78
32 62
50 26
50 20
26 23
20 81
59 89
74 35
62 63
78 21
35 24