60 28 79 56 45 85 3 90 30 23 78 49 41 6 40 16 73 51 72 94 59 42 10 83 84 96 80 20 14 44 55 74 54 27 97 39 75 43 76 92 98 67 81 66 8 52 0 21 13 87 33 65 5 11 12 15 35 58 63 99 47 53 70 1 4 2 32 18 82 93 86 19 62 7 29 88 9 22 50 61 25 24 36 89 38 64 31 37 95 34 91
60 28
60 72
60 27
60 4
28 51
28 63
28 47
28 90
28 54
79 56
79 10
79 52
56 72
56 97
56 18
56 19
56 85
45 85
3 90
3 30
3 40
3 39
3 23
3 64
90 94
30 58
23 78
23 87
78 38
78 31
49 41
41 67
41 43
41 42
6 40
16 73
16 99
72 83
94 80
94 36
59 42
83 84
83 35
83 93
83 88
84 96
80 12
20 14
14 99
44 55
44 97
44 61
55 29
74 54
27 81
39 75
75 15
75 89
43 76
43 13
43 58
76 5
76 95
92 98
92 24
98 1
66 8
8 52
52 33
0 21
21 11
87 22
65 5
5 50
11 86
11 47
35 70
58 99
53 70
53 32
1 18
4 2
18 62
18 91
82 93
82 7
19 37
9 22
25 24
95 34