0 1 3 4 5 6 35 36 42 43 15 47 8 9 18 19 21 22 26 27 33 34 44 53 54 63 64 11 12 49 2 17 20 28 29 39 55 56 66 67 45 69 23 24 30 57 59 60 10 13 50 7 37 38 52 65 68 25 48 31 32 51 16 58 14 46
0 69
0 1
1 2
3 2
3 4
4 5
5 6
6 7
35 34
35 36
36 37
42 43
43 44
15 14
15 46
15 16
15 48
15 50
15 45
15 49
15 47
8 7
8 9
9 10
18 17
18 19
19 20
21 20
21 22
22 23
26 25
26 27
27 28
33 32
33 34
44 45
53 52
53 54
54 55
63 64
64 65
11 10
11 12
12 13
17 16
28 29
29 30
39 38
55 56
56 57
66 65
66 67
67 68
69 68
23 24
24 25
30 31
57 58
59 58
59 60
13 14
50 51
37 38
52 51
31 32