87 24 55 22 74 76 8 0 35 65 81 25 46 99 21 82 5 40 52 17 80 58 85 6 13 59 44 50 60 39 26 11 49 90 70 10 93 28 78 37 77 4 62 75 42 94 95 69 27 64 9 43 32 34 2 92 83 68 3 56
87 24
87 55
87 8
87 0
87 35
87 65
87 81
87 46
87 99
87 21
87 82
87 5
87 40
87 52
87 17
87 58
87 85
87 6
87 13
87 59
87 44
87 50
87 60
87 39
87 26
87 11
87 49
87 90
87 10
87 93
87 78
87 37
87 77
87 4
87 75
87 42
87 94
87 95
87 69
87 64
87 9
87 43
87 34
87 92
87 83
87 68
87 3
87 56
87 22
22 74
22 76
22 25
22 80
22 70
22 28
22 62
22 27
22 32
22 2