79 78 8 9 29 44 95 92 16 17 67 72 3 4 26 28 21 63 64 69 75 24 25 27 5 60 10 13 39 47 74 83 7 43 31 30 19 18 49 50 51 93 36 40 84 48 61 23 11 41 42 76 77 37 38 35 70 71 81 82 66 20 58 56 57 0 32 80 73 46 22 6 12 91 86 45 14 15 62 59 55 34 88 33 65 90 1 2 54 52 89
79 78
79 70
79 80
79 95
78 72
8 9
8 5
29 44
29 26
29 43
95 92
92 91
16 17
17 27
67 72
67 66
67 65
72 73
3 4
3 2
4 21
4 5
4 20
26 28
26 27
26 18
21 23
63 64
63 59
64 69
69 75
75 84
75 88
24 25
24 23
25 13
27 31
27 34
5 60
5 7
5 6
60 61
10 13
13 11
39 47
39 48
47 46
74 83
83 82
7 58
43 42
31 30
30 32
19 18
18 23
18 22
49 50
49 48
50 51
51 93
36 40
36 11
36 37
40 14
84 73
84 86
61 59
11 12
41 42
42 45
76 77
77 80
77 81
37 35
38 35
38 52
35 46
70 71
81 82
58 62
58 55
58 57
56 57
0 32
14 15
55 54
34 33
88 90
90 89
1 2