0 20 62 75 10 66 82 79 76 86 56 73 71 67 90 61 81 87 58 65 85 64 84 70 88 59 63 60 91 72 77 83 89 80 74 57 69 78 68 42 39 37 53 13 21 46 19 4 47 6 55 50 51 18 48 7 5 54 8 35 1 93 98 45 33 23 43 25 31 30 96 17 12 9 24 92 11 97 16 40 94 99 95 41 28 44 29 2 27 38 52 14 36
0 20
0 62
0 75
0 10
0 66
0 82
0 79
0 76
0 86
0 56
0 73
0 71
0 67
0 90
0 61
0 81
0 87
0 58
0 65
0 85
0 64
0 84
0 70
0 88
0 59
0 63
0 60
0 91
0 72
0 77
0 83
0 89
0 80
0 74
0 57
0 69
0 78
0 68
20 24
20 11
10 17
56 2
61 9
58 5
42 39
42 54
42 31
42 43
37 53
37 48
13 21
13 16
13 8
21 50
21 14
46 19
46 6
46 4
46 28
4 47
4 51
4 7
4 23
6 55
55 44
50 25
18 48
18 35
7 5
5 45
5 30
5 41
8 35
8 33
1 93
1 98
1 96
1 9
1 92
1 97
1 40
1 94
1 99
1 95
33 17
23 43
23 38
17 12
9 36
16 27
41 29
44 52