15 95 2 43 48 41 75 32 37 7 1 4 11 9 62 24 8 82 45 44 55 68 0 14 72 78 96 88 99 17 58 30 63 49 79 25 83 34 73 64 29 71 12 36 35 38 16 89 77 97 98 6 86 27 5 53 61 18 3 87 39 42 20 66 65 67 80 69 33 21 92 26 94 91 57 85 76 54 93 31 19 40 70 51 74 84 23 22 10 81 28 50 56 60 47
15 95
15 2
15 76
95 12
95 58
95 78
2 43
2 27
2 53
2 87
43 68
48 41
48 26
75 32
75 92
32 77
32 14
32 94
37 7
7 20
1 4
1 12
4 71
4 36
4 18
4 67
11 9
11 38
11 22
62 24
62 97
62 35
24 34
24 51
8 82
82 72
82 63
45 44
45 17
45 74
55 68
68 35
68 89
68 56
68 60
0 14
0 20
0 58
78 96
96 61
96 3
96 21
88 99
88 97
88 40
99 80
17 63
58 30
58 93
63 98
63 38
63 84
49 79
79 83
79 5
25 83
25 98
34 73
73 50
64 29
64 80
12 39
12 86
12 31
12 81
36 5
36 91
35 70
38 54
16 89
89 66
6 86
6 42
5 19
87 85
87 47
66 69
65 67
69 26
33 21
33 10
92 23
57 85
28 50