22 45 80 41 62 76 2 1 87 15 86 72 81 10 56 64 70 47 83 58 65 84 16 3 32 63 44 77 25 74 0 31 11 28 18 5 82 21 36 60 49 68 19 53 78 61 79 51 90 66 48 73 54 57 92 46 9 50 88 30 7 67 52 29 6 91 33 55 71 23 20 39 40 42 27 34 85
22 45
22 62
45 80
80 41
62 76
62 1
62 87
76 2
1 15
1 86
1 40
15 72
15 47
15 58
15 32
86 83
72 81
72 56
72 64
72 90
81 10
81 30
10 3
10 78
10 9
56 65
56 84
56 63
56 51
64 70
83 16
83 88
58 18
65 44
65 25
65 74
65 11
84 0
84 82
32 27
63 28
63 36
44 77
44 21
77 60
77 61
25 53
0 31
0 49
28 34
18 5
82 85
21 68
21 19
49 46
49 50
68 48
68 73
68 54
19 79
53 6
61 92
79 33
51 55
90 66
73 57
73 52
73 29
92 71
92 39
92 42
46 23
46 20
9 7
9 67
52 91