29 34 46 47 12 13 26 35 41 54 58 6 7 10 11 19 22 23 17 24 31 30 36 37 52 0 1 16 28 42 43 44 62 98 5 48 86 90 65 68 80 88 64 67 61 74 78 82 85 25 53 56 63 94 39 51 50 92 97 32 33 38 95 93 91 96 4 79 9 21 14 20 18 8 3 49 2 71 15 81 57 76 77 83 84 87 40 45 27 66 89 55 75 60 73 72 69 70
29 34
29 35
29 22
29 50
29 51
34 41
46 47
46 39
46 40
46 45
47 48
12 13
12 19
12 18
12 6
13 26
13 20
26 31
26 32
26 33
35 28
41 52
54 58
54 51
54 49
58 57
58 75
6 7
6 0
6 1
10 11
10 5
11 4
11 16
22 23
22 17
22 21
17 16
24 31
24 30
24 25
30 36
36 37
36 42
36 43
37 44
28 27
44 95
62 98
62 61
98 94
98 74
86 90
86 82
90 93
90 89
65 68
65 66
68 64
68 69
80 88
80 79
80 83
64 67
64 61
67 71
61 60
74 78
82 85
82 81
53 56
56 63
56 50
63 60
94 93
39 38
92 97
92 91
32 38
95 96
91 96
91 87
4 9
4 3
9 8
9 14
21 15
14 20
8 2
81 77
76 77
76 73
83 84
84 87
87 55
73 72
73 70