73 93 55 21 99 12 80 2 44 31 28 7 32 30 27 46 75 67 65 34 57 94 52 42 49 79 68 54 37 69 45 5 10 58 91 24 70 86 56 36 48 87 16 43 95 64 89 29 96 77 38 35 53 41 22 82 84 13 3 4 61 33 39 88 40 63 97 8 85 74 60 50 72 1 66 62 20 14 19 18 9 15 78 6 47 23 0 51 83 98 81 71 25 76 92 59
73 93
73 1
55 21
21 44
21 47
99 12
12 31
12 95
80 2
2 60
44 57
44 41
31 3
31 66
28 7
28 70
28 5
28 39
28 9
28 25
32 30
32 68
32 10
32 22
32 54
32 74
30 70
27 46
27 5
27 0
27 51
46 67
46 14
75 67
67 82
67 20
65 34
34 54
34 52
57 29
57 42
94 52
52 42
42 33
49 79
49 29
79 56
68 15
54 4
54 97
54 92
37 69
37 64
37 43
37 83
69 24
45 5
45 78
58 91
58 13
91 53
91 36
91 81
86 56
36 48
36 85
48 8
87 16
16 38
43 95
43 35
43 19
43 18
64 89
64 59
96 77
77 41
38 85
38 72
38 6
35 41
35 98
41 84
84 13
84 71
4 61
33 50
39 88
39 60
88 76
40 63
40 97
40 1
62 20
47 23