2 21 68 16 28 46 54 94 20 64 41 93 62 92 69 81 27 34 87 23 15 71 38 51 63 86 95 59 30 67 58 85 82 37 91 99 6 29 76 78 9 72 14 80 44 17 19 79 40 50 25 42 88 49 39 8 4 55 98 24 7 84 32 65 36 53 96 22 43 70 90 73 61 45 31 83 3 26 97 1 5 89 77 75 74 60 18 57 52 47 11
2 21
2 95
21 80
21 78
68 16
68 88
68 96
68 46
16 3
28 46
28 49
28 76
46 14
54 94
94 78
20 64
20 40
64 53
41 93
93 8
93 43
62 92
62 38
92 95
92 50
92 32
69 81
69 25
27 34
27 17
87 23
87 37
15 71
15 90
71 82
38 51
38 82
63 86
63 58
86 91
86 60
95 57
59 30
59 85
67 58
67 47
58 85
85 26
82 88
37 44
37 24
37 22
37 91
91 78
91 45
99 6
99 98
99 61
6 5
29 76
29 39
9 72
9 7
44 17
19 79
19 25
79 97
40 45
40 7
50 84
25 42
49 75
39 73
39 1
8 7
4 55
4 77
55 61
98 96
24 18
32 65
32 74
36 53
96 89
43 70
90 83
90 97
45 31
3 11
5 52