10 63 0 61 66 74 67 76 97 81 99 85 98 91 84 92 88 86 3 77 69 89 65 96 79 75 68 71 95 70 80 82 87 72 73 93 94 78 26 90 25 83 44 2 14 42 12 33 36 17 27 5 20 59 34 29 19 30 22 28 4 6 31 41 11 51 15 18 40 45 35 32 7 13 1 23 8 16 37 54 49 57 21 24 38 48 46 55 62 50 53 56 64 9 60 43 39 58
10 63
63 0
63 25
0 61
0 66
0 74
0 67
0 76
0 97
0 81
0 99
0 85
0 98
0 91
0 84
0 92
0 88
0 86
0 77
0 69
0 89
0 65
0 96
0 79
0 75
0 68
0 71
0 95
0 70
0 80
0 82
0 87
0 72
0 73
0 93
0 94
0 78
0 90
0 83
61 3
61 26
66 2
74 12
76 14
97 41
81 19
99 44
98 42
91 32
88 29
86 27
3 36
77 15
69 5
89 30
75 13
71 8
95 38
70 6
80 18
87 28
73 11
78 16
26 40
26 45
25 33
25 59
44 20
2 22
2 51
14 17
14 4
42 34
42 23
12 35
12 1
36 31
27 7
5 57
59 55
19 37
30 21
28 50
6 54
6 62
11 24
15 64
18 49
45 48
7 53
7 56
16 46
21 9
48 43
64 60
64 39
43 58