9 89 33 59 78 83 0 73 37 64 43 54 13 40 98 3 55 95 20 92 75 22 50 17 69 96 27 90 23 86 94 93 15 81 39 26 38 56 62 60 5 11 63 21 84 10 82 74 46 70 52 2 29 72 76 30 71 14 65 88 41 47 58 48 66 25 44 57 45 24 31 97 8 4 80 99 32 19 91 67 68 53 6 79 49 51 16
9 89
9 37
89 60
89 81
33 59
33 64
33 92
59 55
78 83
78 75
83 39
83 72
83 15
83 16
83 67
0 73
0 23
0 38
0 14
73 90
37 65
64 13
43 54
43 60
13 40
13 27
40 93
98 3
98 76
98 58
3 63
55 17
55 52
55 88
55 95
55 26
55 4
95 20
20 41
75 50
22 50
22 48
17 74
17 47
17 6
69 96
69 56
69 79
69 32
96 10
27 81
90 2
23 39
23 21
23 44
86 94
94 26
94 46
94 51
93 15
81 82
81 70
81 24
39 58
26 49
38 57
56 62
56 53
62 8
5 11
11 46
21 19
84 10
84 14
10 30
2 29
30 71
71 31
88 91
41 66
41 45
48 25
48 97
48 80
99 32
67 68