0 27 16 74 4 38 7 48 8 51 1 28 37 24 99 19 84 25 13 64 39 6 43 83 15 70 66 45 62 20 85 9 52 3 34 2 31 75 5 40 42 65 98 54 23 95 17 78 77 72 44 32 35 21 90 71 22 91 33 41 49 10 56 46 94 82 12 61 36 55 50 89 88 97 76 92 18 79 26 11 58 60 14 68 80 73 63 59 81 86 67 93 96 69 53 29 87 30 57 47
0 27
0 25
0 26
16 74
16 75
16 73
74 77
4 38
4 37
4 39
7 48
7 46
7 47
8 51
8 49
8 50
1 28
1 29
28 32
24 99
24 98
24 97
19 84
19 83
19 82
84 90
13 64
13 66
13 65
64 89
39 44
6 43
6 45
6 44
15 70
15 72
15 71
45 62
45 58
45 92
45 95
62 12
20 85
20 86
20 87
85 97
85 79
85 29
85 57
9 52
9 54
9 53
3 34
3 35
3 36
34 89
2 31
2 32
2 33
31 49
5 40
5 42
5 41
65 59
23 95
23 94
23 96
17 78
17 77
17 76
78 46
78 80
77 41
72 89
32 89
21 90
21 88
21 89
22 91
22 92
22 93
10 56
10 55
12 61
12 63
61 67
55 58
55 26
18 79
18 80
18 81
11 58
11 60
11 59
58 53
14 68
14 67
14 69
81 30