17 29 77 94 84 65 88 51 3 13 44 83 19 98 16 79 59 1 34 62 2 35 24 80 7 39 48 46 85 68 11 66 93 8 32 61 14 92 40 45 20 28 75 0 33 30 42 10 27 55 86 67 56 82 89 38 57 63 36 12 53 52 9 5 60 69 90 23 50 58 76 26 31 87 22 25 95 49 91 97 70 43 99 37 96 21 41 71 6 18 81 54 74 73 64 15 78 47 4
17 29
17 77
29 3
77 94
94 84
84 65
65 88
88 51
51 83
3 13
13 44
44 16
83 19
19 98
98 80
16 79
79 59
59 1
1 34
34 62
62 2
2 35
35 24
24 39
80 7
7 68
39 48
48 46
46 85
85 11
68 8
11 66
66 93
93 61
8 32
32 92
61 14
14 40
92 52
40 45
45 20
20 28
28 75
75 0
0 33
33 30
30 42
42 10
10 27
27 55
55 86
86 67
67 56
56 82
82 89
89 38
38 57
57 63
63 36
36 12
12 53
53 9
52 60
9 5
5 23
60 69
69 90
90 49
23 50
50 58
58 76
76 26
26 31
31 87
87 22
22 25
25 95
95 41
49 91
91 97
97 70
70 43
43 99
99 37
37 96
96 21
21 81
41 71
71 6
6 18
18 54
81 73
54 74
74 15
73 64
64 4
15 78
78 47