84 80 92 72 97 25 23 93 87 85 69 29 46 50 88 2 89 64 79 65 12 33 53 91 82 57 83 68 48 66 55 19 1 51 26 39 14 81 98 3 28 42 62 44 37 0 41 22 71 77 60 4 31 95 18 16 96 58 38 17 49 76 63 21 7 54 75 94 73 24 67 40 36 30 56 5 90 61 47 11 52 43 20 74 10
84 80
84 30
80 49
92 72
92 65
72 90
72 49
97 25
97 87
25 2
25 17
23 93
23 98
23 76
93 46
85 69
69 71
69 94
29 46
46 79
46 60
50 88
88 28
2 66
2 71
89 64
89 22
64 0
79 48
65 12
65 58
65 67
12 0
12 55
33 53
33 56
33 96
53 3
53 10
91 82
91 38
82 68
57 83
57 5
83 68
68 37
68 4
68 95
48 77
48 7
48 11
55 19
19 42
1 51
1 21
1 40
51 75
26 39
26 3
14 81
81 95
98 31
98 3
98 74
3 18
28 42
28 47
62 44
62 77
44 4
37 71
0 41
4 61
18 73
18 40
16 96
58 17
76 63
76 54
21 20
75 24
40 36
5 43
52 43