52 95 47 85 18 91 32 80 9 38 96 70 16 11 88 37 66 79 97 1 53 50 49 94 0 5 46 74 10 54 15 19 82 36 89 20 13 62 90 22 44 67 2 83 48 76 77 78 12 40 84 56 24 23 8 35 58 69 26 73 68 65 71 72 59 75 34 4 86 14 45 25 27 6 92 51 41 60 17 64 33 3 39 28 55 81 30 93 63 87 21 43 57 42 61 99
52 95
52 76
95 0
95 26
47 85
47 46
85 11
85 15
18 91
18 12
91 49
32 80
32 71
9 38
9 49
9 55
38 16
38 50
38 22
96 70
96 53
96 92
96 42
16 94
16 8
16 63
11 88
88 5
88 14
37 66
37 75
37 73
66 56
79 97
79 15
79 43
1 53
1 30
50 20
0 5
5 83
46 74
46 86
10 54
10 15
15 19
15 62
19 82
19 71
36 89
36 76
36 56
36 25
20 13
13 51
62 90
90 39
90 57
22 44
22 30
67 2
67 76
67 27
83 72
83 28
48 76
76 35
77 78
77 65
12 26
40 84
84 45
84 99
24 23
23 72
8 3
58 69
69 75
69 41
69 93
73 68
65 72
71 21
72 34
59 75
59 64
75 61
34 4
34 81
86 60
45 25
27 6
6 33
51 17
3 87