94 46 95 89 96 72 10 47 24 93 73 97 23 45 69 42 74 44 39 6 33 98 90 15 49 70 88 11 1 43 84 71 9 41 14 48 8 13 86 79 50 92 5 99 61 81 52 18 19 4 35 40 68 59 12 32 34 85 0 82 77 56 17 2 38 37 25 60 91 67 78 57 83 63 29 7 87 58 80 75 22 76 36 30 66
94 46
94 95
94 89
94 93
46 10
46 47
46 45
95 96
95 72
95 6
89 24
89 90
89 88
96 97
96 61
72 73
10 69
10 11
10 9
47 15
47 49
47 48
24 23
24 52
24 25
93 92
93 5
73 42
73 74
73 37
97 98
97 86
45 44
45 33
45 1
69 70
69 41
69 68
74 81
44 39
44 43
44 67
39 84
6 7
33 71
33 32
33 34
98 99
15 14
49 50
49 4
88 87
11 35
11 12
1 0
1 83
43 77
84 17
71 79
9 8
9 82
41 40
14 13
14 91
13 2
79 85
79 78
50 18
50 38
92 59
61 60
81 58
81 80
18 19
35 36
12 56
0 63
0 75
82 66
77 76
56 57
37 29
29 30
75 22