0 18 59 43 44 1 19 8 55 51 52 30 2 20 3 21 5 23 6 24 4 22 26 25 27 28 29 31 10 7 9 32 11 12 33 17 35 45 13 14 15 37 40 16 34 46 57 58 47 49 50 54 41 38 36 39 42 48 53 56
0 18
0 59
18 19
43 44
43 42
43 49
44 45
1 19
19 20
8 55
8 26
55 30
55 56
51 52
52 28
52 53
30 31
30 12
2 20
2 5
20 21
3 21
5 23
5 4
23 24
6 24
24 25
4 22
26 25
26 27
25 7
27 28
27 9
28 29
28 10
29 11
31 32
31 13
32 33
32 14
11 17
33 15
17 35
17 16
35 37
35 38
35 36
45 46
45 48
37 40
40 41
16 34
46 47
57 58
57 54
49 50
54 53
41 42
38 39