59 11 58 60 36 3 34 35 84 42 85 43 6 46 20 86 45 44 29 77 7 48 75 40 16 47 1 31 2 62 91 17 97 54 33 74 64 73 5 65 12 32 28 30 71 78 9 57 49 52 24 22 81 76 51 63 13 27 0 93 41 61 88 66 96 92 25 99 94 23 8 87 56 18 80 53 15 68 98 10 19 83 95 50
59 11
11 58
11 60
60 36
60 42
36 3
36 84
3 34
3 35
35 85
35 43
84 19
85 20
43 6
43 46
43 29
43 77
6 45
6 44
46 7
46 75
46 40
20 86
20 87
45 97
44 31
29 1
29 71
29 57
77 17
77 54
7 48
7 47
48 62
48 91
48 64
75 16
75 65
40 5
16 74
16 73
47 81
1 28
1 30
31 2
2 33
2 32
62 12
91 22
91 27
17 78
17 76
97 24
97 25
97 94
54 9
74 49
74 51
74 80
64 13
64 88
73 96
5 41
12 63
12 61
30 68
71 15
9 52
9 53
49 8
24 99
22 93
22 92
81 56
81 18
81 98
13 66
27 0
96 23
23 95
8 50
56 10
19 83