51 52 80 81 36 37 40 41 49 50 84 85 92 93 97 98 45 46 75 76 87 88 96 86 55 56 77 20 21 53 89 90 0 1 94 19 54 61 62 95 2 3 74 28 29 60 99 22 67 68 48 59 57 25 26 33 34 44 12 13 16 17 38 73 35 5 6 7 8 39 27 18 23 24 58 70 71 31 32 14 82 83 9 11 30 10 15 66 4 65 72 69 63 43 42 91 47 64
51 50
51 52
52 53
80 81
81 82
36 35
36 37
37 38
40 39
40 41
41 42
49 48
49 50
84 83
84 85
85 86
92 91
92 93
93 94
97 96
97 98
98 99
45 44
45 46
46 47
75 74
75 76
76 77
87 86
87 88
88 89
96 95
55 54
55 56
56 57
20 19
20 21
21 22
53 54
89 90
90 91
0 99
0 1
1 2
94 95
19 18
61 60
61 62
62 63
2 3
3 4
74 73
28 27
28 29
29 30
60 59
22 23
67 66
67 68
68 69
48 47
59 58
57 58
25 24
25 26
26 27
33 32
33 34
34 35
44 43
12 11
12 13
13 14
16 15
16 17
17 18
38 39
73 72
5 4
5 6
6 7
7 8
8 9
23 24
70 69
70 71
71 72
31 30
31 32
14 15
82 83
9 10
11 10
66 65
65 64
63 64
43 42