33 32 34 31 35 30 36 29 37 28 38 27 39 26 40 25 41 24 42 23 43 22 44 21 45 20 46 19 47 18 48 17 49 16 50 15 51 14 52 13 53 12 54 11 55 10 56 9 57 8 58 7 59 6 60 5 61 4 62 3 63 2 64 1 65 0 66 67 68 69 70 71 72 73 74 75 76 77 78 79 80 81 82 83 84 85 86 87 88 89 90 91 92 93 94 95 96 97 98
33 32
33 34
32 31
34 35
31 30
35 36
30 29
36 37
29 28
37 38
28 27
38 39
27 26
39 40
26 25
40 41
25 24
41 42
24 23
42 43
23 22
43 44
22 21
44 45
21 20
45 46
20 19
46 47
19 18
47 48
18 17
48 49
17 16
49 50
16 15
50 51
15 14
51 52
14 13
52 53
13 12
53 54
12 11
54 55
11 10
55 56
10 9
56 57
9 8
57 58
8 7
58 59
7 6
59 60
6 5
60 61
5 4
61 62
4 3
62 63
3 2
63 64
2 1
64 65
1 0
65 66
66 67
67 68
68 69
69 70
70 71
71 72
72 73
73 74
74 75
75 76
76 77
77 78
78 79
79 80
80 81
81 82
82 83
83 84
84 85
85 86
86 87
87 88
88 89
89 90
90 91
91 92
92 93
93 94
94 95
95 96
96 97
97 98