0 83 55 62 28 40 80 3 39 64 79 14 90 70 17 5 48 76 41 81 27 12 32 4 67 68 2 66 54 72 38 1 56 6 71 53 59 37 36 94 57 35 34 8 26 93 22 49 73 10 69 13 52 21 78 85 43 88 61 84 46 42 77 7 16 87 91 18 11 60 58 29 25 65 24 45 75 92 74 23 31 33 15 19 50 89 82 30 9 63 44 20 51 86 95 47 98
0 83
0 3
0 68
0 23
83 55
83 80
83 39
83 74
55 62
55 28
55 64
62 79
62 88
28 40
40 32
40 95
80 12
80 51
3 9
79 14
79 70
79 17
79 5
79 41
79 66
79 52
79 98
14 90
90 81
90 27
90 59
90 37
90 94
90 84
70 38
17 76
5 48
5 2
5 78
48 43
41 10
41 58
81 36
81 7
27 54
32 4
32 67
32 30
68 61
68 31
2 46
2 42
2 91
66 8
66 73
54 72
54 6
54 26
54 15
72 1
72 56
38 21
1 89
1 82
56 93
6 71
6 22
71 53
53 77
53 65
37 57
37 13
36 16
36 47
57 35
57 34
35 85
34 49
49 69
73 20
10 11
69 33
78 60
46 29
46 24
42 44
7 87
91 18
18 63
11 75
58 92
29 25
24 45
92 19
74 50
74 86