26 27 77 46 37 99 97 2 57 73 56 33 40 91 42 86 20 55 10 35 3 17 8 32 36 41 79 89 7 6 31 74 62 44 16 96 21 66 76 28 88 68 11 52 98 82 48 72 15 80 22 23 85 25 51 1 5 9 43 38 54 47 53 92 60 67 24 69 14 61 95 65 75 63 12 81 58 59 0 18 39 70 19 90 30 84 29 83 49 50 78 13 87 64 34 93 4 45 71
26 27
26 11
26 50
77 46
77 33
77 89
46 25
37 99
37 6
99 56
99 44
97 2
97 15
2 74
57 73
57 89
57 67
73 45
33 30
40 91
40 10
42 86
42 74
42 19
42 4
20 55
20 62
20 54
20 23
55 92
10 35
10 38
10 24
10 83
35 47
3 17
3 7
17 85
17 41
8 32
8 82
32 52
32 93
36 41
41 14
79 89
79 52
79 58
79 18
89 53
89 21
89 90
7 69
6 31
6 80
74 0
62 82
62 71
44 21
44 81
16 96
16 88
16 85
96 68
96 82
96 66
66 76
66 59
66 29
28 88
88 0
11 49
52 98
52 78
82 49
48 72
48 65
72 15
22 23
25 51
1 5
1 65
5 61
9 43
9 54
54 39
47 67
92 60
67 34
61 95
95 64
65 75
63 12
63 4
0 13
39 70
30 84
30 87