9 20 5 22 19 98 14 51 63 77 1 7 55 3 33 25 6 65 21 53 8 44 15 12 17 67 46 13 49 59 54 58 56 48 4 16 24 88 36 42 40 11 99 10 23 35 0 27 66 28 26 84 43 64 61 94 32 78 62 81 71 47 31 97 18 68 52 79 69 30 80 45 34 38 93 95 73 72 90 39 70 83 50 57 60 76
9 20
9 55
9 13
9 48
9 23
9 21
20 77
20 67
20 30
20 39
5 22
5 14
5 46
5 62
5 57
22 60
19 98
19 10
19 90
98 6
14 15
51 63
63 17
77 3
1 7
1 8
1 13
1 84
7 6
33 25
33 26
33 0
33 43
33 80
25 36
25 79
6 65
6 44
6 35
6 28
6 94
6 49
21 53
21 66
21 70
8 11
15 12
12 4
12 35
12 31
17 16
17 67
13 61
13 34
49 59
59 54
54 58
56 48
4 97
4 76
16 69
24 88
24 23
42 40
42 26
11 99
11 32
23 95
0 27
0 47
0 50
27 18
28 43
26 64
26 83
32 78
32 93
78 71
62 81
62 73
18 68
52 79
52 38
30 45
72 90