11 60 13 66 0 27 21 88 16 75 8 51 64 20 86 14 68 85 59 4 38 6 43 7 47 5 40 9 53 25 1 28 44 41 19 83 42 74 3 34 46 10 55 48 22 91 30 90 12 61 52 2 33 73 56 65 24 97 87 17 77 49 18 81 54 26 84 15 72 29 36 70 69 80 58 31 79 37 71 99 67 39 93 23 96 62 95 89 94 57 98 92 76 63 82 32 45 35 50
11 60
11 59
11 58
13 66
13 64
13 65
66 90
66 76
0 27
0 25
0 26
27 70
27 84
21 88
21 90
21 89
16 75
16 74
16 73
8 51
8 49
8 50
64 69
64 62
20 86
20 85
20 87
86 33
14 68
14 69
14 67
4 38
4 37
4 39
6 43
6 44
6 45
7 47
7 46
7 48
47 41
5 40
5 41
5 42
40 84
9 53
9 52
9 54
53 98
25 44
25 56
1 28
1 30
1 29
19 83
19 84
19 82
3 34
3 36
3 35
34 58
34 62
10 55
10 56
10 57
22 91
22 93
22 92
30 90
12 61
12 62
12 63
52 49
2 33
2 31
2 32
33 97
73 94
65 81
24 97
24 99
24 98
87 95
17 77
17 76
18 81
18 80
18 79
15 72
15 70
15 71
69 95
37 98
71 67
93 76
23 96
23 95
23 94