23 30 90 3 20 48 49 1 16 7 17 67 39 32 29 4 5 24 15 34 92 89 88 85 11 74 2 10 8 35 21 19 63 53 50 75 76 6 18 54 0 9 71 42 87 28 33 72 58 83 43 44 82 12 84 13 96 46 22 78 25 37 65 73 98 60 27 52 51 14 26 57 68 86 55 56 36 64 38 70 91 40 97 31 61 47 81 94 77 69 95 41 59 62 93 45 79 99 80 66
23 30
23 90
23 24
23 89
23 51
30 29
3 20
3 2
3 22
20 82
48 49
48 46
49 28
1 16
1 7
1 39
1 4
1 5
16 18
16 53
7 32
7 96
17 67
17 44
17 42
67 6
67 0
67 57
39 15
39 63
39 38
32 29
32 10
32 52
4 2
5 73
24 86
34 92
34 27
34 68
34 31
92 71
92 10
92 64
92 70
89 88
88 85
11 74
74 28
74 36
74 75
2 13
2 47
10 8
8 35
8 91
21 19
21 13
63 54
63 84
63 65
53 50
75 76
75 78
6 18
6 40
54 55
54 60
0 9
0 14
0 26
9 12
71 72
42 87
33 72
72 36
58 83
58 57
58 59
83 66
43 44
44 61
13 45
46 77
22 79
25 37
37 27
98 60
98 97
52 94
55 56
38 62
70 93
97 99
47 81
47 41
81 80
69 95
69 93