99 40 92 20 25 57 6 67 59 7 9 46 48 79 4 51 49 93 89 17 80 86 84 31 5 44 88 39 50 35 77 23 52 72 76 55 15 3 43 34 78 85 90 83 65 11 36 56 62 94 63 54 61 26 68 37 8 64 0 24 73 12 19 41 14 66 69 38 13 18 71 95 21 70 60 28 22 53 97 81 82 27 87 91 98 16 29
99 40
99 77
99 83
99 22
40 31
40 61
40 98
92 20
92 9
92 18
20 19
20 71
20 27
25 57
25 35
57 88
6 67
6 76
6 8
59 7
7 9
9 49
9 56
46 48
46 44
48 11
79 4
79 51
4 49
51 43
51 35
49 85
93 89
93 36
89 24
17 80
17 53
80 3
80 15
80 35
80 16
86 84
84 90
31 5
31 23
31 69
44 88
44 90
44 21
39 50
39 72
39 36
50 52
50 81
35 28
35 29
77 52
23 94
52 15
52 8
72 55
72 64
76 38
76 82
3 26
34 78
34 13
78 0
78 19
85 87
90 95
83 65
65 60
56 62
63 54
63 61
26 14
68 37
68 8
64 66
73 12
12 21
19 41
18 91
21 70
53 97