70 15 72 71 81 94 23 95 96 53 9 52 38 50 54 64 63 12 80 35 61 73 16 75 62 18 4 39 31 36 2 79 32 33 91 8 51 37 22 87 13 89 85 58 3 86 21 88 34 74 11 90 20 83 46 59 60 49 45 29 41 93 47 92 1 5 30 78 6 44 40 43 7 25 28 42 66 65 0 82 55 27 97 17 24 77 76 19 26 48 98 57 84 99 56 10 68 14
70 15
70 94
70 53
15 72
15 71
72 81
71 38
71 50
71 31
81 18
94 23
94 63
94 73
23 95
23 96
95 80
95 35
53 9
53 64
53 36
9 52
9 54
38 4
38 91
50 8
64 13
63 12
63 58
12 61
12 62
80 89
35 3
35 86
61 85
61 83
73 16
16 75
16 74
75 90
75 46
18 79
4 39
4 37
39 45
39 29
39 41
31 2
31 87
2 32
2 33
79 27
91 22
91 47
8 51
8 49
51 78
37 25
22 93
22 92
13 65
89 21
85 20
58 11
3 34
86 82
21 88
88 84
34 55
11 59
11 60
83 19
83 56
46 57
49 97
45 6
29 1
41 5
41 66
93 48
47 7
1 30
1 28
5 40
5 42
78 17
78 77
6 44
6 43
44 98
25 0
42 68
0 26
55 10
97 24
17 76
24 99
68 14