32 17 49 70 8 20 12 89 6 18 16 36 29 11 35 61 40 0 25 50 13 98 10 65 68 48 66 62 95 83 2 38 21 5 51 22 53 67 3 26 81 44 85 90 88 91 92 74 4 86 7 87 94 84 79 82 15 99 76 80 75 78 58 37 93 77 96 97 30 42 9 64 24 1 60 57 14 47 27 52 59 28 55 71 23 45 33 73 41 54 56 63 46 43 19 31 69 72
32 17
32 36
32 29
17 49
17 70
17 89
49 8
70 20
70 12
8 18
8 16
8 81
20 6
20 91
12 85
89 0
6 26
18 11
18 90
16 88
36 40
29 35
29 61
29 98
61 25
61 10
40 50
40 13
0 44
0 92
0 74
0 4
0 86
0 7
0 87
0 94
0 84
0 79
0 82
0 99
0 76
0 80
0 75
0 78
0 93
0 77
0 96
0 97
25 65
25 68
25 95
50 53
50 3
13 67
10 48
10 66
10 62
10 83
65 21
65 51
66 2
62 38
38 5
38 22
22 69
22 72
44 15
74 1
4 58
4 37
4 30
86 14
7 42
94 24
15 9
15 64
15 60
99 33
93 23
97 28
30 27
9 71
64 57
64 47
64 59
24 52
24 55
1 45
14 73
27 54
28 56
55 41
23 63
73 46
54 19
56 43
63 31