13 47 89 11 34 77 69 54 5 84 87 88 8 99 33 45 91 92 65 30 32 72 55 43 7 39 75 71 95 2 37 82 25 1 73 19 36 86 57 29 80 4 26 42 70 90 31 98 62 15 96 18 49 76 66 38 60 97 40 16 14 9 50 21 12 61 51 35 10 48 58 27 44 74 56 17 63 53 20 41 23 93 3 64 79 94 28 83 78 46 52 81 85 68
13 47
13 38
47 71
89 11
89 31
89 33
11 94
34 77
34 57
34 65
34 68
77 86
69 54
69 14
54 82
54 3
5 84
5 87
5 88
5 71
5 83
5 52
87 57
88 8
88 97
88 61
88 81
8 99
99 7
99 80
33 45
33 50
33 51
45 36
45 42
45 76
45 66
91 92
91 96
91 9
91 79
92 19
92 70
65 30
65 26
65 58
30 75
30 2
32 72
32 95
32 53
55 43
55 73
7 39
75 60
95 37
95 49
95 12
95 16
2 44
2 20
37 82
37 57
37 62
82 17
25 1
25 74
25 18
73 18
86 18
86 41
57 29
29 90
29 28
80 50
80 48
4 26
31 98
62 15
15 27
96 14
76 10
40 16
14 85
21 12
21 56
61 23
51 35
58 93
58 78
17 63
41 46
3 64