8 93 97 24 44 33 79 85 89 82 75 57 27 29 12 13 54 83 96 81 64 58 80 28 50 56 38 60 34 94 43 88 67 22 39 35 10 36 40 49 20 1 25 2 74 23 62 5 68 98 32 92 55 14 73 70 78 63 15 65 45 72 48 30 87 41 6 61 53 42 95 0 4 18 76 19 31 3 71 21 91 86 17 59 9 26 84 51
8 93
8 62
8 64
97 24
97 22
97 74
97 9
24 54
24 36
44 33
44 89
79 85
79 95
79 17
79 59
79 92
79 26
85 57
89 43
89 23
89 21
82 75
82 57
82 67
75 40
75 34
27 29
27 87
29 30
29 36
29 31
12 13
12 32
13 88
13 19
13 10
54 96
83 96
96 72
81 64
81 94
81 78
58 80
80 70
28 50
28 61
56 38
56 36
38 39
60 34
60 1
94 43
43 49
43 51
88 67
39 61
35 10
35 65
35 76
10 0
40 86
49 20
49 45
20 25
25 98
2 74
74 41
5 68
68 76
32 6
32 87
32 70
92 55
14 73
14 61
73 63
70 78
70 48
63 15
15 71
15 3
53 42
53 3
0 4
0 91
18 76
26 84