72 6 37 64 93 38 77 28 61 25 88 5 50 96 10 69 92 53 65 80 35 39 9 70 57 14 58 11 30 82 79 76 84 56 23 89 94 12 47 29 1 99 40 22 41 17 8 49 85 67 83 66 86 18 52 36 0 46 59 34 87 16 78 75 7 63 97 45 32 48 31 24 2 68 62 54 3 27 42 20 98 26 55 60 15 13 33 71 91
72 6
72 37
6 26
37 64
37 93
93 38
93 67
93 66
38 77
38 61
38 52
77 28
77 25
77 88
77 83
28 97
61 5
61 86
61 75
25 50
25 69
25 11
88 48
5 59
50 96
50 39
50 79
50 89
96 10
96 70
96 23
96 41
10 92
69 53
92 9
92 84
53 65
53 58
65 80
65 35
80 12
39 0
9 57
70 56
70 29
70 22
57 14
57 99
57 17
14 47
58 30
30 82
30 94
30 63
30 33
82 76
79 36
84 1
56 40
56 85
23 98
89 18
47 46
1 8
99 49
40 32
66 42
86 62
18 24
52 34
52 87
52 78
36 13
0 7
59 45
59 31
59 68
59 27
87 16
87 55
87 60
63 15
45 3
24 2
2 54
3 20
15 71
13 91