19 48 53 58 4 57 68 62 99 56 78 37 75 0 15 30 88 80 31 83 29 66 44 72 79 59 45 47 97 6 54 46 13 34 86 3 63 32 67 23 93 11 10 89 92 69 51 39 14 17 12 28 33 9 7 16 95 70 25 74 42 73 1 64 24 5 41 2 38 65 60 55 49 35 84 21 87 52 40 85 98 81 18 77 82 8 26 43 61 90 27 91
19 48
19 46
19 4
48 59
53 58
58 4
58 44
58 51
57 68
57 6
57 54
57 34
57 14
68 13
62 99
62 45
56 78
56 74
56 8
78 72
37 75
75 69
0 15
0 39
0 7
15 51
15 1
15 72
15 26
30 88
30 46
30 24
80 31
80 46
80 16
31 98
83 29
29 51
29 42
66 44
66 47
44 92
44 84
72 79
79 23
59 67
45 13
47 97
47 25
46 63
13 32
34 86
86 73
3 63
3 10
32 69
32 41
67 43
23 70
93 11
93 14
93 61
11 33
10 27
89 92
92 28
69 17
69 5
51 82
14 52
12 28
12 77
33 9
33 65
16 55
95 70
25 2
42 73
1 64
64 49
24 18
41 81
2 38
38 87
60 55
60 85
49 35
84 21
87 90
52 40
81 91