10 25 26 20 21 70 71 60 75 0 1 32 35 76 82 85 84 99 8 11 33 34 49 50 51 58 61 83 44 45 94 95 5 7 55 57 79 6 14 24 38 29 56 80 81 86 23 16 18 22 30 31 36 40 42 64 74 66 68 88 90 92 17 47 41 73 67 72 97 91 27 19 2 46 96 98 39 28 15 3 48 4 13 37 43 12 87 9 69 65 89 78 54 63
10 25
10 9
25 26
25 20
25 27
25 28
20 21
20 19
20 3
70 71
70 27
70 69
71 79
60 75
75 76
75 78
75 79
0 1
0 2
0 4
1 98
32 35
32 29
35 33
82 85
82 79
85 83
84 99
84 83
84 86
84 92
8 11
8 7
33 34
34 49
34 36
34 42
50 51
50 54
50 55
58 61
58 57
44 45
44 19
94 95
95 92
5 7
7 6
7 39
7 15
55 57
57 56
57 65
57 89
79 80
79 81
14 24
14 23
14 13
24 38
24 22
38 47
38 37
38 39
29 30
29 31
86 87
16 18
16 15
18 17
18 2
18 19
40 42
40 39
42 41
42 43
64 74
64 73
64 63
64 65
74 88
74 72
66 68
68 67
68 69
88 97
90 92
92 91
47 46
97 96
46 48
96 98
13 12