36 22 64 45 39 53 43 78 46 38 13 62 51 80 79 67 91 40 31 57 28 71 32 37 44 30 75 8 41 76 52 66 61 19 59 63 6 1 48 15 82 92 25 73 87 5 35 34 3 9 90 77 23 16 14 4 26 65 0 70 20 21 83 68 24 10 12 11 29 86 18 93 94 81 27 33 72 85 42 58
36 22
36 31
36 75
36 40
22 92
22 12
22 59
64 45
64 39
64 66
64 37
39 53
39 79
39 43
43 78
43 65
78 68
78 15
46 38
46 40
46 6
46 94
13 62
13 66
13 70
62 67
62 8
51 80
80 59
79 6
67 91
67 90
67 26
67 63
91 20
40 4
57 28
28 72
71 32
71 9
32 75
32 77
32 10
37 44
30 75
30 93
30 58
8 41
76 52
76 63
61 19
61 24
61 3
6 42
1 48
1 87
1 23
48 21
15 82
82 35
82 73
25 73
73 33
87 5
87 90
5 83
34 3
34 0
3 16
90 85
77 14
23 16
23 11
23 86
4 72
26 18
70 81
29 86
29 27