11 12 13 14 15 16 17 18 21 22 23 24 25 26 27 28 31 32 33 34 35 36 37 38 41 42 43 44 45 46 47 48 51 52 53 54 55 56 57 58 61 62 63 64 65 66 67 68 71 72 73 74 75 76 77 78 81 82 83 84 85 86 87 88 10 19 20 29 30 39 40 49 50 59 60 69 70 79 80 89 1 2 3 4 5 6 7 8 91 92 93 94 95 96 97 98 0 9 90 99
11 12
11 10
11 21
11 1
12 13
13 14
14 15
15 16
16 17
17 18
18 19
21 22
21 20
21 31
22 23
23 24
24 25
25 26
26 27
27 28
28 29
31 32
31 30
31 41
32 33
33 34
34 35
35 36
36 37
37 38
38 39
41 42
41 40
41 51
42 43
43 44
44 45
45 46
46 47
47 48
48 49
51 52
51 50
51 61
52 53
53 54
54 55
55 56
56 57
57 58
58 59
61 62
61 60
61 71
62 63
63 64
64 65
65 66
66 67
67 68
68 69
71 72
71 70
71 81
72 73
73 74
74 75
75 76
76 77
77 78
78 79
81 82
81 80
81 91
82 83
83 84
84 85
85 86
86 87
87 88
88 89
1 2
1 0
2 3
3 4
4 5
5 6
6 7
7 8
8 9
91 92
91 90
92 93
93 94
94 95
95 96
96 97
97 98
98 99