23 89 11 6 75 95 74 85 90 52 26 32 88 27 33 34 36 16 65 47 7 82 94 15 77 79 99 20 51 54 71 21 62 97 9 59 84 17 37 64 13 56 44 68 35 1 41 72 42 73 30 87 70 86 57 69 58 18 29 25 3 91 12 10 5 0 80 67 66 39 81 60 40 83 46 50 96 38 14 55 28 19 48 93 4 92 98 76 63 43 24 49 31 22 61 45
23 89
23 91
89 5
11 6
11 90
11 24
11 49
6 46
75 95
75 40
95 42
74 85
85 46
85 4
90 35
52 26
52 76
52 24
32 88
32 73
32 18
32 94
32 35
88 55
27 33
27 86
33 63
34 36
34 28
36 20
36 54
16 65
65 13
47 7
7 67
82 94
82 9
82 84
94 81
15 77
77 54
77 44
79 99
79 22
99 59
20 51
20 21
51 30
54 31
71 21
71 93
71 86
21 56
21 42
62 97
62 61
97 84
84 68
84 72
84 58
84 96
17 37
17 12
17 22
64 13
13 60
68 19
35 5
1 41
41 91
41 39
72 42
72 0
73 70
30 87
70 83
57 69
57 12
69 81
58 3
58 50
58 92
29 25
25 66
10 5
0 80
0 66
80 14
67 46
81 45
60 50
96 38
19 48
92 98
63 43