10 23 9 81 60 64 22 98 67 86 63 92 15 47 76 91 59 61 3 28 44 78 85 48 57 31 2 74 8 37 24 94 99 0 70 88 39 49 55 97 77 80 32 33 27 21 12 36 7 90 72 87 69 20 89 42 6 1 53 54 13 25 93 5 83 84 96 43 95 51 17 65 30 18 29 62 41 46 52 58 14 79 16 71 40 45 66 50 4 75
10 23
10 65
23 24
23 90
23 79
23 40
23 4
9 81
9 20
9 76
9 93
9 83
60 64
60 57
60 7
60 61
22 98
22 58
98 70
67 86
86 88
63 92
63 47
63 27
63 30
63 25
63 31
92 91
15 47
15 45
47 14
76 91
76 48
91 6
91 5
59 61
3 28
3 2
3 29
28 44
28 42
28 62
44 99
44 32
78 85
78 31
85 16
48 57
48 88
48 89
57 99
57 87
2 74
2 0
2 39
2 49
2 12
2 46
2 75
8 37
8 54
8 12
37 41
24 94
24 70
70 6
39 97
39 52
49 21
49 66
55 97
97 69
77 80
77 7
32 33
21 96
21 43
12 36
36 72
36 17
72 53
87 95
1 53
1 51
13 25
83 84
43 71
18 29
52 50