85 59 16 21 11 12 23 13 6 48 40 93 18 64 49 97 8 83 24 55 60 14 65 22 1 69 0 3 71 74 7 61 95 47 20 35 34 78 67 30 32 73 62 79 77 44 29 89 80 82 39 92 68 91 96 88 37 58 15 56 75 53 17 33 87 99 43 94 51 5 9 81 98 76 86 70 46 42 72 66 90 41 36 28 27 26 52 54 63 25 10
85 59
85 56
85 89
16 21
16 93
16 61
21 43
11 12
11 6
12 74
23 13
23 37
13 58
13 76
48 40
48 34
93 74
93 35
93 67
93 34
18 64
18 92
18 29
64 79
64 37
49 97
49 73
97 92
8 83
8 7
8 39
83 41
24 55
55 87
60 14
60 70
60 90
14 95
14 80
14 54
65 22
22 0
22 81
1 69
1 30
1 37
3 71
3 91
71 79
71 42
74 86
7 77
61 77
61 20
61 52
95 62
47 20
47 44
47 46
34 78
34 33
67 68
30 32
62 87
79 15
29 89
29 9
29 72
82 39
82 28
39 87
39 81
91 27
96 88
96 36
88 15
88 63
37 75
37 51
58 5
58 99
53 17
17 33
33 99
87 10
43 94
5 25
9 26
98 76
66 90