16 29 0 26 86 72 92 77 99 70 82 94 88 80 63 64 62 89 83 69 97 73 96 93 66 76 71 85 75 61 91 78 67 87 90 74 81 98 95 84 79 68 65 32 28 31 40 18 21 59 42 37 22 44 23 24 55 3 25 53 12 36 45 15 41 1 43 13 30 35 48 17 4 38 9 49 58 47 27 52 51 10 20 5 7 60 11 57 6 56 46 54 14 2 8 39
16 29
16 37
16 12
16 52
29 59
0 26
0 86
0 72
0 92
0 77
0 99
0 70
0 82
0 94
0 88
0 80
0 63
0 64
0 62
0 89
0 83
0 69
0 97
0 73
0 96
0 93
0 66
0 76
0 71
0 85
0 75
0 61
0 91
0 78
0 67
0 87
0 90
0 74
0 81
0 98
0 95
0 84
0 79
0 68
0 65
26 55
26 53
26 3
83 31
73 17
96 49
32 28
32 18
32 21
32 22
32 44
32 13
31 40
31 24
31 43
31 11
40 36
18 23
18 58
59 42
59 36
22 51
44 14
23 3
3 25
3 1
25 10
12 7
36 45
15 41
15 43
41 57
1 47
1 30
43 2
30 35
48 17
48 6
48 54
17 60
4 38
4 8
38 6
9 49
9 27
9 46
49 56
10 20
5 7
57 39