81 17 54 83 22 31 57 12 19 47 25 11 21 5 61 72 44 73 56 64 27 15 38 48 24 0 82 37 62 92 36 7 16 63 4 41 14 85 45 89 99 88 32 1 68 13 84 80 18 65 29 86 49 58 76 55 33 60 52 79 20 91 10 28 8 53 35 75 40 30 96 50 67 69 9 95 66 98 87 23 71 97 46 34 93 94 51 74 70 42 26
81 17
81 0
54 83
54 82
83 45
22 31
31 61
57 12
57 99
19 47
19 56
19 4
47 21
47 41
47 65
47 38
25 11
25 71
11 9
11 66
5 61
61 72
72 41
72 73
44 73
73 64
64 27
64 23
64 74
27 92
15 38
15 48
15 69
38 98
48 24
48 85
48 46
24 55
24 67
0 65
82 37
82 92
37 76
62 92
92 7
92 51
36 7
16 63
16 60
16 8
63 50
41 79
41 70
14 85
14 86
14 28
89 99
89 1
88 32
88 20
1 68
1 76
1 35
68 26
13 84
13 66
13 86
80 18
80 28
18 33
65 29
86 20
49 58
49 52
49 75
76 60
52 10
79 10
79 96
79 34
20 91
53 35
35 93
40 30
40 98
50 97
69 94
69 42
9 95
98 87