1 62 49 94 92 9 28 54 30 11 39 22 73 24 25 5 0 90 21 42 3 2 12 60 61 91 29 69 26 83 84 59 4 87 58 77 75 27 70 88 82 13 6 74 23 7 38 93 86 32 81 10 52 66 31 64 15 85 63 16 17 71 19 20 18 67 56 79 48 8 80 40 35 36 34 53 44 33 57 47 89 55 50 43 51 14 78
1 62
1 49
1 5
1 4
1 29
1 80
62 55
94 92
94 30
94 2
94 23
94 47
92 15
92 51
9 28
9 54
9 5
11 39
11 12
11 10
11 52
22 73
22 27
22 52
22 56
22 48
24 25
24 71
24 26
25 87
0 90
90 38
21 42
21 3
3 2
2 12
2 69
2 4
12 8
60 61
60 59
61 19
91 29
91 26
91 13
91 89
83 84
83 36
84 58
77 75
77 70
75 85
88 82
88 64
13 44
6 74
6 93
74 71
23 32
7 38
7 66
7 8
93 86
93 53
93 50
86 19
32 81
32 63
10 31
52 67
31 57
64 79
64 36
15 85
16 17
16 78
17 18
19 20
19 18
20 40
20 35
35 36
35 34
34 33
55 14
43 51