71 73 61 56 58 29 88 9 1 13 82 0 16 68 32 44 12 98 41 90 93 40 35 55 66 96 50 34 59 67 79 39 33 63 49 84 27 20 86 65 24 5 62 87 95 92 94 23 75 2 6 22 43 77 11 81 99 21 46 91 28 74 60 47 89 72 18 15 3 54 25 69 38 26 48 70 4 14 10 45 37 53 42 97 83 31 78 76 57 51 17 19 85
71 73
73 32
61 56
61 44
61 38
61 37
56 96
56 34
58 29
58 90
58 15
58 51
88 9
88 3
9 93
9 53
1 13
1 93
1 34
1 87
1 75
82 0
0 32
0 21
0 26
16 68
16 49
68 44
32 50
44 41
44 95
44 25
44 70
44 76
12 98
12 24
41 65
90 72
90 18
93 21
93 47
93 97
40 35
40 63
35 20
55 66
55 50
50 81
59 67
59 33
59 20
67 94
79 39
79 28
39 17
39 43
63 62
63 11
84 27
84 15
86 65
86 46
65 11
65 74
65 31
24 5
24 28
5 69
5 14
87 2
87 28
87 18
87 4
95 42
92 94
23 75
2 6
2 78
6 22
43 77
77 83
11 60
81 99
46 91
28 45
74 10
47 89
3 54
54 48
10 85
37 57
53 19