30 58 59 57 28 56 60 53 72 61 69 74 79 80 21 22 62 17 29 43 16 64 44 68 37 66 42 76 77 93 86 90 15 40 46 71 41 88 10 12 13 11 52 45 51 9 89 97 98 27 38 78 35 26 91 99 96 94 34 8 33 2 87 7 32 6 67 36 0 85 18 31 4 1 20 92 3 50 70 48 5 47 49 23 82 73 81 65 95 39 83 63 25 14 24 19 84 75 54
30 58
30 80
30 43
30 44
58 59
58 57
58 74
59 60
57 28
57 56
28 21
28 22
56 53
56 62
60 72
60 61
60 69
60 64
72 76
61 27
69 68
69 90
74 79
74 71
80 52
80 78
21 17
21 29
21 15
17 9
43 16
43 38
16 37
16 8
64 66
64 88
44 42
66 89
66 91
42 40
42 46
76 77
77 93
77 86
77 94
93 96
90 97
90 98
90 92
15 10
15 12
40 41
40 36
71 67
41 45
88 99
10 13
12 11
13 51
13 4
11 33
51 18
9 2
97 70
27 26
27 20
38 35
38 50
38 48
78 87
35 34
8 7
8 32
2 31
87 85
87 95
7 6
7 0
67 65
36 39
0 1
18 25
1 3
20 23
3 5
3 14
48 47
48 49
47 82
49 73
23 24
82 81
81 83
81 84
65 63
25 54
24 19
84 75