0 74 37 1 5 14 60 55 79 78 81 64 71 29 49 76 53 69 54 67 68 83 63 65 96 82 62 77 52 61 59 72 57 73 66 56 70 51 58 89 80 75 43 35 50 87 93 99 32 86 95 94 97 47 11 84 85 20 2 44 91 17 88 90 92 98 40 30 42 23 16 3 33 28 18 8 36 6 27 19 9 10 26 46 24 45 13 34 39 12 4 48 31 21 25 15 22 7
0 74
0 37
0 60
0 55
0 79
0 78
0 81
0 64
0 71
0 49
0 76
0 53
0 69
0 54
0 67
0 68
0 83
0 63
0 65
0 82
0 62
0 77
0 52
0 61
0 59
0 72
0 57
0 73
0 66
0 56
0 70
0 51
0 58
0 80
0 75
0 50
37 14
1 5
1 29
1 96
1 89
1 87
1 93
1 99
1 32
1 86
1 95
1 94
1 97
1 84
1 85
1 91
1 88
1 90
1 92
1 98
5 47
14 17
14 18
14 24
43 35
43 9
35 20
35 48
99 20
47 11
47 28
47 25
20 8
20 27
20 19
2 44
2 40
2 42
44 26
17 19
17 31
40 30
40 10
30 46
23 16
23 4
16 46
3 33
3 26
33 21
28 39
36 6
36 12
36 4
6 45
9 10
45 13
34 39
34 7
48 22
15 22