92 79 93 80 96 10 87 50 77 49 90 89 75 42 2 16 88 63 85 67 12 58 30 36 33 54 40 74 72 51 8 78 71 66 81 60 52 69 83 13 47 26 95 32 82 9 3 98 73 24 46 38 91 84 86 76 7 37 14 59 48 45 39 94 65 28 56 34 55 15 57 64 23 19 22 97 25 11 0 99 41 70 31 53 4 62 35
92 79
92 50
92 26
92 88
92 60
92 94
92 99
93 80
93 88
93 82
93 11
80 96
96 71
96 66
10 87
87 67
87 69
50 31
50 62
77 49
77 83
49 15
90 89
90 66
90 54
90 83
90 84
90 78
90 30
90 97
75 42
75 81
75 2
2 16
2 74
16 24
88 32
63 85
63 74
63 67
63 41
63 4
12 58
12 82
58 40
30 36
33 54
54 91
54 45
40 7
74 71
74 76
74 39
72 51
72 13
72 15
51 65
8 78
8 14
8 23
78 64
71 59
81 95
81 57
60 52
60 0
69 86
69 28
83 56
13 47
32 25
32 53
9 3
9 0
98 73
98 91
46 38
38 48
38 84
91 70
84 37
28 35
56 34
56 55
56 19
19 22