19 52 92 59 35 44 72 6 24 75 74 26 84 29 63 30 33 98 0 66 86 18 68 82 9 93 8 61 28 81 5 16 62 27 65 50 12 7 85 42 71 37 97 4 70 46 2 88 56 21 22 94 78 10 23 45 17 14 99 83 13 77 67 51 47 32 57 11 49 60 90 58
19 52
19 92
19 59
19 72
19 9
19 71
52 75
52 63
52 68
52 16
92 17
59 35
59 44
35 78
35 45
35 99
35 90
44 6
44 24
72 82
72 8
72 32
24 62
75 74
74 26
74 84
74 30
74 42
26 29
26 33
26 65
29 98
29 86
63 14
63 83
33 2
98 0
98 66
0 18
0 21
66 22
86 70
86 67
18 61
18 46
18 88
18 10
68 93
68 85
68 57
9 27
8 28
8 81
8 7
8 11
61 4
28 5
16 37
62 56
65 50
65 77
50 12
7 47
85 13
42 23
37 97
37 51
2 94
47 49
11 60
90 58