90 21 88 89 80 49 46 8 50 51 77 17 76 78 47 38 7 48 43 6 44 29 30 1 31 28 55 10 87 57 56 62 20 4 37 39 42 99 96 45 34 86 2 36 33 32 5 3 66 73 60 12 61 54 63 68 95 11 24 93 98 94 40 23 81 41 35 16 22 97 58 15 85 59 72 71 18 9 14 52 91 53 79 92 70 69 74 67 64 83
90 21
90 80
90 49
90 46
21 88
21 89
49 8
8 50
8 51
50 77
77 17
77 38
17 76
17 78
17 15
76 47
76 43
78 55
78 87
78 62
47 7
47 29
47 30
38 4
7 48
48 99
43 6
43 31
6 44
6 45
44 34
44 86
29 42
30 1
30 96
1 28
31 2
31 36
28 60
55 10
55 54
55 68
10 57
10 56
87 20
56 95
62 12
20 85
4 37
4 39
42 5
99 24
99 93
99 94
99 81
34 3
86 73
2 33
2 32
33 66
32 72
5 40
5 41
3 35
73 16
60 11
12 61
12 63
54 9
63 69
68 14
68 64
11 58
11 59
24 98
24 97
93 22
94 23
94 53
81 18
81 70
35 83
16 74
22 91
22 92
15 71
18 79
9 52
91 67