2 6 27 31 52 56 77 81 4 13 19 29 38 44 54 63 69 88 26 25 50 51 76 75 0 1 5 30 55 80 14 39 64 89 32 57 28 35 3 10 78 85 60 53 41 46 66 71 61 11 15 34 86 36 16 91 17 47 33 72 67 92 42 58 59 65 40 62 18 43 68 93
2 1
2 5
2 4
2 6
27 26
27 30
27 29
27 31
31 32
52 51
52 55
52 54
52 56
56 57
77 76
77 80
77 81
13 18
13 16
13 5
13 19
38 43
38 41
38 30
38 44
63 68
63 66
63 55
63 69
88 93
88 91
88 80
26 28
26 25
25 34
25 33
50 59
50 58
50 51
51 53
76 65
76 78
76 75
0 1
1 3
5 14
30 39
55 64
80 89
14 15
39 40
64 65
28 35
35 36
3 10
10 11
78 85
85 86
60 40
60 61
60 53
41 47
41 46
66 72
66 71
61 62
61 67
11 17
15 34
86 92
36 42