94 93 76 73 78 69 13 51 17 39 1 99 98 82 46 84 66 2 15 96 45 27 52 30 86 21 43 85 7 83 89 22 23 74 59 72 91 10 38 80 67 24 68 87 70 60 0 81 92 33 64 3 75 11 63 58 32 55 9 79 19 47 49 53 48 35 77 95 62 71 29 34 50 88 54 97 37 12 57 18 26 5 42 36 40 4 14 6 61 44 41 25 28 65 8 16 31
94 93
93 66
93 81
93 87
93 62
93 42
93 70
93 65
76 73
76 67
76 69
78 69
78 2
78 45
13 51
13 47
13 96
17 39
17 22
1 99
1 96
1 11
1 33
1 61
99 7
99 68
99 14
98 82
98 9
98 30
98 24
46 84
46 66
84 60
84 54
84 18
66 85
66 72
66 97
2 80
15 96
15 24
96 87
45 27
27 77
52 30
30 26
86 21
21 70
43 85
7 79
83 89
83 8
89 33
89 57
22 23
22 95
23 48
74 59
59 97
72 91
91 36
91 6
10 38
10 49
68 0
68 63
87 29
70 53
60 55
81 92
81 77
81 3
92 49
92 41
33 64
3 75
3 4
11 5
63 58
58 12
58 40
32 55
32 50
55 44
19 47
49 71
49 95
53 25
48 35
35 16
77 34
50 88
54 37
37 31
28 65