94 18 87 25 65 23 27 40 47 58 53 60 43 67 35 36 44 34 51 50 75 79 49 71 89 95 42 88 39 30 73 29 57 63 38 61 21 64 98 74 37 26 15 92 8 3 96 81 93 48 10 33 45 24 59 99 78 76 85 11 9 41 14 12 2 54 5 4 83 69 20 6 28 7 84 16 80 77 68 22 91 52 82 62
94 18
94 3
94 11
87 25
87 67
25 92
25 16
25 68
65 23
65 33
27 40
27 49
27 37
27 96
27 45
47 58
47 61
47 33
58 30
58 62
53 60
60 96
43 67
43 88
43 35
43 61
67 57
35 36
35 26
36 91
44 34
34 59
51 50
51 21
50 80
75 79
79 6
49 26
49 15
71 89
71 39
89 33
95 42
95 84
88 10
39 80
30 48
73 29
73 84
29 24
63 38
63 2
38 48
38 11
61 76
21 64
64 7
98 74
74 85
74 24
37 59
15 99
92 8
92 77
8 81
93 48
10 54
33 69
33 82
45 4
24 5
59 12
59 22
78 76
76 9
85 41
85 52
41 28
41 6
14 12
12 20
2 5
4 83