91 45 8 42 87 20 48 69 84 35 33 50 24 14 98 15 39 10 32 89 44 6 58 70 85 52 12 81 25 36 5 4 68 9 92 53 94 26 80 76 47 1 30 74 62 34 23 38 75 64 56 79 96 72 93 49 99 66 88 27 17 86 7 41 82 97 3 71 0 46 83 40 29 31 16 78 19 77 67 18 2 11 22 51 21 60 13 54 95 65 90 61
91 45
45 47
8 42
8 5
8 98
8 27
87 20
20 69
48 69
48 27
69 44
69 81
84 35
84 6
84 47
33 50
33 70
50 93
50 99
50 68
24 14
24 79
14 39
14 49
14 99
14 54
98 15
98 26
39 10
39 58
39 61
10 82
32 89
32 99
44 70
6 58
6 62
6 36
58 85
58 13
70 95
85 78
52 12
52 9
25 36
4 68
4 34
68 72
9 92
92 74
53 94
53 47
53 2
80 76
76 82
76 74
1 30
1 86
1 71
1 3
1 19
1 22
30 41
30 97
74 38
62 64
34 23
34 83
34 16
34 0
23 7
23 60
38 75
75 67
64 56
64 40
56 3
56 90
79 96
99 18
66 88
66 16
17 86
71 77
0 46
40 51
29 31
29 78
78 65
2 11
21 60