0 27 24 98 12 62 2 33 6 44 16 74 19 82 73 3 36 1 29 63 4 39 26 43 11 59 34 25 9 53 7 47 32 21 89 23 94 90 22 91 54 92 5 42 96 45 86 14 68 28 20 87 58 8 49 75 10 57 61 15 72 35 52 97 83 76 56 41 13 66 40 50 30 17 78 88 99 51 18 79 55 38 95 60 48 64 65 80 93 69 85 84 67 46 81 37 71 70 31 77
0 27
0 26
0 25
24 98
24 97
24 99
12 62
12 63
12 61
62 74
2 33
2 32
2 31
6 44
6 43
6 45
16 74
16 73
16 75
19 82
19 83
19 84
73 94
3 36
3 34
3 35
36 69
1 29
1 28
1 30
63 68
4 39
4 38
4 37
39 47
11 59
11 58
11 60
59 34
34 54
25 76
25 45
9 53
9 52
9 54
53 48
7 47
7 48
7 46
32 64
32 81
32 37
21 89
21 90
21 88
23 94
23 96
23 95
90 86
90 51
22 91
22 92
22 93
54 92
5 42
5 41
5 40
96 70
45 30
86 20
14 68
14 69
14 67
20 87
20 85
8 49
8 50
8 51
75 76
10 57
10 56
10 55
15 72
15 71
15 70
97 40
97 88
83 99
83 78
76 17
56 46
13 66
13 64
13 65
17 78
17 77
18 79
18 80
18 81