6 43 5 42 17 76 23 96 4 39 12 62 18 80 45 10 57 19 83 11 59 44 13 66 8 50 9 54 14 68 24 97 15 72 7 48 22 93 16 75 98 52 51 63 99 55 90 92 37 95 70 0 26 77 71 25 84 27 74 41 46 67 20 87 81 1 30 69 78 60 64 21 88 53 40 58 79 28 49 61 65 94 85 91 2 31 56 47 32 3 35 36 82 73 34 29 86 38 33 89
6 43
6 45
6 44
5 42
5 41
5 40
17 76
17 77
17 78
23 96
23 95
23 94
4 39
4 37
4 38
39 91
12 62
12 63
12 61
62 90
62 54
62 79
62 48
18 80
18 81
18 79
45 91
10 57
10 55
10 56
57 25
19 83
19 84
19 82
83 99
83 51
11 59
11 58
59 52
59 66
59 68
13 66
13 64
13 65
8 50
8 51
8 49
9 54
9 52
9 53
14 68
14 67
14 69
24 97
24 98
24 99
15 72
15 70
15 71
72 75
72 86
7 48
7 46
7 47
22 93
22 92
22 91
16 75
16 74
16 73
52 33
99 90
99 60
90 21
92 74
0 26
0 25
0 27
26 94
77 79
77 71
25 74
20 87
20 85
20 86
1 30
1 28
1 29
30 58
21 88
21 89
40 65
91 36
2 31
2 32
2 33
3 35
3 36
3 34