64 13 65 66 68 14 67 69 48 31 95 23 98 7 52 2 86 46 96 94 79 92 47 24 30 54 9 32 97 33 40 58 18 53 81 20 85 11 99 22 57 87 60 44 80 42 27 75 93 73 1 5 51 70 28 74 59 8 50 78 29 63 16 49 10 55 41 91 0 21 6 45 77 34 12 36 72 3 35 88 15 90 83 89 26 43 61 56
64 13
64 68
64 70
13 65
13 66
68 14
14 67
14 69
14 21
14 3
67 48
67 31
67 95
67 52
67 92
69 98
69 97
48 7
48 30
31 2
31 40
95 23
95 86
95 46
95 79
23 96
23 94
98 24
98 57
7 47
52 9
2 32
2 33
86 20
96 54
94 58
94 44
79 18
92 22
24 99
30 1
54 87
9 53
32 42
32 27
32 75
33 73
33 63
40 5
40 41
58 11
18 81
18 80
53 74
53 55
20 85
85 51
11 60
11 59
22 93
22 91
57 10
87 72
60 78
44 6
44 45
44 77
42 36
27 49
27 0
73 16
1 28
1 29
51 8
70 15
70 83
28 34
8 50
63 12
10 56
0 26
21 88
21 90
21 89
6 43
12 61
3 35