21 88 18 79 15 72 7 47 22 92 6 45 93 10 56 1 30 12 61 16 73 0 25 26 19 83 13 65 9 54 23 96 44 52 5 42 91 70 53 62 8 50 4 37 39 84 2 32 74 51 24 99 41 14 69 86 11 58 46 17 78 98 76 20 87 40 89 3 35 33 71 85 34 60 81 28 27 49 90 80 48 36 64 29 55 59 75 95 68 63 57 77 43 31 66 82 38 67 94 97
21 88
21 89
21 90
88 86
18 79
18 81
18 80
79 51
15 72
15 70
15 71
7 47
7 46
7 48
47 84
47 54
47 25
47 97
22 92
22 93
22 91
6 45
6 44
6 43
93 95
10 56
10 55
10 57
56 25
1 30
1 28
1 29
30 34
30 68
30 83
12 61
12 62
12 63
61 98
16 73
16 74
16 75
0 25
0 26
0 27
26 87
19 83
19 82
13 65
13 66
9 54
9 52
9 53
23 96
23 95
23 94
44 32
5 42
5 41
5 40
42 64
42 74
42 77
42 31
91 59
70 69
62 46
8 50
8 51
8 49
4 37
4 39
4 38
37 60
2 32
2 33
74 86
24 99
24 98
41 76
14 69
14 68
14 67
86 20
11 58
11 60
11 59
58 80
17 78
17 76
20 87
20 85
40 60
89 66
89 36
3 35
3 36
3 34
95 43