42 77 23 76 69 54 64 90 35 27 96 11 52 41 49 55 97 50 78 14 36 40 9 81 17 60 86 0 74 44 61 65 2 83 48 93 43 82 79 84 68 6 72 92 67 24 31 25 10 1 19 95 57 91 75 20 34 80 33 15 26 98 62 59 85 21 37 56 99 38 45 4 89 94 13 70 18 46 22 7 87 66 28 29 58 12 16 3 71 73 88 63 8 5 30 53 39
42 77
42 23
42 16
23 76
23 69
23 19
69 54
69 49
69 97
69 95
54 64
54 90
54 55
54 50
54 86
54 15
64 78
64 48
64 25
90 35
90 27
90 11
90 52
90 14
90 36
90 40
90 1
90 20
35 9
27 96
27 41
96 17
96 60
96 91
96 75
11 83
11 21
52 92
55 24
97 81
50 67
78 0
14 10
36 72
36 45
17 57
17 80
86 38
0 74
0 44
0 94
74 61
44 43
44 79
44 4
61 65
61 87
65 2
65 93
65 82
2 7
48 6
48 89
48 18
82 68
79 84
84 99
84 22
68 28
24 31
31 85
10 34
10 26
91 56
75 33
75 62
75 59
75 37
75 3
20 71
80 13
33 98
59 29
85 66
85 58
37 73
37 88
38 63
4 46
13 70
46 12
87 39
66 5
66 30
28 53
3 8