72 15 70 71 49 8 51 50 44 6 45 40 84 56 10 43 37 57 4 38 19 39 77 17 76 78 64 82 95 93 83 5 42 97 53 55 32 31 24 29 98 13 59 99 22 94 35 96 54 91 92 23 3 2 28 34 66 1 11 47 58 9 88 41 7 30 60 65 62 63 36 21 46 75 86 73 69 16 48 12 61 52 20 80 14
72 15
15 70
15 71
70 49
49 8
49 44
8 51
8 50
44 6
44 40
44 84
44 56
44 37
6 45
6 43
45 95
45 31
40 5
84 19
84 53
56 10
56 93
56 96
10 57
10 55
37 4
57 32
57 99
57 94
57 35
4 38
4 39
38 77
38 97
38 29
19 82
19 83
77 17
77 64
77 98
17 76
17 78
78 47
64 13
64 34
93 22
93 28
5 42
5 41
42 88
97 24
53 62
53 63
32 2
29 59
29 1
13 66
13 65
59 11
99 75
22 91
22 92
94 23
35 54
35 3
54 9
3 36
66 73
66 69
1 30
11 58
11 60
47 7
47 80
58 86
9 52
88 21
7 46
7 48
63 12
86 20
73 16
69 14
12 61