29 13 95 82 11 63 99 31 50 48 25 64 35 68 98 96 5 26 21 90 94 32 30 67 86 52 20 93 92 79 9 49 91 83 19 87 37 27 51 8 76 12 28 33 88 3 23 61 39 1 69 77 58 73 2 71 74 72 53 16 54 15 44 85 62 17 80 18 45 7 34 47 4 66 84 81 60 75 40 24 57 14 36 97 42 43 0 55 10 56 70 78 46 59
29 13
29 52
29 92
29 79
29 24
13 95
13 30
95 82
95 11
95 63
95 99
95 64
95 49
82 86
82 76
11 48
11 71
63 31
63 68
99 20
31 50
31 35
31 90
31 67
31 88
31 18
31 78
50 21
48 25
48 91
48 8
25 51
25 45
64 32
64 83
35 98
35 5
68 66
98 96
98 7
98 47
96 26
21 4
90 94
90 3
32 54
30 39
67 9
52 93
52 61
20 85
20 62
20 34
92 72
79 19
79 77
9 75
9 70
49 87
49 37
49 74
49 40
91 27
91 33
91 69
19 14
87 36
37 84
37 0
27 12
51 28
12 80
33 43
33 46
3 23
23 60
61 53
61 15
39 1
39 56
1 2
77 58
58 73
2 17
72 44
53 16
44 57
17 97
18 42
45 55
45 10
7 81
56 59