2 3 9 15 1 12 48 22 0 8 16 96 90 97 14 13 99 83 45 81 38 29 98 89 11 85 46 47 70 87 60 69 39 36 74 35 67 95 80 43 73 86 31 77 42 5 19 51 61 30 93 66 62 79 57 91 64 17 25 27 34 63 84 65 6 92 82 33 53 28 88 26 24 94 54 75 56 59 50 40 52 41 76 72 21 71 78 68 49 37 44 55 20 32 4 58 10
2 3
2 22
2 47
2 70
2 69
2 74
2 67
2 80
2 73
2 77
2 66
2 79
2 65
2 75
2 76
2 72
2 71
2 78
2 68
3 9
3 15
3 48
3 96
3 90
3 97
3 99
3 83
3 81
3 29
3 98
3 89
3 85
3 87
3 95
3 86
3 93
3 91
3 64
3 84
3 92
3 82
3 88
3 94
9 20
15 19
1 12
1 16
1 60
1 51
1 61
1 62
1 57
1 27
1 63
1 53
1 54
1 56
1 59
1 50
1 52
1 49
1 55
1 58
12 8
12 6
12 26
22 21
0 8
0 45
0 38
0 46
0 39
0 36
0 35
0 43
0 31
0 42
0 30
0 34
0 29
0 33
0 28
0 40
0 41
0 37
0 44
0 32
16 4
14 13
14 11
14 17
14 10
5 19
17 25
17 20
26 24