60 61 86 4 87 32 63 26 44 45 12 64 56 33 48 46 70 53 68 13 89 42 47 97 58 36 62 93 1 35 90 55 50 66 84 24 39 77 43 20 31 41 10 22 51 91 11 67 81 18 82 6 85 25 19 94 92 30 27 79 34 14 80 2 8 21 71 15 95 9 99 59 72 5 3 37 57 23 52 7 98 96 75 73 38 0 83 29 40 76 49 16 54
60 61
60 4
61 86
4 87
4 32
87 63
63 26
63 44
63 46
63 36
63 72
63 57
26 45
26 12
26 64
26 42
26 58
26 83
44 25
44 37
45 59
45 75
12 53
64 56
64 33
64 68
64 89
56 13
56 62
56 18
33 48
33 70
33 94
48 19
70 27
68 8
13 47
13 97
89 6
47 1
58 76
62 93
62 22
62 23
93 35
93 90
93 55
1 92
35 24
35 31
90 50
55 66
55 84
55 67
50 91
66 39
66 77
24 20
24 0
39 41
39 21
39 49
77 43
43 10
43 15
43 98
20 51
20 81
20 82
31 79
31 38
41 71
10 11
51 80
91 2
91 95
67 85
67 7
81 14
81 52
18 3
6 99
25 9
92 30
92 34
8 5
8 54
99 40
59 96
59 16
57 29
75 73