41 80 15 64 59 82 95 75 22 74 68 7 69 43 35 55 48 42 98 67 54 91 34 88 31 60 21 53 62 20 38 37 93 92 96 26 29 3 70 72 13 56 16 4 1 30 9 89 66 8 76 11 78 18 12 57 90 84 99 51 47 94 24 63 52 61 32 79 85 5 36 45 77 65 19 33 86 23 81 87 83 28 27 49 25 44 39 71 6 73 14 46 40 17 50
41 80
41 69
80 59
80 73
15 64
15 8
64 40
82 95
82 57
95 29
95 78
75 22
22 71
74 68
74 53
68 31
7 69
7 65
69 96
69 8
69 45
43 35
43 1
55 48
48 76
42 98
42 3
42 9
42 49
67 54
67 63
67 6
54 53
54 34
91 34
91 51
91 27
34 62
88 31
88 37
31 9
31 18
60 21
60 25
21 51
53 12
53 83
20 38
20 18
38 56
38 1
38 70
37 13
93 92
93 86
26 29
29 24
3 44
70 72
72 90
72 77
56 84
56 39
16 4
16 85
1 30
30 85
89 66
89 52
66 33
8 51
76 19
76 63
76 32
11 78
11 51
78 99
47 94
47 33
47 28
94 46
63 50
52 61
32 79
85 86
5 36
5 25
36 71
36 14
19 33
33 87
86 23
23 81
87 17