94 58 18 69 83 60 72 89 33 19 28 3 23 91 70 5 13 96 11 95 61 24 1 25 82 79 57 38 92 20 48 75 93 41 64 17 21 98 76 62 77 55 6 49 53 44 14 85 88 87 2 8 15 16 42 34 32 78 9 0 26 81 46 51 99
94 58
58 18
18 69
69 83
69 60
69 72
69 89
83 2
83 42
60 19
60 77
60 44
72 33
72 17
72 21
72 62
89 85
33 55
19 28
19 3
19 75
19 99
28 23
28 11
28 53
23 91
23 70
23 96
91 92
70 5
70 24
5 13
13 38
96 1
96 20
96 49
11 95
11 61
11 15
95 79
95 57
61 25
1 93
25 82
38 46
20 48
48 41
48 64
21 98
21 76
76 14
62 6
62 88
62 87
6 51
53 26
85 78
2 8
8 9
15 16
42 34
42 32
42 81
34 0