0 81 9 20 97 4 17 30 29 24 77 98 14 27 78 82 90 63 38 33 79 3 10 43 21 45 59 1 72 83 5 53 74 80 6 55 87 67 61 57 75 11 94 91 34 58 39 35 85 32 37 86 23 2 99 52 26 42 76 15 92 40 28 36 41 95 44 13 84 46 49 31 93 69 68 22 56 25 51 7 62 18 88 16 50 54 60 48 96 12
0 81
0 80
81 9
81 39
81 99
81 87
81 12
20 97
20 98
20 94
20 7
97 38
97 42
97 32
97 51
4 17
4 94
17 31
30 29
29 78
24 77
24 43
77 27
98 53
98 52
98 36
98 41
98 59
14 27
14 61
14 54
27 92
78 82
78 38
78 67
78 15
90 63
63 74
63 28
38 57
38 86
38 68
38 22
38 25
33 79
33 21
33 69
33 62
79 91
3 10
3 39
43 21
43 6
43 72
43 34
43 40
43 85
21 75
21 99
45 59
1 72
72 74
72 95
83 5
83 26
5 42
53 74
55 87
67 11
61 46
61 49
61 60
57 88
75 44
94 23
34 58
39 93
35 85
35 50
35 48
32 37
37 76
86 18
86 96
2 99
92 56
13 84
13 88
88 16