3 33 7 99 98 72 73 74 75 76 77 78 79 80 61 81 82 83 84 2 21 22 23 24 25 26 27 28 29 51 52 53 54 55 56 57 58 59 62 68 69 90 0 12 85 86 87 88 89 91 92 93 94 95 96 97 71 1 63 67 11 66 64 65 30 4 45 20 10 31 32 34 35 36 37 38 39 41 42 47 48 49 13 14 15 16 17 18 19 43 44 6 8 5 46 40 60 70 9 50
3 33
3 2
3 31
3 32
3 34
3 35
3 36
3 37
3 38
3 39
3 4
33 72
33 73
33 74
33 75
33 76
33 77
33 78
33 79
33 61
33 62
33 68
33 69
33 71
33 63
33 67
33 66
33 64
33 65
7 99
7 98
7 80
7 81
7 82
7 83
7 84
7 90
7 85
7 86
7 87
7 88
7 89
7 91
7 92
7 93
7 94
7 95
7 96
7 97
7 6
7 8
2 21
2 22
2 23
2 24
2 25
2 26
2 27
2 28
2 29
2 51
2 52
2 53
2 54
2 55
2 56
2 57
2 58
2 59
2 1
90 50
0 12
0 1
0 11
0 30
0 20
0 10
0 13
0 14
0 15
0 16
0 17
0 18
0 19
30 40
30 70
4 45
4 41
4 42
4 47
4 48
4 49
4 43
4 44
4 5
4 46
20 60
10 9
40 50