80 69 21 93 28 61 11 27 31 60 72 99 3 29 77 2 71 96 85 62 57 92 58 41 63 35 26 4 70 67 16 76 23 30 46 91 87 40 22 89 37 68 43 74 49 75 6 33 59 45 12 79 34 20 42 32 53 84 15 90 7 19 88 64 48 56 39 54 1 5 10 14 44 0 9 13 25 36 97 73 95 66 47 17 55 81 65 18 8 82 83 86 50 98 78 52 51
80 69
80 48
80 93
80 36
69 55
69 95
21 93
21 10
93 33
93 0
93 54
28 61
28 43
11 27
11 88
27 62
27 60
31 60
31 3
60 8
72 99
72 42
29 77
29 19
77 46
2 71
2 17
96 85
85 4
57 92
57 18
92 12
92 20
92 4
92 59
58 41
58 88
41 70
41 67
41 53
63 35
35 95
26 4
26 68
26 42
4 46
70 50
67 43
16 76
16 23
76 54
23 30
23 47
30 74
30 32
30 81
46 84
46 25
91 87
91 15
91 75
40 22
40 32
22 64
89 37
37 8
43 74
43 52
74 39
49 75
75 84
6 33
59 45
59 98
45 79
45 34
12 53
12 17
34 65
20 73
20 9
15 14
90 7
90 44
90 82
7 73
88 51
48 66
56 39
39 5
54 86
1 5
10 78
9 13
97 73
82 83