63 64 62 73 74 71 72 12 59 60 90 91 15 3 4 92 65 25 26 37 38 50 51 8 61 80 81 84 24 95 96 79 17 11 18 39 40 32 33 35 36 20 21 9 53 86 97 56 57 87 22 14 31 70 93 89 49 2 66 27 29 30 54 43 44 98 75 28 67 68 47 48 82 34 76 52 83 78 77 41 42 46 69 5 45 23 6 58 55
63 62
63 64
64 65
62 61
73 74
74 75
74 72
71 69
71 70
71 72
12 14
12 11
59 58
59 60
60 61
90 89
90 91
91 92
15 14
15 17
3 2
3 4
4 5
92 93
65 66
25 24
25 26
26 27
37 38
38 36
38 39
50 48
50 49
50 51
51 53
8 6
8 9
80 79
80 81
81 82
84 83
84 86
24 23
95 93
95 96
96 97
79 78
17 18
11 9
18 20
39 41
39 40
32 30
32 31
32 33
33 34
35 34
35 36
20 21
21 22
53 52
53 54
86 87
97 98
56 55
56 54
56 57
57 58
87 89
22 23
66 68
27 29
27 28
29 30
43 42
43 44
44 45
75 77
75 76
67 68
68 69
47 45
47 46
47 48
82 83
78 77
41 42
5 6