4 13 12 21 15 25 16 99 98 41 44 10 6 88 89 52 55 65 64 90 93 85 87 17 2 3 19 20 39 38 0 50 71 77 95 96 86 73 72 78 79 82 83 53 94 1 35 57 58 32 31 66 68 67 70 76 59 91 81 84 26 24 97 92 49 9 42 43 33 60 11 14 7 46 48 45 63 62 23 75 22 47 5 80 18 34 27 37 28 36 51 74 69 40 61 56 30 29 54
4 13
4 3
13 12
13 21
13 10
13 14
12 16
12 18
21 17
15 25
15 27
25 26
25 24
25 23
99 98
99 89
99 97
41 44
41 35
41 40
44 45
44 54
10 6
10 9
10 11
6 7
6 5
88 89
88 77
89 85
52 55
52 50
52 53
52 61
55 59
55 56
65 64
65 68
65 67
65 59
64 62
90 93
90 91
93 94
93 92
85 87
87 86
17 23
2 3
2 0
3 1
19 20
19 33
19 22
19 18
39 38
39 42
39 34
38 37
50 49
71 77
71 70
77 73
77 79
95 96
96 97
86 91
73 72
73 67
73 69
78 79
79 82
82 83
82 80
35 33
57 58
58 59
32 31
32 18
66 68
66 60
70 76
76 81
76 74
81 84
81 75
49 51
42 43
33 34
46 48
46 45
46 47
45 51
63 62
18 30
34 36
27 28
27 29