11 90 87 78 7 45 0 85 42 72 95 18 54 35 93 15 71 9 31 44 21 14 17 37 28 25 57 86 40 51 34 46 75 96 2 63 30 36 55 91 56 60 77 98 24 29 3 70 84 81 73 41 19 10 59 76 74 89 38 23 47 69 50 6 48 8 32 53 20 13 62 33 1 64 12 66 22 4 83 99 92 82 27 88 80 65 68
11 90
11 93
90 21
90 9
87 78
87 93
87 95
78 63
78 35
78 15
78 45
78 50
78 41
7 45
7 24
7 3
0 85
0 14
85 17
85 46
42 72
42 75
95 18
54 35
54 81
93 33
15 71
15 2
9 31
44 21
44 22
21 51
21 91
21 36
14 4
37 28
37 73
28 30
28 63
25 57
25 56
86 40
40 81
40 47
51 29
34 46
34 55
34 82
46 89
46 98
75 96
96 53
96 66
96 84
63 84
30 56
36 55
55 83
55 99
55 92
91 6
91 88
56 60
56 69
56 13
56 62
77 98
98 32
24 20
70 84
81 76
41 19
41 1
10 59
10 47
76 74
89 48
38 23
38 8
69 8
6 80
13 12
1 64
12 68
99 27
99 65