60 57 61 55 54 56 53 59 52 58 51 48 45 49 43 46 40 42 44 50 41 47 38 37 39 62 64 63 66 68 65 67 70 69 36 34 33 32 31 29 35 30 71 74 75 72 76 77 73 78 80 82 83 79 81 84 86 85 27 28 26 23 25 24 22 20 21 18 19 16 17 14 11 13 12 10 9 8 15 6 7 5 2 98 0 4 1 3 97 95 96 89
60 57
60 61
60 62
57 55
57 54
54 56
54 53
56 59
56 58
53 52
53 51
51 48
48 45
48 49
48 50
45 43
45 46
43 40
43 44
40 42
42 41
50 47
41 38
38 37
38 39
37 35
39 36
62 64
62 63
64 66
64 65
66 68
68 70
68 69
65 67
69 71
36 34
34 33
33 32
33 31
31 29
31 30
29 27
71 74
74 75
74 72
74 76
75 78
72 73
76 77
78 80
78 81
80 82
80 79
82 83
82 84
83 86
84 85
86 89
27 28
27 26
27 25
26 23
26 24
23 22
22 20
22 21
20 18
20 19
20 17
18 16
18 15
17 14
14 11
11 13
13 12
12 10
12 9
9 8
8 6
8 7
7 5
7 4
5 2
2 98
2 0
98 1
98 96
1 3
1 97
97 95