46 92 0 71 20 23 82 31 86 3 76 13 39 80 79 10 33 4 5 75 27 28 9 38 88 58 43 2 22 19 16 36 6 45 65 63 81 34 15 42 25 78 52 69 30 57 26 53 59 41 17 68 73 64 97 85 91 47 49 37 7 54 98 99 50 18 29 87 61 51 66 32 93 95 14 24 72 60 48 89 55 77 40 62 94 1 74 21 56
46 92
46 97
92 0
92 33
0 13
0 88
0 7
0 99
71 20
71 10
71 93
20 36
20 37
20 66
23 82
23 79
23 88
31 86
31 9
31 63
86 33
86 98
3 76
76 4
76 38
13 80
39 80
79 41
10 6
4 62
5 75
5 28
5 15
5 2
75 43
75 73
27 28
27 58
27 91
28 19
28 1
9 38
9 2
9 78
88 49
43 45
43 51
43 60
2 22
2 17
19 47
19 37
16 36
16 61
6 53
45 65
45 72
65 42
63 59
81 34
34 95
34 77
15 52
15 94
42 25
25 24
78 56
69 30
69 26
57 26
57 14
57 99
57 48
17 68
17 40
73 64
64 18
64 89
85 91
54 98
99 50
18 95
29 87
29 14
66 32
14 21
48 55
55 74