1 94 37 61 0 45 20 65 35 73 39 89 4 23 2 12 53 55 95 15 56 57 77 5 68 80 40 22 62 88 46 49 18 93 19 13 33 85 96 67 8 63 81 44 34 54 91 6 14 7 78 43 17 26 98 32 60 9 36 24 52 10 72 59 47 42 76 82 66 64 30 21 41 71 48 11 90 50 38 28 87 70 79 3 83 97 84 29 69 75 27 51 74 25
1 94
94 35
94 67
94 60
94 72
37 61
37 98
37 6
37 67
37 75
37 87
0 45
0 80
0 10
0 42
0 30
0 88
45 73
45 70
20 65
20 22
65 2
65 19
65 49
35 2
35 7
73 91
73 64
73 50
39 89
39 77
39 55
39 84
89 40
4 23
4 69
23 96
2 82
12 53
53 26
55 95
55 71
95 36
95 7
15 56
15 78
57 77
5 68
5 21
68 9
68 91
80 66
40 78
22 43
62 88
62 79
46 49
18 93
18 17
19 44
13 33
33 7
33 26
33 32
85 96
85 64
96 8
96 52
63 81
63 34
63 51
34 54
34 17
34 24
6 14
6 38
14 47
14 41
14 74
7 48
78 90
26 59
26 21
36 24
10 97
42 27
76 82
64 3
11 90
28 87
79 25
83 97
84 29