14 79 46 73 60 9 10 99 90 41 49 89 18 13 1 22 17 59 58 92 81 11 82 96 45 35 87 85 72 23 80 30 37 97 7 20 8 95 66 64 2 39 53 29 50 63 68 25 75 71 67 40 84 12 26 54 88 48 86 3 76 70 93 5 43 27 62 4 16 98 57 52 31 32 65 6 21 56 36 34 38 83 33 15 19 55 51 28 42 0 74 61 91 94 44 47 78
14 79
14 67
14 19
14 78
46 73
46 81
46 38
60 9
9 53
10 99
10 66
10 12
99 82
99 88
90 41
90 32
90 71
49 89
49 17
89 63
89 48
18 13
18 7
18 1
1 22
1 34
22 62
17 59
17 2
17 33
59 96
58 92
58 85
58 16
92 97
81 11
81 40
81 67
11 50
82 96
96 68
96 98
45 35
35 31
87 85
87 83
87 28
87 47
85 93
72 23
72 7
72 76
23 97
80 30
80 70
30 38
37 97
97 43
7 95
7 64
7 88
7 71
7 6
20 8
8 54
8 3
8 57
8 55
2 39
39 61
53 29
53 84
53 98
50 15
25 75
25 5
25 93
71 67
71 26
71 56
48 86
3 62
76 65
70 51
93 52
43 27
43 94
27 91
4 16
98 0
52 31
6 21
36 34
36 42
83 74
33 44