38 97 33 69 60 31 7 64 76 27 47 22 70 88 54 3 73 46 18 39 45 32 65 81 13 10 71 9 4 98 40 51 96 23 24 17 28 99 14 67 48 72 66 53 35 41 52 36 82 62 56 25 77 49 20 63 19 43 89 5 79 57 85 15 21 78 2 93 91 16 30 90 0 1 84 83 8 44 87 34 61 12 68 74 26 42 59 94 86 29 37 11 50 92 80
38 97
97 60
33 69
69 60
69 13
69 67
69 35
69 19
60 1
60 26
31 7
31 52
31 91
7 4
7 77
7 29
64 76
64 2
76 46
27 47
47 96
47 12
22 70
22 46
22 99
22 49
22 87
70 16
88 54
88 53
54 90
3 73
3 99
73 51
46 9
46 18
18 39
18 96
18 68
45 32
32 4
32 61
32 84
65 81
81 14
81 30
81 34
13 17
13 14
13 24
10 71
10 51
10 56
9 4
9 85
9 63
4 48
98 40
40 51
23 24
23 50
28 99
28 78
28 86
67 48
48 72
66 53
66 49
66 11
53 62
53 25
53 57
41 52
52 74
52 80
36 82
36 43
62 43
62 89
25 5
20 63
63 44
5 94
79 57
85 15
85 21
2 93
2 59
16 37
90 0
84 83
8 44
68 92
42 59