94 49 69 63 24 80 90 73 92 7 2 78 75 19 88 20 31 53 55 16 96 62 54 81 77 67 1 28 51 40 36 99 48 41 10 18 91 47 64 25 52 0 82 71 89 65 56 22 43 42 13 83 76 32 44 29 57 46 3 45 9 38 93 86 59 72 26 39 15 6 97 34 23 79 21 14 66 37 17 27 84 4 58 5 74 11 35 68 50 30 60 61 33 70 98 8
94 49
94 16
94 77
94 28
49 69
49 41
49 17
69 39
63 24
63 1
63 37
63 27
24 67
24 79
80 90
80 76
80 16
80 55
80 5
90 22
73 92
73 17
7 2
7 93
2 52
2 30
78 75
78 62
19 88
19 84
88 10
88 81
20 31
20 56
20 0
20 57
31 91
31 25
53 55
53 25
55 9
96 62
96 44
54 81
54 1
81 36
67 21
1 43
28 18
28 60
51 40
51 6
40 66
40 64
36 14
36 4
36 68
99 48
99 91
41 71
10 32
10 3
18 13
47 64
47 71
25 35
52 0
52 15
82 71
82 72
82 8
71 98
89 65
65 76
43 42
43 44
42 13
42 11
83 76
32 29
57 46
3 45
3 26
45 74
45 33
9 38
9 70
93 23
93 58
86 59
86 50
59 14
97 34
34 58
14 61