12 42 78 16 59 20 10 21 35 31 46 89 27 2 29 18 51 4 74 68 49 80 93 67 81 22 84 87 8 61 65 43 37 75 38 45 63 25 50 39 26 23 9 11 54 47 82 28 55 36 1 69 77 30 83 32 56 40 76 33 94 52 53 7 17 48 79 73 44 91 97 85 0 3 24 98 58 64 6 90 62 71 14 70 5 57 72 96 95 88 15 92 60
12 42
12 4
12 69
12 28
12 95
42 54
42 90
78 16
78 53
16 8
16 51
59 20
59 27
59 93
59 77
59 5
10 21
10 23
10 73
10 96
21 68
21 98
21 48
21 72
35 31
31 24
31 7
46 89
89 56
89 22
2 29
2 7
18 51
4 9
74 68
74 1
49 80
49 67
49 40
93 39
93 64
67 87
81 22
81 83
81 91
22 6
84 87
84 94
61 65
61 26
61 40
65 30
43 37
43 62
75 38
75 24
75 5
45 63
45 32
25 50
50 23
50 15
39 56
39 11
39 17
9 11
54 76
47 82
47 32
47 3
47 30
28 55
28 33
28 48
36 1
36 0
36 14
30 83
56 71
56 70
94 52
52 62
53 85
7 60
48 79
73 44
97 85
97 58
85 70
5 57
96 92
95 88