91 29 51 12 66 30 19 7 81 50 47 34 75 53 68 74 98 31 83 64 11 59 87 85 36 56 16 6 22 70 15 0 14 24 23 97 89 60 2 71 54 61 92 49 76 35 96 33 52 42 63 37 46 82 44 25 21 77 10 28 69 58 62 55 3 18 80 20 32 39 65 86 94 27 17 8 72 38 40 9 57 67 41 13 43 78 88 79 26 48 84 45 73 4 90 1 5 95
91 29
29 51
51 12
51 66
12 30
12 92
12 10
66 77
30 19
30 50
30 83
30 59
19 7
19 81
19 49
7 11
7 37
81 33
50 47
50 34
50 75
50 53
50 68
50 15
47 36
34 85
34 6
75 74
75 87
53 31
68 70
68 14
74 98
74 0
98 64
31 76
83 20
83 17
83 8
64 22
59 89
59 60
59 42
59 63
87 23
85 52
36 56
36 16
16 54
6 96
15 24
15 46
0 32
14 61
14 84
23 97
97 26
89 71
60 2
60 43
71 65
71 78
54 82
54 25
92 28
49 35
49 72
35 62
33 67
42 45
63 39
37 21
37 55
37 86
37 9
82 44
21 41
21 88
77 38
10 69
10 58
58 3
58 18
58 80
65 27
65 1
86 94
86 57
17 40
8 79
8 5
72 90
67 13
67 73
41 4
13 48
13 95