76 92 77 79 36 44 57 59 21 53 27 31 19 51 14 30 20 23 0 1 12 52 60 54 62 68 22 69 71 11 17 25 32 33 2 6 55 46 61 24 97 29 16 80 81 56 64 65 40 34 38 26 28 58 89 4 5 37 39 49 84 47 83 87 99 66 9 42 18 82 93 15 10 74 3 13 41 88 50 48 35 73 91 67 70 95 98 43 8 63 75 78 72 7 90
76 92
76 68
92 84
92 93
77 79
77 93
36 44
36 32
36 52
57 59
57 56
59 51
21 53
21 20
21 23
21 17
53 61
53 52
27 31
27 11
27 26
27 91
31 23
31 29
31 95
19 51
51 55
51 49
14 30
14 12
14 46
14 15
14 78
30 22
30 26
20 4
23 55
23 87
0 1
0 16
1 9
12 13
52 60
52 48
54 62
54 22
62 63
68 69
68 64
22 6
69 71
17 25
25 24
25 89
32 33
32 40
33 97
33 41
2 6
2 66
2 3
6 70
55 39
46 47
24 88
97 65
97 99
29 28
80 81
80 88
56 58
65 67
40 42
34 38
34 35
34 50
26 90
89 73
89 93
4 5
37 39
83 87
66 82
66 98
9 73
9 8
18 82
18 50
10 74
10 8
74 72
3 7
35 43
67 75