57 6 78 5 30 77 28 37 1 25 32 93 76 87 17 39 2 50 34 29 18 27 4 58 7 16 31 14 83 13 47 38 65 81 90 8 21 15 45 43 56 66 55 91 62 24 48 80 52 72 36 0 61 42 49 88 46 92 41 59 3 9 67 23 35 51 64 85 33 69 98 11 12 26 70 86 84 74 96 22 79 82 73 54
57 6
57 28
57 14
6 21
78 5
78 42
78 33
5 24
5 67
5 29
30 77
30 27
28 37
28 8
28 36
28 24
37 13
1 25
25 11
32 93
32 65
32 98
76 87
76 80
76 49
87 21
87 48
17 39
17 26
39 31
2 50
2 18
2 90
2 4
50 52
50 27
34 29
18 62
18 55
18 46
18 73
27 88
27 9
4 58
7 16
7 51
7 11
7 26
14 83
13 81
47 38
47 43
38 92
65 45
65 12
21 26
15 45
15 43
15 64
56 66
56 69
66 22
55 91
24 96
80 92
52 72
0 61
61 41
61 67
49 46
92 59
41 82
3 9
9 84
23 35
23 12
64 85
69 98
11 79
26 54
70 86
86 79
84 74