42 39 45 47 48 50 52 51 49 46 40 53 44 43 41 38 37 36 33 34 35 32 27 29 30 22 21 23 28 26 25 24 31 20 54 56 57 58 61 65 59 60 68 55 74 66 75 76 64 73 62 70 69 67 63 19 16 11 7 14 12 13 8 10 15 6 5 9 17 4 71 72 18 3 2 1
42 39
42 45
39 40
45 47
45 44
47 48
47 49
48 50
50 52
50 46
52 51
51 53
40 38
44 43
43 41
38 37
37 36
36 33
33 34
33 35
33 32
32 27
32 29
27 28
27 26
29 30
29 22
30 31
22 21
22 23
21 20
28 25
25 24
31 54
20 19
54 56
56 57
56 65
57 58
57 55
58 61
58 59
61 60
61 70
65 68
65 66
59 75
60 74
60 73
68 76
68 67
76 64
76 63
73 62
70 69
19 16
16 11
16 14
11 7
11 12
7 6
14 10
14 15
12 13
12 8
8 9
10 17
6 5
6 4
17 71
17 18
71 72
18 3
3 2
2 1