33 17 85 21 97 43 68 14 86 75 72 38 4 88 84 66 20 80 95 13 49 73 55 81 67 77 99 31 96 39 36 22 28 76 2 23 90 32 15 34 46 12 63 42 48 16 83 74 19 79 11 65 94 25 62 3 24 89 59 41 91 29 92 57 54 35 93 5 60 30 70 82 7 56 78 9 58 18 44 47 6 1 71 61 50 51 0 26 45 98 10 52 27 37
33 17
33 57
17 5
17 68
85 21
85 47
85 71
21 72
21 46
21 89
21 50
97 43
97 16
97 25
97 70
43 29
43 60
68 14
68 80
68 4
14 93
86 75
86 55
75 38
75 37
72 12
72 76
72 13
38 4
38 2
38 82
4 15
88 84
88 23
88 35
84 28
66 20
66 27
20 94
80 23
80 1
95 13
13 74
49 73
49 28
49 63
73 96
73 56
73 59
55 81
81 24
67 77
67 22
77 31
77 48
77 78
99 31
96 54
39 36
36 83
28 76
28 42
28 65
28 58
76 92
90 32
32 15
15 34
15 79
15 18
15 44
15 45
12 62
12 91
12 51
63 48
48 30
83 11
83 61
19 79
19 94
19 6
19 26
19 98
11 65
11 7
11 10
3 24
59 41
91 9
91 52
93 60
70 0