24 11 5 28 30 37 43 26 39 23 72 90 14 58 60 21 92 38 22 88 66 48 12 77 68 0 1 84 86 98 55 85 56 78 67 99 69 96 83 70 74 75 80 81 91 79 87 97 93 95 76 89 94 73 40 71 82 2 20 3 34 35 36 31 7 6 13 8 15 25 29 33 17 27 9 18 41 4 32 61 46 19
24 11
24 86
11 5
11 48
11 77
5 28
5 30
5 37
5 43
5 72
28 23
28 90
28 58
30 26
30 39
30 60
30 92
37 66
37 98
26 21
26 38
26 88
39 68
23 14
60 0
21 22
21 12
21 84
21 55
38 67
38 99
22 85
22 56
12 1
12 78
1 69
1 96
1 83
1 70
1 74
1 75
1 80
1 81
1 91
1 79
1 87
1 97
1 93
1 95
1 76
1 89
1 94
1 73
1 40
1 71
1 82
69 2
96 35
83 20
70 3
74 7
75 8
81 15
91 29
79 13
87 25
97 36
93 31
95 34
76 9
89 27
94 33
71 4
82 18
2 6
20 17
3 41
31 61
8 46
29 32
18 19