35 54 73 62 47 2 28 16 82 41 44 38 66 29 55 31 64 11 60 48 12 80 78 34 18 7 86 99 72 68 20 67 53 21 61 76 19 52 1 8 74 27 51 46 59 71 58 77 94 14 65 84 13 97 15 32 89 45 90 5 83 88 17 42 79 6 4 49 91 56 36 9 63 98 0 3 39 30 50 87 69 70 22 40 93 92 24 81 37 23
35 54
54 73
54 28
54 59
73 62
73 47
62 55
62 15
47 2
2 66
2 3
28 16
28 82
16 80
82 41
82 44
82 38
82 64
41 7
41 21
44 29
38 34
38 46
38 77
66 20
29 36
55 31
31 11
64 86
64 72
64 67
64 49
11 60
11 48
60 84
48 12
48 69
12 70
80 78
80 68
34 18
34 99
18 19
18 1
18 8
7 79
7 92
99 61
99 87
72 51
72 97
68 5
20 13
67 53
67 42
67 4
67 56
53 17
21 27
21 71
61 76
19 52
52 50
1 65
8 74
8 58
8 30
27 6
46 94
59 9
71 98
58 89
94 14
94 81
14 90
65 40
65 23
97 45
97 83
97 88
15 32
90 39
5 22
79 93
6 63
49 91
49 0
9 24
39 37