56 91 22 93 92 62 25 68 14 69 67 76 71 73 39 4 17 15 16 75 77 37 74 63 70 72 88 21 38 89 43 99 90 30 94 34 86 23 3 20 84 6 45 44 95 24 85 96 36 80 29 18 35 78 48 60 54 1 87 81 28 59 79 42 66 19 13 97 83 33 40 9 98 5 12 27 11 7 49 8 64 82 65 53 57
56 91
91 22
91 62
91 25
22 93
22 92
93 68
68 14
14 69
14 67
69 76
69 71
69 73
69 39
67 63
67 48
76 17
71 15
71 88
73 16
39 4
4 37
4 38
17 77
17 78
15 70
15 72
16 75
16 74
75 60
37 59
37 27
74 57
63 12
70 94
70 34
70 86
72 84
88 21
88 43
88 99
88 30
21 89
21 90
89 54
43 6
99 24
30 1
30 33
30 40
94 23
94 80
94 29
34 3
86 20
23 95
23 96
3 36
3 35
20 85
20 87
84 66
84 19
6 45
6 44
95 28
24 97
24 98
80 18
80 42
18 81
18 79
48 7
60 11
54 9
54 49
42 5
66 13
66 53
19 83
19 82
13 64
13 65
49 8