96 14 52 49 83 88 42 93 51 37 0 20 66 38 56 65 25 10 1 15 23 98 31 17 68 8 47 45 34 28 59 30 39 69 77 44 67 86 87 89 27 76 21 78 36 95 94 24 9 41 16 4 57 90 19 71 73 84 35 33 80 99 48 29 74 58 55 32 26 6 75 62 7 40 70 54 50 53 2 61 85 22 12 11 3 91 13 63 97 18 5 64 46 92 79 82
96 14
96 44
96 86
96 62
14 21
52 49
52 90
52 94
49 9
83 88
88 15
88 29
88 92
42 93
93 51
93 70
51 1
51 38
51 33
51 32
37 0
37 61
0 10
0 87
20 66
66 87
38 56
38 41
56 84
65 25
65 34
25 53
10 1
10 77
10 97
1 45
1 59
1 3
1 50
15 68
15 22
23 98
23 28
23 6
98 58
31 17
17 9
17 82
68 63
8 47
47 24
45 76
34 39
28 76
28 18
59 29
59 85
30 39
30 67
39 84
69 77
77 73
44 89
44 57
67 48
67 79
87 78
89 74
27 76
27 35
76 75
21 78
21 94
78 71
36 95
36 16
24 6
16 4
16 73
19 71
84 80
84 46
35 26
99 48
99 12
55 32
7 40
7 70
40 11
54 50
50 64
53 2
53 13
22 5
11 91