73 67 7 94 55 60 41 84 2 25 68 10 6 75 29 74 51 64 21 58 52 59 18 46 4 42 30 32 13 61 53 79 88 77 78 43 81 33 8 19 9 28 63 45 62 87 97 98 65 36 92 35 44 16 11 90 38 93 15 49 57 91 83 85 50 80 27 5 23 14 31 69 12 40 47 72 70 26 76 71 1 20 66 34 54 48 3 17 99 86 89 24 96
73 67
73 64
73 85
73 29
67 87
67 34
7 94
7 75
7 63
94 46
55 60
55 51
60 75
41 84
41 50
2 25
2 4
2 81
25 36
68 10
68 13
68 71
68 86
10 65
6 75
6 57
75 45
29 74
21 58
21 33
21 85
52 59
59 33
59 90
18 46
18 32
18 78
18 5
18 12
18 89
46 77
42 30
42 9
30 19
32 28
13 15
61 53
53 28
53 97
79 88
79 62
79 49
88 77
88 65
88 38
88 72
77 91
77 83
78 43
81 54
8 19
8 65
8 14
8 24
9 92
9 35
9 50
62 27
97 98
65 36
92 23
35 69
44 16
44 86
11 90
11 5
90 31
90 47
38 93
15 17
57 48
50 3
80 27
80 26
23 66
14 99
69 40
69 96
40 1
72 70
70 20
26 76