12 96 98 29 3 84 42 86 81 36 99 15 56 19 21 61 24 14 59 2 35 23 27 28 34 82 54 57 90 16 5 60 10 77 11 88 71 78 70 20 31 79 51 73 26 50 37 4 22 44 93 41 39 45 72 63 74 33 95 85 25 97 83 75 52 17 69 7 80 49 13 92 91 68 62 1 94 55 65 66 58 64 32 8 18 6 48 46 40 30 67 53 9 76 0 38 87
12 96
12 82
12 8
96 90
96 69
98 29
98 35
98 61
98 24
29 79
3 84
3 11
42 86
42 61
42 59
86 82
81 36
81 7
81 26
36 19
36 71
36 54
99 15
99 82
15 56
56 80
19 21
19 93
19 67
21 22
21 83
21 38
61 75
24 14
24 1
14 25
59 2
59 20
2 31
35 9
23 27
23 16
23 70
27 28
27 26
28 34
34 11
34 31
34 6
54 57
16 49
5 60
5 44
5 49
10 77
77 88
11 58
88 55
71 13
71 37
78 70
70 85
20 51
20 73
73 18
73 55
26 50
26 97
26 52
50 94
37 4
37 64
44 68
44 76
93 95
93 74
41 39
41 83
45 72
45 49
72 32
63 74
33 95
33 30
33 87
83 91
52 46
17 69
80 0
13 92
92 66
62 1
65 66
64 40
48 46
48 53