90 21 89 88 41 5 40 42 67 58 38 61 82 11 84 19 83 93 72 4 60 59 39 15 22 64 37 87 92 91 70 48 71 53 56 12 98 24 99 85 7 47 46 81 63 18 80 13 20 74 69 66 65 77 86 79 14 95 49 78 96 52 8 97 50 10 16 51 55 17 76 57 68 23 34 9 45 73 94 31 62 28 6 33 44 26
90 21
90 41
21 89
21 88
41 5
41 67
5 40
5 42
40 58
40 82
40 84
42 61
58 38
58 11
58 93
38 72
38 4
61 12
82 19
82 34
11 60
11 59
19 83
93 22
72 15
72 87
4 39
4 37
60 48
60 98
60 85
59 64
59 81
59 63
39 56
15 70
15 71
22 92
22 91
64 13
64 74
37 53
37 45
91 28
48 7
48 69
53 9
53 33
56 10
56 26
12 62
98 24
24 99
24 97
99 49
85 20
7 47
7 46
47 78
47 96
47 52
81 18
18 80
18 79
80 77
80 95
80 55
13 66
13 65
20 86
74 16
69 14
65 68
77 17
49 8
96 23
8 50
8 51
97 31
10 57
16 73
17 76
23 94
45 6
6 44