11 80 7 20 86 56 14 58 60 50 73 70 30 97 24 77 68 28 88 85 5 48 38 59 96 32 29 71 31 40 41 67 75 79 81 42 18 2 17 93 34 23 44 46 25 10 55 6 78 98 66 69 39 82 45 84 53 43 35 16 8 90 65 83 19 54 27 57 72 94 26 92 4 13 37 33 74 61 9 89 49 64 0 62 47 51 22 63 87 15 21
11 80
11 53
11 33
11 69
80 74
7 20
20 97
20 10
86 56
86 30
86 97
86 6
86 94
86 61
56 42
14 58
14 79
14 0
58 2
58 37
58 34
60 50
60 81
73 70
73 72
73 47
70 67
30 48
30 55
97 31
24 77
24 18
24 92
77 5
77 71
77 96
68 28
68 98
68 46
88 85
88 31
48 38
48 46
38 69
59 96
32 29
29 92
71 69
31 75
40 41
40 78
40 82
67 83
75 35
75 21
79 62
81 19
81 54
18 45
18 22
17 93
17 34
93 15
34 66
34 69
34 49
23 44
23 16
44 49
46 26
25 10
10 84
6 13
78 74
98 51
66 4
39 82
43 35
16 8
16 89
90 65
65 0
54 74
27 57
27 37
72 94
26 63
4 87
13 9
13 64