61 4 54 75 87 49 94 68 45 65 0 3 5 53 55 74 76 16 12 56 1 51 60 21 33 62 36 7 48 50 85 2 24 84 88 26 73 44 46 64 66 6 78 89 86 93 47 20 35 67 69 43 77 37 52 8 42 25 28 57 15 17 71 11 13 30 34 32 59 63 83 18
61 4
61 62
4 54
4 87
4 49
4 3
4 5
54 75
54 94
54 53
54 55
75 68
75 74
75 76
87 56
87 86
49 45
49 0
49 48
49 50
68 67
68 69
45 65
45 44
45 46
65 2
65 64
65 66
0 26
3 51
5 1
5 78
53 16
53 52
55 89
74 21
76 12
16 15
16 17
12 8
12 11
12 13
56 20
56 57
51 60
21 33
62 36
62 35
62 63
36 7
36 43
48 24
50 85
50 84
85 25
2 88
2 93
24 83
84 73
73 28
64 6
89 77
86 47
47 37
69 42
8 30
15 71
11 34
11 18
30 32
30 59