3 40 32 75 54 17 47 84 5 48 42 33 76 34 77 51 25 15 58 45 11 1 44 80 56 22 43 63 97 86 39 65 6 49 53 96 41 20 85 90 68 55 92 59 57 23 35 72 31 36 73 16 2 88 71 27 83 79 10 52 95 24 61 81 14 50 26 69 4 30 46 9 98 91 94 7 60 0 89 64 12 38 70 74 28 66 18
3 40
40 83
40 74
32 75
32 6
32 66
75 41
54 17
54 80
54 20
54 11
54 88
54 91
17 43
47 84
84 58
84 50
5 48
5 42
5 31
48 85
48 14
42 16
33 76
76 39
34 77
34 71
34 0
34 68
77 43
51 25
51 94
25 68
15 58
15 41
58 95
45 11
45 2
1 44
1 35
44 10
44 7
44 70
56 22
22 65
43 86
43 6
63 97
63 26
63 20
39 65
65 31
65 28
65 91
6 49
53 96
53 90
53 16
53 27
85 59
55 92
55 81
55 98
55 89
55 18
57 23
57 83
23 60
35 72
35 9
72 46
36 73
36 79
36 2
27 64
83 46
52 95
24 61
24 50
26 69
4 30
30 64
46 89
46 12
98 64
64 38