22 32 96 92 85 67 19 20 30 31 51 94 3 9 36 70 42 55 43 6 5 49 90 14 35 88 47 68 78 77 41 65 59 86 62 53 1 7 21 44 46 73 34 74 89 63 61 25 54 97 76 8 71 39 80 72 18 29 37 87 56 23 40 26 93 79 27 17 16 66 13 64 99 82 83 15 45 98 0 60 12 57 4 24 11
22 32
22 36
22 93
32 56
96 92
96 54
96 71
96 60
92 82
85 67
67 49
67 35
67 97
19 20
19 86
30 31
30 54
30 65
31 70
31 88
51 94
51 5
51 41
94 77
94 63
3 9
9 77
36 25
36 66
42 55
55 7
43 6
43 56
5 21
5 23
49 74
49 15
90 14
90 8
14 78
14 57
35 63
35 37
88 76
47 68
47 8
68 53
78 25
77 7
41 72
41 27
65 59
86 62
86 18
86 16
86 26
62 4
53 1
53 7
1 17
7 40
21 44
21 83
44 34
44 80
46 73
46 99
46 13
73 39
73 89
34 61
89 63
25 87
54 97
54 98
76 11
8 26
71 79
39 29
56 12
26 45
13 64
82 0
83 24