20 19 21 18 22 17 23 16 24 15 25 14 26 13 27 12 28 11 29 10 30 9 31 8 32 7 33 6 34 5 35 4 36 3 37 2 38 1 39 0 40 41 42 43 44 45 46 47 48 49 50 51 52 53 54 55 56 57 58 59 60 61 62 63 64 65 66 67 68 69 70 71 72 73 74 75 76 77 78 79 80 81 82 83 84 85 86 87 88 89 90 91 92 93 94 95 96 97 98
20 19
20 21
19 18
21 22
18 17
22 23
17 16
23 24
16 15
24 25
15 14
25 26
14 13
26 27
13 12
27 28
12 11
28 29
11 10
29 30
10 9
30 31
9 8
31 32
8 7
32 33
7 6
33 34
6 5
34 35
5 4
35 36
4 3
36 37
3 2
37 38
2 1
38 39
1 0
39 40
40 41
41 42
42 43
43 44
44 45
45 46
46 47
47 48
48 49
49 50
50 51
51 52
52 53
53 54
54 55
55 56
56 57
57 58
58 59
59 60
60 61
61 62
62 63
63 64
64 65
65 66
66 67
67 68
68 69
69 70
70 71
71 72
72 73
73 74
74 75
75 76
76 77
77 78
78 79
79 80
80 81
81 82
82 83
83 84
84 85
85 86
86 87
87 88
88 89
89 90
90 91
91 92
92 93
93 94
94 95
95 96
96 97
97 98