85 49 0 41 38 79 98 48 53 62 57 42 63 16 84 56 22 1 9 68 8 55 36 76 80 24 94 66 89 4 70 29 21 37 97 83 5 13 32 87 74 17 72 77 88 10 43 59 73 27 61 65 78 81 30 82 23 90 33 34 35 86 11 75 52 71 51 99 93 92 47 25 95 14 46 58 96 20 45 15 69 18 40 12 91 2 60 67 31 39 7 26 50 64 28 19 6 54 3
85 49
85 99
49 74
49 94
0 41
41 81
38 79
38 77
38 12
79 66
79 52
79 69
98 48
48 11
48 83
53 62
53 33
53 15
53 2
57 42
57 24
42 81
42 28
42 19
63 16
63 84
63 9
63 77
84 1
84 21
84 93
56 22
56 72
1 37
1 36
9 87
68 8
68 27
68 43
55 36
55 10
55 91
36 86
76 80
76 4
76 88
80 81
24 89
94 66
94 11
66 89
66 3
89 7
4 17
4 50
70 29
70 59
21 73
37 34
97 83
5 13
13 58
32 87
17 72
17 23
88 45
10 14
43 59
73 27
73 47
73 6
61 65
61 90
61 69
65 46
78 81
78 51
78 18
81 26
30 82
30 34
90 33
34 95
34 40
35 86
11 75
52 71
99 31
92 47
47 58
25 95
46 39
96 20
20 18
40 60
2 64
67 31
50 54