3 10 46 47 11 32 34 48 23 24 52 54 13 0 2 30 35 14 20 21 6 9 15 31 38 39 8 7 5 18 12 17 25 19 50 49 29 1 16 45 36 44 28 22 33 27 82 83 4 43 40 57 58 37 56 26 59 84 41 42 66 69 61 63 86 68 71 70 72 74 64 87 76 67 60 62 65 51 55 75 88 85 81 89 73 77 78 80 79
3 10
3 11
3 0
3 4
10 13
10 2
46 47
46 43
46 41
46 42
47 48
47 56
47 51
11 20
11 21
11 18
32 34
34 30
48 57
23 24
23 22
23 27
23 26
24 25
52 54
52 51
13 14
13 16
0 1
30 35
30 29
30 28
30 33
35 39
35 36
35 50
14 15
14 8
20 22
6 9
6 8
6 5
9 19
31 38
38 39
8 7
8 28
12 17
12 1
19 45
19 44
50 49
49 57
82 83
82 75
82 81
83 84
43 40
43 37
57 58
58 59
56 60
56 71
84 85
66 69
69 68
69 70
61 63
61 60
61 62
61 55
63 64
86 68
86 87
86 67
71 70
71 72
70 73
72 74
64 65
87 76
87 88
76 75
85 89
81 80
77 78
78 79
80 79