40 50 94 95 49 59 4 5 90 80 98 88 99 89 0 1 91 92 81 70 9 8 72 7 10 11 6 2 19 22 29 39 20 97 77 12 79 18 21 27 42 52 3 17 74 75 13 16 23 15 33 87 47 57 78 32 93 84 60 51 61 71 31 25 48 14 96 66 34 43 41 56 53 35
40 50
50 60
50 51
94 95
94 93
94 84
95 96
49 59
49 39
49 48
4 5
4 3
5 6
5 15
90 80
80 70
80 81
98 88
98 99
98 97
88 89
88 77
89 79
0 1
0 10
1 11
1 2
91 92
91 81
92 93
81 72
70 60
9 8
9 19
8 7
8 18
7 6
7 17
10 20
11 22
6 16
2 12
2 3
19 29
22 21
22 23
22 33
22 32
29 39
97 87
97 96
77 78
77 66
12 13
18 27
21 31
42 52
42 32
52 53
52 51
74 75
74 84
13 14
15 25
33 43
33 34
47 57
47 48
60 61
61 71
31 41
25 35
66 56