21 20 19 83 82 18 29 61 17 84 81 80 30 79 60 59 58 16 46 93 62 37 92 32 57 38 67 56 94 15 95 33 5 68 66 44 69 31 55 91 63 36 50 49 96 14 52 4 13 90 39 3 6 11 43 40 70 34 89 53 35 2 10 12 7 28 85 48 71 65 9 27 75 23 51 26 64 97 54 78 24 86 1 0 74
21 20
21 1
20 19
20 46
19 83
19 18
83 82
83 84
82 29
82 81
18 61
18 17
29 30
61 60
61 62
17 16
17 44
84 85
81 80
80 79
30 86
79 78
60 59
60 93
59 58
59 37
58 57
58 67
93 92
93 94
62 63
62 75
37 38
37 36
92 32
92 91
32 33
32 31
57 56
57 15
38 5
38 39
67 68
67 66
56 50
94 95
94 52
15 14
95 96
95 90
33 55
33 34
5 4
5 6
68 69
68 9
66 65
69 70
31 28
55 54
63 48
63 64
36 35
50 49
50 51
96 13
96 97
14 43
52 53
4 3
90 89
39 40
3 2
6 11
6 7
11 10
11 12
70 71
53 23
28 27
27 26
75 74
23 24
1 0