78 23 97 93 41 37 25 27 4 5 44 30 0 57 53 79 95 60 52 84 90 70 50 76 43 10 2 3 69 59 29 17 86 62 15 18 49 40 58 73 12 34 9 47 45 7 80 66 31 81 14 65 51 88 68 61 98 42 13 63 87 74 75 38 16 35 82 28 77 11 19 33 22 56 26 89 67 8 55 72 1 36 85 20 32 39
78 23
78 45
78 47
78 17
23 51
97 93
97 5
41 37
41 28
37 70
37 60
37 15
25 27
25 53
25 5
27 47
27 88
27 75
27 38
4 5
44 30
30 77
0 57
0 84
57 2
57 28
57 13
53 86
79 95
79 66
95 73
60 52
60 68
52 67
84 90
84 89
50 76
50 63
76 51
43 10
43 20
10 82
10 15
2 3
2 11
3 58
69 59
69 87
69 61
69 1
69 77
59 15
29 17
17 40
86 62
86 33
18 49
18 80
18 73
40 58
40 81
40 16
73 12
12 7
34 9
9 31
9 66
7 81
7 74
81 85
14 65
14 98
88 22
88 72
68 26
61 98
42 13
13 36
75 35
77 56
77 39
11 19
22 8
22 55
85 32