79 53 78 14 67 26 72 32 37 88 11 5 33 87 18 27 10 34 19 42 84 73 35 74 13 47 69 60 56 46 9 4 2 43 96 57 81 41 16 3 20 76 48 82 1 95 6 52 25 98 89 75 61 7 54 31 55 21 65 99 58 45 92 29 15 64 63 94 85
79 53
53 78
53 14
53 67
53 72
53 32
14 55
67 26
32 37
32 11
32 5
32 27
32 42
32 73
32 13
32 47
32 60
32 41
32 64
37 88
37 33
37 35
37 89
37 15
37 85
11 87
11 16
11 7
11 29
11 63
5 94
33 10
33 56
33 9
33 2
33 65
87 18
87 69
10 34
10 84
10 74
10 96
34 19
19 4
19 3
19 21
73 76
73 48
73 31
13 46
69 43
69 25
69 61
69 99
56 98
56 75
56 92
9 81
9 82
9 58
96 57
3 20
3 1
3 95
20 52
82 45
1 6
52 54