3 4 8 17 2 12 66 65 48 57 46 45 67 98 76 77 80 90 81 82 83 71 72 0 1 41 51 10 50 20 60 49 59 14 15 6 7 21 5 31 25 86 96 35 26 30 40 74 84 93 94 27 37 62 70 75 9 38 19 29 28 36 23 24 16 44 52 47 33 32 39 54 55 64 42 53 63 85 95 58 69 34 43 89 88 92 13 73 61 68 79 91 56 18
3 4
3 13
3 2
4 14
8 17
8 27
2 12
2 1
66 65
66 76
66 55
48 57
48 58
57 67
46 45
46 35
45 44
67 98
67 56
67 68
98 88
76 77
76 86
76 75
80 90
80 81
80 71
81 82
82 83
83 93
83 92
71 72
71 60
71 62
71 70
72 84
0 1
0 10
41 51
41 50
41 31
41 30
41 40
41 52
41 32
10 20
50 60
20 21
49 59
49 39
59 69
14 15
14 5
14 23
15 25
15 26
15 16
6 7
6 5
25 35
25 24
86 96
74 84
74 64
93 94
94 85
27 37
27 36
27 16
27 28
27 18
62 61
9 38
9 19
9 29
38 47
19 28
24 33
44 53
52 43
47 56
33 32
32 42
54 55
54 64
54 73
53 63
85 95
58 69
34 43
89 88
92 91
68 79