51 74 5 30 1 6 4 59 34 40 54 57 17 22 25 82 0 20 8 46 9 55 28 47 61 14 2 39 44 81 29 92 23 63 11 35 32 12 53 24 13 88 15 3 71 98 33 76 18 7 64 49 10 41 62 48 69 99 26 16 31 96 37 36 95 56 94 86 97 67 45 90 38 21 75 87 42 70 60 85 19
51 74
51 13
74 99
5 30
5 24
5 33
30 81
30 76
30 85
1 6
6 88
6 9
6 2
4 59
59 28
34 40
34 46
34 24
34 47
40 96
54 57
54 11
57 56
17 22
17 3
17 0
25 82
25 81
25 11
0 20
0 21
0 7
0 42
20 36
20 95
20 67
8 46
8 49
8 62
46 32
46 71
9 55
9 10
55 14
28 41
28 70
47 61
47 53
14 12
14 63
14 15
14 18
14 3
2 39
2 16
44 81
29 92
29 88
23 63
23 94
63 13
11 35
11 26
13 76
13 60
88 90
71 98
33 41
18 87
7 64
7 69
7 19
49 48
10 37
69 45
16 31
37 75
56 38
86 97
86 90