44 26 74 90 2 7 84 92 96 4 3 68 25 19 11 95 30 34 51 41 81 75 80 9 36 57 20 46 16 12 54 53 48 82 52 73 33 18 98 24 65 97 85 0 94 66 77 79 87 13 43 42 72 27 38 39 29 35 83 15 55 71 50 93 40 49 28 45 76 1 8 61 56 67 10 70 31 5
44 26
26 74
74 90
74 2
74 7
74 68
74 55
2 10
7 84
7 92
7 96
92 3
96 4
68 25
68 19
68 11
68 95
68 36
68 54
68 67
25 81
19 38
19 15
11 30
11 75
11 9
11 82
11 27
95 41
30 34
30 20
30 33
34 51
34 46
34 16
34 87
34 61
51 48
41 80
81 0
81 42
36 57
36 12
20 52
20 18
20 98
20 94
46 77
16 72
12 50
54 53
54 43
54 39
48 24
48 97
48 8
82 66
52 73
52 76
52 1
18 85
98 29
24 65
24 79
0 13
0 83
0 71
43 35
43 93
35 40
35 5
50 45
93 49
49 28
28 31
1 56
56 70