32 42 59 9 65 31 71 92 78 11 34 77 45 37 15 51 22 55 4 8 88 81 40 13 47 64 10 82 46 89 84 68 52 70 74 56 14 36 1 73 80 6 21 12 50 38 43 95 62 87 96 79 60 86 0 26 83 97 53 29 33 57 72 18 17 98
32 42
42 59
42 9
42 71
9 65
9 31
71 92
71 78
71 11
71 34
92 6
92 62
34 77
34 22
34 55
34 40
77 45
45 37
45 51
37 15
37 70
37 0
15 81
15 74
15 56
51 88
22 4
22 8
22 86
4 47
88 84
88 52
88 36
81 68
81 38
40 13
40 46
13 33
47 64
47 82
64 10
64 89
10 87
46 18
89 1
89 79
89 60
68 14
68 95
52 26
70 80
74 57
56 21
56 12
1 73
80 43
21 50
95 53
62 83
87 96
86 97
86 72
97 29
18 17
17 98