24 5 99 72 33 97 81 48 87 53 41 90 23 64 91 4 13 25 49 95 26 93 11 68 89 71 67 6 28 12 74 22 82 38 34 86 54 18 77 92 20 75 10 1 29 56 9 32 2 98 36 60 96 94 39 76 83 88 8 35 40 37 21 84 65 69 80 57 79 73 63 78 17 44 3 52 61 62 55 66 15 47 42 46 0 85 70 45
24 5
24 62
99 72
99 87
72 22
33 97
33 53
33 4
33 71
97 64
97 93
97 83
81 48
48 68
48 76
48 35
48 75
87 28
87 26
87 29
87 56
87 55
87 18
53 23
41 90
41 1
41 38
41 4
23 91
23 79
23 45
64 57
91 98
91 39
13 25
13 11
25 89
49 95
49 82
95 12
95 60
95 21
26 93
26 17
93 2
93 84
11 74
11 96
89 71
89 6
71 36
71 85
67 6
67 54
67 10
6 75
6 42
12 69
12 0
12 70
22 86
82 44
38 34
38 65
38 92
86 88
86 66
54 62
18 77
18 47
92 20
75 46
56 80
56 9
9 32
9 60
9 37
9 15
96 94
88 8
88 73
88 61
40 37
84 63
65 78
65 52
3 52