91 46 31 15 27 49 25 43 71 6 1 4 90 74 17 26 39 57 64 70 89 77 36 54 66 30 97 23 11 24 61 2 45 84 38 8 32 55 16 19 22 29 63 59 35 79 96 99 9 69 41 83 20 72 67 48 86 95 13 76 7 12 14 94 87 10 58 37 44 33 73 81 50 68 98 51 0 28 60 5 82 62 93 52 85 21 34 80 56 53 92
91 46
91 77
31 15
31 89
31 97
15 79
15 14
27 49
27 82
49 97
49 87
25 43
43 1
43 12
71 6
71 84
71 30
6 83
1 41
1 37
4 90
4 66
4 20
90 22
90 80
74 17
74 96
74 24
74 21
74 29
17 53
26 39
26 57
26 69
26 83
26 89
39 56
64 70
64 73
89 72
89 60
77 55
77 76
36 54
36 22
54 52
66 30
66 92
66 0
30 96
30 81
97 23
23 11
23 19
11 32
24 61
24 8
24 98
2 45
2 58
84 38
38 44
8 16
8 34
32 7
32 10
55 16
19 58
29 63
29 33
59 35
35 99
79 95
96 86
96 12
99 9
9 67
9 48
9 80
72 85
13 76
7 62
14 94
94 51
44 68
73 81
50 68
0 28
5 82
62 93