54 81 38 44 19 77 47 83 36 89 0 8 53 26 24 60 61 20 59 32 72 64 68 30 55 14 50 75 22 90 88 27 65 29 58 87 9 78 84 85 10 15 28 70 4 34 46 45 35 49 37 7 12 31 21 48 74 18 51 71 40 41 1 33 57 39 5 76 63 17 73 13 43 6 92 42 91 80 52 86 2 79 25
54 81
54 24
81 30
38 44
38 35
44 8
19 77
19 13
77 9
47 83
47 0
47 48
83 78
36 89
36 55
36 46
36 37
36 39
36 79
0 8
0 85
53 26
53 20
53 68
26 64
60 61
60 52
61 85
20 88
20 84
20 45
59 32
59 29
59 58
59 33
59 25
32 92
72 64
72 22
72 29
30 7
30 5
55 9
55 76
14 50
14 91
14 86
75 22
22 4
90 88
90 21
88 10
27 65
27 9
65 29
58 87
58 28
9 91
78 40
84 15
10 48
28 70
4 34
45 71
35 49
7 33
7 12
12 31
31 41
48 74
48 43
48 2
18 51
18 73
51 17
71 1
40 80
33 57
63 17
73 13
73 42
43 6