88 89 90 91 92 93 94 95 96 97 98 87 86 85 84 83 82 81 99 50 51 49 52 48 47 46 53 45 44 43 42 41 54 55 56 57 40 58 39 59 38 37 36 35 34 60 33 61 62 32 31 30 29 28 27 26 63 64 65 66 25 24 23 22 21 20 19 18 17 16 15 67 14 13 12 11 10 9 68 8 7 6 5 4 3 69 2 70 1 0 71 72 73 74 75 76 77 78
88 89
88 87
89 90
90 91
91 92
92 93
93 94
94 95
95 96
96 97
97 98
98 99
87 86
86 85
85 84
84 83
83 82
82 81
99 50
50 51
50 49
51 52
49 48
52 53
48 47
47 46
46 45
53 54
45 44
44 43
43 42
42 41
41 40
54 55
55 56
56 57
57 58
40 39
58 59
39 38
59 60
38 37
37 36
36 35
35 34
34 33
60 61
33 32
61 62
62 63
32 31
31 30
30 29
29 28
28 27
27 26
26 25
63 64
64 65
65 66
66 67
25 24
24 23
23 22
22 21
21 20
20 19
19 18
18 17
17 16
16 15
15 14
67 68
14 13
13 12
12 11
11 10
10 9
9 8
68 69
8 7
7 6
6 5
5 4
4 3
3 2
69 70
2 1
70 71
1 0
71 72
72 73
73 74
74 75
75 76
76 77
77 78