2 1 25 33 32 26 45 31 84 43 85 83 42 49 48 44 93 80 97 35 75 94 74 46 76 95 96 79 57 38 39 56 73 92 69 64 77 81 70 40 7 91 54 72 52 20 29 16 15 37 55 98 68 41 67 58 78 90 47 53 14 66 17 22 4 71 60 8 10 63 13 86
2 1
1 25
25 33
25 26
25 84
33 32
33 45
32 31
84 43
84 85
84 83
84 49
84 93
43 42
43 44
85 97
85 86
49 48
49 60
93 80
93 35
93 94
93 92
80 75
80 79
80 81
75 74
75 76
94 46
94 95
94 71
74 73
74 54
46 64
46 47
76 77
95 96
79 57
79 38
79 7
79 78
57 56
57 16
38 39
38 37
38 98
39 70
39 40
56 55
56 22
73 69
73 72
92 91
69 10
64 63
77 52
70 20
40 41
7 8
91 90
72 29
16 15
16 68
16 17
15 14
68 67
68 4
67 58
67 53
67 66
63 13