92 17 31 59 74 84 72 21 0 81 65 11 46 12 14 45 20 22 34 53 54 1 37 47 19 27 29 32 66 8 71 44 26 73 90 24 48 83 3 91 95 51 61 80 28 68 30 93 33 62 86 88 41 97 57 43 5 70 60 42 76 52 25 98 38 18 13 10 15 87 99 39 96 49 16 69 85 6
92 17
92 91
92 93
92 52
17 11
31 59
31 26
74 84
74 8
74 28
74 10
84 90
72 21
72 86
72 96
72 16
21 20
0 81
81 61
65 11
65 71
65 41
46 12
46 95
46 80
46 85
12 34
12 3
12 60
14 45
14 44
14 32
14 62
14 13
20 22
20 3
20 43
34 70
53 54
53 66
53 86
54 19
54 76
1 37
37 28
47 19
19 24
19 26
19 5
27 29
27 70
29 28
29 42
32 66
8 71
8 99
71 61
26 73
26 51
26 57
24 98
24 6
48 83
48 3
3 87
51 30
28 68
28 15
28 49
28 69
68 18
33 62
86 88
41 38
97 57
5 39
60 25