83 9 32 33 76 77 39 38 48 47 30 31 71 66 85 27 75 49 59 58 43 93 0 1 92 91 13 14 36 37 82 73 51 52 79 80 72 50 11 12 62 21 22 99 98 26 35 41 65 28 29 2 63 67 70 25 24 5 34 64 3 4 90 68 69 55 15 86 10 8 84 44 53 81 6 7 97 89 40 56 54 87 17 46 88 20 23 42 45 18 19 57 61 60 16 94
83 9
83 62
83 5
83 3
83 84
9 82
9 10
32 33
32 86
32 49
76 77
76 75
76 49
39 38
38 73
48 47
48 66
30 31
30 13
71 66
71 73
71 72
71 70
71 59
66 99
66 67
85 27
85 84
27 28
49 90
49 4
59 58
59 14
59 60
43 93
93 92
93 94
0 1
1 72
1 2
92 91
92 70
92 80
91 90
13 14
14 65
14 15
36 37
36 34
36 55
36 35
36 46
37 17
82 81
73 24
73 89
51 52
52 50
52 53
79 80
72 8
72 44
11 12
11 26
11 64
62 61
21 22
21 20
22 67
99 98
35 41
41 40
41 42
28 29
2 63
63 64
67 68
70 34
25 24
24 23
5 6
64 97
3 4
68 69
55 56
55 54
15 16
86 53
86 87
44 45
6 7
56 57
87 88
46 18
18 19