42 5 41 71 32 2 61 31 33 69 40 12 82 75 30 63 26 91 22 93 92 19 14 62 95 1 16 74 35 89 0 15 73 23 97 39 94 70 96 55 44 3 28 34 29 36 83 4 24 6 99 78 68 84 67 77 25 43 17 76 27 72 58 81 98 38 10 37 59 56 45 11 52 21 65 51 57 18 66 60 9 53 90 8 50 49 86 88 20 48 80 85
42 5
42 71
42 32
5 41
41 72
71 15
32 2
32 61
2 31
2 33
61 40
61 12
61 75
61 30
61 26
31 82
31 91
33 69
69 14
69 89
12 63
12 62
12 9
82 19
75 16
30 1
30 35
63 95
26 0
91 22
22 93
22 92
93 53
19 83
19 84
14 67
62 97
62 39
62 94
62 44
95 23
95 70
95 55
1 28
1 29
16 74
16 73
74 59
35 3
35 43
89 21
0 25
0 27
73 65
23 96
97 24
39 4
70 58
96 68
96 81
55 10
55 52
44 6
44 78
3 34
3 36
34 49
36 77
4 38
4 37
24 99
24 98
6 45
99 85
77 17
77 51
17 76
58 11
58 66
81 18
98 48
38 88
10 56
10 57
37 86
11 60
21 90
51 8
18 80
8 50
86 20