1 37 14 15 6 8 19 20 21 35 36 11 46 48 44 55 9 3 7 10 4 5 2 39 27 12 60 75 40 41 68 58 17 18 33 0 38 13 16 23 26 31 32 29 64 28 25 50 43 22 24 30 45 52 72 34 49 53 78 59 57 54 66 80 67 70 62 77 69 42 79 61 65 71
1 37
1 3
1 2
1 0
37 33
37 38
14 15
14 11
14 10
14 13
15 16
15 24
6 8
6 7
6 5
6 39
8 9
19 20
19 18
20 21
20 22
35 36
35 33
11 12
46 48
46 44
46 45
44 55
44 41
55 43
9 28
3 4
7 27
4 5
4 29
39 16
27 31
60 75
60 58
60 57
60 71
75 78
75 68
40 41
40 68
40 25
41 64
68 77
58 59
17 18
18 23
18 26
26 29
31 32
31 30
32 34
25 24
50 43
50 42
43 62
45 52
45 72
45 49
45 54
45 66
49 53
59 67
59 79
59 61
66 80
70 62
62 69
79 65