39 14 38 46 85 27 31 92 68 12 24 72 43 83 67 53 84 47 34 11 10 21 0 76 4 87 74 63 37 61 42 8 89 25 59 91 16 5 22 6 45 32 54 64 18 23 78 2 49 41 1 79 57 80 82 3 70 20 81 56 44 60 33 65 15 77 75 86 35 30 28 48 58 55 7 62 13 69 71 73 26 90 52 19
39 14
39 91
38 46
38 31
38 21
38 76
38 60
46 49
85 27
85 90
27 78
31 92
31 84
31 68
68 12
68 11
68 20
12 32
24 72
24 91
24 57
24 81
24 7
72 67
43 83
43 91
53 84
53 44
47 34
47 11
34 58
11 10
11 55
21 15
0 76
0 62
76 4
76 35
76 30
4 79
4 8
87 74
74 22
74 23
74 28
63 37
37 56
61 42
61 54
42 77
8 89
25 59
25 22
25 62
59 80
91 70
91 65
91 69
16 5
5 26
6 45
6 18
45 48
45 52
54 64
54 52
23 33
78 80
78 56
2 49
49 75
41 1
41 44
1 77
82 3
82 70
81 71
56 19
44 86
65 15
15 26
28 73
48 13