56 20 6 25 2 23 15 37 8 84 89 61 43 47 5 18 71 74 12 54 87 76 9 59 0 75 46 40 27 78 36 26 51 34 41 19 4 14 28 49 32 16 63 29 99 73 3 70 62 21 31 90 55 83 91 96 80 68 64 45 22 39 13 92 24 1 65 53 44 57 85 81 7 58 17 88 86 79 42 93 94 82 98 77 97 38
56 20
20 6
20 23
20 15
20 84
6 25
6 37
6 47
25 2
25 89
25 61
2 43
2 74
23 87
23 59
15 8
15 54
37 5
37 71
8 12
8 76
43 0
5 18
5 75
5 46
12 9
12 78
12 51
9 40
9 27
9 36
9 49
40 26
40 34
40 41
40 14
40 99
40 73
27 19
27 4
27 63
27 91
36 70
26 28
26 62
26 90
34 16
34 96
34 68
19 21
19 55
19 83
4 32
4 29
4 45
14 80
14 53
28 3
28 64
28 92
32 31
16 39
16 81
29 65
3 13
3 44
21 22
21 24
21 57
21 85
31 94
22 1
22 58
24 88
1 7
1 17
1 86
1 79
1 42
1 93
1 82
1 98
1 77
1 97
17 38