30 39 69 77 73 74 80 81 91 92 93 96 4 5 14 20 66 6 9 21 41 42 34 35 44 54 27 26 33 40 49 76 13 75 83 88 58 84 90 32 52 62 71 78 87 64 72 68 25 59 67 95 7 12 79 70 86 89 82 10 19 8 47 57 51 43 60 18 31 16 23 97 2 3 11 17 85 63 28 94 38 50 61 29 36 48 24 53 98 0 56 99 45 65 15 22
30 39
30 29
39 49
39 31
39 48
69 77
69 70
77 76
77 78
73 74
73 80
74 66
74 75
80 81
91 92
92 87
92 96
92 88
92 95
93 96
96 97
4 5
5 8
14 20
14 9
14 13
14 10
14 15
20 21
20 26
20 19
66 58
6 9
6 3
9 8
21 27
21 28
41 42
41 32
41 40
41 33
42 52
34 35
34 33
35 36
44 54
44 36
44 45
54 64
54 63
26 33
33 25
40 49
40 50
49 59
76 75
76 83
13 18
75 68
75 82
83 88
83 84
84 90
84 85
90 89
90 94
52 62
52 51
52 43
71 78
78 79
87 86
64 72
68 59
68 60
59 67
7 12
7 8
47 57
47 38
47 56
57 48
57 65
51 61
43 53
18 17
31 24
16 23
23 17
97 99
2 3
11 17
29 22
98 0
98 99