61 99 56 4 30 23 17 79 70 18 72 95 74 5 59 46 41 60 39 89 64 69 6 81 38 19 80 86 97 68 34 65 88 9 1 94 58 67 63 52 8 43 10 29 22 33 55 82 98 3 91 14 40 73 11 71 24 44 26 27 36 20 47 51 37 53 54 85 13 66 25 15 42 96 32 21 93 62 12 7 57 77 87 75 16 48 0 84 78 83 49 92 28 76 2 50 45 31 35
61 99
61 8
61 98
61 44
61 80
99 77
56 4
56 10
56 32
56 11
4 89
30 23
30 65
30 47
23 94
23 64
23 14
17 79
17 43
17 76
79 20
70 18
70 97
70 8
18 34
18 93
18 25
72 95
72 88
72 1
72 62
72 85
95 39
95 11
95 43
74 5
74 55
5 27
5 31
59 46
59 71
59 0
46 38
46 48
41 60
60 65
60 33
89 81
64 69
69 35
6 81
6 52
6 82
38 86
38 97
19 80
19 9
19 42
86 63
86 37
68 34
68 40
68 26
9 14
58 67
58 8
58 12
67 83
43 24
10 16
10 50
29 22
22 73
22 32
82 54
82 75
98 15
98 7
3 91
3 53
3 26
91 51
40 78
26 36
27 37
27 57
36 20
36 87
36 49
20 96
20 2
85 13
66 25
42 92
96 28
32 21
57 84
84 45