53 52 51 14 15 59 8 11 45 46 47 48 49 1 26 27 2 50 44 56 57 12 25 3 7 19 54 4 13 35 37 61 62 43 28 34 18 65 64 17 33 29 31 42 9 10 38 16 5 41 39 22 23 30 40 60 6 20 21 55 24
53 52
53 59
53 54
52 51
52 1
52 50
51 26
51 25
14 15
14 19
14 13
14 18
14 17
14 16
59 60
8 11
8 2
8 9
8 10
45 46
45 47
45 48
45 49
45 44
1 2
26 27
27 44
27 43
27 35
27 28
2 3
56 57
56 55
12 25
12 13
12 22
3 7
3 4
3 5
3 6
54 55
13 20
35 37
37 38
61 62
61 60
43 42
43 39
28 34
28 29
34 33
65 64
64 60
29 31
29 30
42 41
39 40
22 23
23 24
20 21