31 28 6 10 4 54 16 80 14 95 35 1 78 17 72 8 97 21 5 23 27 64 83 24 57 13 75 18 65 92 38 60 29 77 84 68 43 50 36 51 25 66 86 87 9 59 71 39 81 42 41 40 58 3 26 22 15 2 33 76 74 20 88 73 79 44 69 93 82 61 32 63 48 12 7 30 45 85 55 19 90 0 11 46 47 67 89 70 56 91
31 28
31 51
31 61
31 89
28 65
28 88
28 27
28 74
6 10
6 4
6 20
6 48
6 55
10 66
10 14
10 9
4 76
54 16
54 24
54 75
54 0
16 32
16 43
16 23
16 56
80 14
80 69
80 47
14 21
95 35
95 22
95 12
35 78
1 78
1 7
1 11
17 72
72 23
8 97
8 64
5 23
5 83
5 63
27 64
27 66
27 82
64 25
24 12
24 19
24 46
57 13
57 20
13 60
75 18
75 90
92 38
92 45
38 15
38 42
60 15
60 86
29 77
29 74
77 58
84 68
68 36
43 50
43 2
36 51
36 7
51 93
25 40
86 87
9 59
71 39
39 20
81 42
41 40
3 26
3 76
26 44
2 33
2 85
2 73
73 79
12 70
12 91
7 30
30 67