46 30 26 38 8 32 4 34 43 31 23 70 68 13 15 16 42 37 64 20 36 59 29 2 45 72 58 7 18 17 47 63 41 61 0 57 40 19 66 35 54 39 28 56 3 11 90 67 6 65 77 51 98 75 79 97 86 27 74 89 96 93
46 30
46 4
30 70
26 38
38 36
38 31
38 37
8 32
8 3
8 67
8 23
4 34
43 28
43 36
70 18
70 2
68 63
68 0
68 61
68 42
68 13
13 45
15 63
15 16
42 40
64 20
20 47
36 41
59 6
59 27
59 58
59 57
59 29
29 7
72 58
7 18
17 6
17 47
47 65
61 51
0 93
0 96
0 89
0 74
0 75
0 90
0 35
0 86
0 97
0 79
0 98
0 77
19 39
19 66
66 56
35 54
28 56
28 90
3 11
67 6
6 75