60 4 2 27 5 26 97 91 33 93 84 86 96 80 79 83 81 58 89 78 94 32 77 87 92 82 95 85 88 90 98 14 53 74 20 19 11 8 61 30 16 22 12 75 54 34 24 25 3 6 0 7 10 1 28 23 15 18 21 17 69 42 57 47 29 44 73 43 41
60 4
4 2
4 27
4 5
4 33
4 98
2 26
2 97
2 91
2 93
2 84
2 86
2 96
2 80
2 79
2 83
2 81
2 58
2 89
2 78
2 94
2 32
2 77
2 87
2 92
2 82
2 95
2 85
2 88
2 90
27 20
27 75
27 54
5 14
5 19
5 61
5 34
26 53
26 74
97 30
91 22
93 25
84 12
86 16
96 28
80 7
79 6
83 11
81 8
58 1
32 0
77 3
87 17
92 23
88 18
14 42
20 69
19 47
11 10
8 15
30 57
16 24
16 44
25 73
0 43
0 41
7 29
28 21