26 21 35 62 85 46 99 60 33 59 87 37 29 55 65 34 63 77 7 5 12 17 19 78 41 1 11 49 32 3 56 52 36 22 27 89 66 58 80 72 90 94 39 13 88 76 67 20 51 23 53 75 70 43 9 96 50 64 48 68 28 97 45 98 69 8 84 18 38 79 86 14 42 31 15 71 61 92 44 54 57 81 4 25 0 74 82 10 47 83 16 6
26 21
26 78
35 62
62 99
85 46
85 22
46 17
46 9
99 60
99 90
99 20
60 32
60 12
33 59
33 6
59 42
87 37
87 41
87 49
37 79
29 55
29 65
29 15
55 77
55 11
34 63
63 72
63 68
63 98
77 64
77 5
7 5
7 68
7 36
5 50
5 17
5 18
12 17
17 42
19 78
19 49
78 51
41 71
1 11
1 67
1 8
3 56
3 13
56 51
56 38
52 36
36 54
27 89
27 86
27 14
89 80
89 83
66 58
58 43
80 75
94 39
39 48
39 10
88 76
88 31
76 69
76 28
76 86
20 51
20 28
20 61
20 92
51 70
23 53
23 45
53 43
70 43
9 96
9 74
50 84
48 15
28 97
28 81
84 0
38 4
79 47
71 16
92 44
54 57
57 25
82 10