89 0 57 97 75 85 74 87 94 31 82 81 88 76 95 84 26 90 92 79 91 93 98 96 77 78 86 83 40 99 80 18 20 2 27 1 13 43 64 17 25 19 14 16 9 24 58 23 3 10 21 22 11 50 8 34 4 70 12 62 6 29 52 7 41 15 56 32 71 69 60 51 37 46 47 39 66 28 36 61 48 72 67 35 45 49 68 38 42 44 54 30 59 53 33 5
89 0
0 57
0 97
0 75
0 85
0 74
0 87
0 94
0 82
0 81
0 88
0 76
0 95
0 84
0 90
0 92
0 79
0 91
0 93
0 98
0 96
0 77
0 78
0 86
0 83
0 99
0 80
57 31
57 26
97 27
75 2
85 14
74 1
87 16
94 23
31 40
31 18
81 9
76 3
84 13
90 19
92 21
79 7
93 22
98 29
77 4
78 6
86 15
40 20
40 43
40 64
40 17
40 25
80 8
2 24
2 58
1 62
1 52
1 41
13 34
13 70
13 32
43 11
43 50
19 12
16 60
16 51
16 37
9 46
24 10
58 47
58 39
58 28
23 56
10 42
8 66
8 48
8 35
34 67
4 36
4 61
4 45
70 71
70 69
12 72
29 38
32 59
71 49
71 68
37 30
61 44
72 5
67 53
45 54
44 33