84 93 2 92 76 73 94 1 6 58 17 54 53 22 72 96 60 45 75 82 20 91 42 29 47 30 95 69 32 90 19 49 28 71 18 78 9 50 65 41 11 68 31 83 3 14 87 56 5 10 99 24 44 16 48 40 23 88 74 81 98 7 35 67 46 43 97 13 8 62 89 36 27 66 80 63 85 86 61 79 0 51 37 15 64 12 25 57 33 55 21 77 52
84 93
84 45
84 22
93 12
2 92
2 76
2 11
2 96
2 56
92 20
92 31
76 58
73 94
94 49
94 82
94 74
94 98
1 6
6 46
6 99
58 78
58 9
58 25
17 54
17 72
17 22
17 33
54 82
54 88
53 22
53 41
53 0
96 60
96 80
96 27
60 88
60 62
60 63
75 82
75 95
75 69
75 3
75 30
75 37
91 42
91 30
42 28
42 48
29 47
29 5
29 30
29 7
29 52
47 67
47 15
30 24
32 90
32 87
90 71
90 83
19 49
71 18
71 11
71 10
18 14
18 43
78 50
9 81
50 51
65 41
11 68
68 23
31 97
5 40
10 61
99 24
44 16
44 8
48 13
40 21
23 36
88 8
88 64
74 89
7 35
67 85
67 79
97 57
8 86
27 66
27 55
27 77