1 2 0 29 77 7 8 34 3 18 80 54 84 53 89 67 85 37 42 63 43 50 59 56 83 44 81 88 51 9 13 73 46 69 86 57 40 52 6 72 41 47 35 33 87 71 61 62 82 55 49 76 90 66 68 70 45 79 75 21 74 78 60 36 65 4 17 64 58 39 48 38 96 91 97 26 19 93 15 94 95 22 23 99 24 27 10 30 31 98 16 92 32 12 14 20 5 25 11
1 2
1 0
1 54
1 53
1 67
1 63
1 59
1 56
1 69
1 57
1 33
1 71
1 61
1 62
1 55
1 66
1 68
1 70
1 60
1 65
1 64
1 58
2 29
2 77
2 8
2 34
2 80
2 84
2 89
2 85
2 83
2 81
2 88
2 73
2 86
2 72
2 87
2 82
2 76
2 90
2 79
2 75
2 74
2 78
0 7
0 37
0 42
0 43
0 50
0 44
0 51
0 46
0 40
0 52
0 41
0 47
0 35
0 49
0 45
0 36
0 39
0 48
0 38
29 10
7 17
8 21
8 26
3 18
3 72
3 96
3 91
3 97
3 93
3 94
3 95
3 99
3 98
3 92
18 6
18 15
18 32
9 13
9 21
6 12
21 14
21 22
4 17
4 30
26 19
19 20
22 23
23 25
24 27
24 11
24 20
10 5
30 31
30 16