98 80 18 79 81 71 47 15 72 70 87 24 97 99 20 91 25 22 7 48 29 92 93 68 57 46 42 37 62 5 41 40 10 65 55 1 30 95 52 63 12 54 14 82 96 28 56 4 13 39 50 38 85 33 51 44 34 8 49 94 64 23 58 66 9 69 61 19 67 84 86 90 0 76 60 11 75 21 89 2 83 6 3 32 73 78 53 59 26 36 31
98 80
98 87
98 24
80 18
80 71
80 47
18 79
18 81
79 25
81 76
71 15
47 91
47 7
47 29
15 72
15 70
87 20
24 97
24 99
91 22
91 68
25 0
22 92
22 93
7 48
7 46
48 57
48 42
48 37
29 1
29 95
92 62
92 63
92 54
93 52
68 14
68 82
57 10
57 65
46 39
42 5
37 4
62 12
62 96
5 41
5 40
41 51
41 34
40 50
10 55
10 56
65 13
65 33
65 44
55 94
1 30
1 28
30 58
30 73
95 75
52 90
63 60
12 61
54 9
54 78
14 69
14 67
82 19
96 86
4 38
13 64
13 66
39 85
50 8
85 32
33 2
33 36
44 6
34 3
8 49
94 23
58 11
9 53
19 84
19 83
90 21
0 26
11 59
21 89
2 31