33 94 19 65 17 80 78 21 24 73 88 46 26 40 15 50 52 49 39 28 82 72 98 96 44 56 54 99 37 12 83 20 75 70 45 67 4 32 68 22 84 16 43 23 55 66 10 97 53 92 41 90 7 6 86 30 87 61 91 74 47 9 63 93 48 64 42 2 76 85 60 11 34 36 27 29 18 1 57 38 58 25 79 69 13 59 51 81 31 71
33 94
33 20
33 15
33 42
94 52
19 65
19 83
19 16
65 75
65 98
17 80
17 73
80 23
78 21
21 70
24 73
24 63
88 46
88 4
46 86
46 61
46 60
26 40
40 38
15 50
50 93
50 36
52 49
49 84
49 9
39 28
39 97
28 44
28 90
82 72
82 18
72 22
98 96
56 54
56 48
56 68
54 99
99 13
37 12
12 75
70 4
70 29
70 71
45 67
45 10
32 68
32 63
68 22
84 55
16 43
16 87
16 2
16 91
43 92
43 59
23 69
55 66
10 60
97 53
97 9
97 30
53 11
92 38
92 25
41 90
90 61
7 6
6 86
86 58
30 87
61 27
61 31
91 74
91 57
74 47
47 81
9 85
63 34
64 42
2 76
34 27
1 57
57 79
25 51