8 10 43 64 48 62 39 15 51 33 4 16 23 41 84 54 95 19 29 24 44 77 93 56 53 60 42 3 61 66 38 55 13 96 88 20 91 49 45 82 75 5 63 7 68 14 37 74 78 11 72 31 71 40 47 73 52 92 35 98 67 50 34 27 89 28 76 32 58 81 2 26 87 0 59 30 90 21 36 22 9 18 86 69 97 46 17 12 70 85 6 79 83 1
8 10
8 39
8 89
43 64
43 47
43 28
43 0
64 95
64 66
48 62
62 77
62 7
62 79
39 54
39 50
39 55
39 18
15 51
15 33
15 45
15 61
51 72
51 98
4 16
4 60
4 70
16 56
23 41
23 35
23 30
84 54
84 49
84 5
84 40
95 5
95 58
19 29
29 71
29 2
24 44
24 87
44 13
77 93
93 42
93 53
56 63
56 67
56 90
53 60
53 3
53 68
53 1
42 21
3 47
61 66
38 55
55 31
13 40
96 88
96 35
96 26
88 11
88 69
20 91
20 76
20 97
91 34
91 87
91 81
82 75
82 37
14 37
14 31
14 6
74 78
74 85
78 71
78 81
11 72
31 32
71 59
40 73
40 52
73 92
73 36
98 46
50 12
27 89
87 86
36 22
9 18
46 17
79 83