95 97 29 27 53 89 1 85 96 88 13 16 49 61 43 7 22 12 92 20 18 34 64 51 3 76 26 8 23 30 63 10 24 62 2 94 17 57 78 80 98 69 39 45 31 37 25 41 79 19 28 36 54 15 56 91 60 58 73 50 99 21 52 0 86 90 70 83 40 14 74 55 42 33 82 44 9 48 65 84 38 72 59 75 35 32 11 47 6 66 87 5 68 77 67 71
95 97
95 13
95 28
95 60
95 21
97 49
97 44
29 27
29 10
29 1
29 66
27 11
53 89
53 12
1 85
1 96
1 50
1 57
1 75
85 56
85 90
96 88
96 79
96 42
88 49
88 48
88 68
16 49
49 45
49 37
49 9
49 5
61 43
61 19
43 94
43 47
7 22
7 78
22 18
22 39
12 34
12 36
92 20
92 18
92 70
34 3
34 91
34 67
64 51
51 39
51 72
76 26
76 84
8 23
8 73
23 60
23 33
30 63
63 28
63 70
10 25
10 58
10 74
10 59
24 62
24 44
2 94
17 57
17 0
57 35
78 80
78 52
98 69
98 31
98 55
98 84
98 71
45 36
37 65
41 79
41 14
79 99
19 42
36 54
36 15
54 83
91 55
73 40
50 38
0 86
55 77
42 87
33 82
72 32
72 6