18 95 32 44 61 30 19 50 79 84 62 63 68 90 15 49 21 83 42 69 45 3 48 46 31 82 65 25 66 47 70 33 81 1 92 43 96 24 27 78 86 34 28 54 17 39 22 59 37 94 57 77 4 73 56 74 7 67 11 41 20 75 2 87 76 12 35 60 98 58 0 29 89 26 71 93 36 23 52 6 10 8 5 51
18 95
18 94
18 56
95 19
95 78
95 62
32 44
32 4
32 58
44 57
61 30
61 51
30 84
30 48
30 1
50 79
50 90
50 54
50 6
79 24
79 89
79 36
84 65
62 63
68 90
15 49
15 86
15 41
49 34
49 10
21 83
83 46
83 3
83 58
42 69
42 70
42 60
69 12
69 26
45 3
45 1
45 20
48 67
46 92
46 86
31 82
31 87
65 25
66 47
66 59
47 28
70 37
70 71
33 81
33 71
1 11
92 37
92 73
92 7
43 96
43 39
96 73
96 8
27 78
34 23
28 54
28 94
54 75
17 39
39 22
22 2
37 52
57 77
4 98
74 7
67 89
75 5
75 29
87 76
76 35
35 60
98 93
0 29