4 3 5 2 36 56 35 55 57 37 34 23 24 21 0 63 41 22 70 1 77 11 27 26 62 6 28 20 76 68 69 40 25 9 38 33 19 29 60 64 42 10 7 12 74 61 31 8 71 32 15 43 75 39 18 59 67 73 49 52 72 65 45
4 3
4 5
3 2
3 36
36 56
36 35
36 37
56 55
56 57
35 34
35 23
35 21
35 0
35 70
35 11
23 24
23 22
23 31
21 63
21 41
21 77
21 27
21 6
21 20
21 9
0 1
0 15
0 49
63 62
63 64
41 40
41 38
41 42
70 71
77 76
77 68
77 43
11 12
27 26
27 28
27 33
26 25
26 60
6 7
28 29
20 19
76 75
68 69
68 61
68 67
69 74
9 10
9 8
9 45
38 39
19 18
64 59
64 65
74 73
31 32
8 52
73 72