26 27 50 52 72 77 90 92 30 35 48 53 66 71 60 62 0 4 40 37 17 18 36 89 6 34 80 20 22 74 42 44 84 86 41 94 78 83 59 68 69 76 73 82 24 29 23 32 33 54 25 70 12 38 55 64 65 49 47 43 2 51 14 46 61 56 57 31 58 11 8 39
26 24
26 27
50 51
50 52
52 49
52 53
72 76
72 74
72 71
72 77
77 78
90 89
90 92
92 94
30 32
30 29
30 34
30 35
35 36
35 31
48 47
48 53
53 54
66 65
66 68
66 71
60 64
60 59
60 62
0 2
0 4
4 6
40 36
40 37
37 41
17 12
17 18
18 20
36 38
89 84
6 8
6 11
80 82
20 22
22 23
42 41
42 46
42 47
42 44
84 83
84 86
78 82
78 83
59 58
59 55
68 70
68 69
76 73
24 29
24 23
29 25
32 33
54 56
12 11
12 14
38 39
64 65
65 61
47 43
56 58
56 57