14 27 31 11 92 7 69 84 17 5 22 21 0 29 52 53 45 6 83 32 58 51 62 68 91 60 82 13 43 38 37 63 47 50 57 59 61 80 46 66 44 19 93 42 94 76 35 41 95 73 88 56 36 30 85 67 12 1 40 78 26 96 33 18 3 25 89 65 9 24 4 15 64 77 10 99 8 48 16 98 71 49 55
14 27
14 51
14 83
27 68
31 11
31 26
11 69
92 7
92 21
92 77
7 45
7 82
7 76
7 18
69 51
84 17
17 37
5 22
5 32
22 68
22 96
21 53
21 50
0 29
29 62
29 88
29 33
29 94
52 53
52 68
52 56
53 4
45 30
45 67
6 83
6 24
83 58
32 61
32 64
51 13
51 47
51 41
62 43
62 95
91 60
91 12
91 3
60 50
13 40
38 37
38 8
37 66
63 47
47 85
57 59
57 44
57 1
57 61
59 89
61 80
61 78
80 71
46 66
46 25
44 95
19 93
93 26
42 94
76 25
76 10
35 41
35 65
35 49
41 98
73 88
56 36
78 48
96 15
33 55
9 24
99 8
48 16