46 45 26 49 48 70 25 34 69 95 93 16 81 76 88 28 61 52 10 39 9 99 42 33 31 71 90 20 18 64 37 53 17 44 2 19 58 27 54 3 94 13 22 87 51 21 23 96 92 40 41 66 11 77 15 72 7 1 97 32 78 73 6 56 91 86 62 60 4 68 30 65 14 29 82 79 80 36 84 67 43 57 74 38 55 98 12 35 63 47 5 8 59 24 85
46 45
46 76
45 31
45 9
45 13
45 62
45 65
26 49
26 88
26 41
26 25
49 13
48 70
48 10
48 84
70 77
25 34
34 57
69 95
95 81
93 16
16 61
81 31
81 15
81 20
81 60
81 30
81 29
81 66
76 17
76 85
28 61
28 52
61 90
61 32
52 47
10 39
10 2
10 13
9 99
99 71
99 27
42 33
42 22
42 14
33 40
33 12
31 53
31 1
31 54
31 64
31 55
71 94
90 92
20 18
20 5
18 74
64 37
37 21
37 36
17 44
2 32
2 6
19 58
58 77
54 3
54 43
94 78
13 63
22 86
87 51
87 77
87 98
23 96
23 82
96 73
40 1
66 11
66 72
72 7
72 79
1 97
97 59
78 73
6 8
56 91
56 38
91 36
60 68
4 68
68 35
79 80
84 67
47 24