20 85 87 86 32 2 31 99 33 60 24 98 97 47 91 64 22 92 96 7 40 48 46 59 13 23 68 26 88 5 70 69 65 81 18 11 0 53 14 21 66 41 63 42 25 90 89 44 15 9 52 79 67 72 73 27 12 58 61 62 54 75 1 84 71 95 49 6 16 57 80 74 8 83 94 51 28 30 35 39 82 77 4 37 38 56 19 43 45 93
20 85
20 87
20 86
87 32
32 2
32 99
32 60
2 31
2 33
31 91
31 96
99 24
33 47
33 64
24 98
24 97
47 7
47 40
47 68
91 22
64 13
64 81
22 92
96 23
7 48
7 46
7 1
40 5
48 59
48 26
48 70
48 63
48 44
46 88
46 69
46 53
59 11
13 65
13 66
23 94
68 14
68 79
26 0
88 21
5 41
5 42
70 15
70 52
81 18
11 58
0 25
0 27
53 9
53 73
14 67
21 90
21 89
41 57
63 12
42 95
42 49
25 75
25 84
25 51
25 35
90 77
90 93
44 6
15 72
15 71
9 54
52 80
79 83
73 16
27 39
27 45
12 61
12 62
54 82
75 56
1 28
1 30
84 19
49 8
6 43
16 74
39 4
4 37
4 38