33 58 37 48 46 49 65 98 4 9 20 43 16 18 47 41 14 17 44 54 77 12 23 24 85 25 64 96 0 3 61 90 99 72 6 27 78 52 45 50 60 66 86 93 21 76 97 13 81 38 51 57 1 63 35 55 95 79 15 32 88 80 68 10 84 7 40 5 8 19 83 91 31 2 59 92 39 82 75 56 22 36 26 11 53 28 62 74 73 34 29 67 30 94
33 58
33 41
33 90
33 99
33 78
33 25
33 40
37 48
48 23
46 49
46 60
46 93
46 23
46 65
65 98
65 72
65 91
4 9
4 3
4 6
20 43
20 19
43 52
43 59
16 18
16 47
16 12
16 61
16 5
18 17
18 19
47 53
14 17
14 77
14 13
14 15
17 36
44 54
44 96
44 81
44 57
44 40
54 39
77 86
77 84
23 25
23 26
24 85
24 6
24 27
85 84
25 64
64 68
64 83
0 3
3 21
3 10
3 31
3 2
61 35
72 76
72 79
6 7
6 8
6 22
27 28
78 66
78 97
78 94
52 56
45 50
45 26
60 63
66 80
66 84
13 34
38 51
38 8
57 75
1 63
63 67
55 95
55 36
15 32
15 88
15 29
10 11
84 92
39 82
56 74
26 30
53 73
28 62