65 8 3 41 40 6 47 62 32 87 28 64 79 9 53 82 4 17 7 19 0 52 42 12 54 15 58 72 46 13 56 31 57 1 23 74 18 60 96 2 16 24 70 14 44 30 39 61 98 49 81 21 26 68 92 73 71 50 90 43 55 69 76 35 78 25 38 20 89 94 51 97 22 59 77 45 34 88 36 75 48 11 10 86 29 99 37 5
65 8
8 3
8 47
3 41
3 40
3 62
41 6
41 87
40 32
6 28
6 64
32 9
32 82
28 79
9 53
9 4
53 17
53 7
82 0
4 42
17 19
17 72
7 12
19 52
19 54
19 15
19 74
0 36
52 58
52 96
42 88
12 39
12 68
54 56
54 57
54 1
54 23
15 13
15 31
15 70
58 46
46 92
13 2
56 18
56 60
31 16
31 24
31 81
57 30
57 98
1 14
1 61
18 73
2 44
16 49
16 71
24 21
24 26
14 69
44 90
39 86
21 50
21 43
21 55
21 76
26 78
50 35
50 25
50 94
43 38
43 20
43 89
55 97
25 51
25 59
25 77
20 22
20 45
20 34
20 75
22 48
22 10
59 11
59 29
59 99
34 37
11 5