87 15 42 51 36 6 27 92 86 56 64 49 96 59 80 75 98 93 53 66 76 97 89 52 68 0 69 72 12 31 17 81 21 90 45 79 29 77 99 43 50 34 14 4 3 13 62 8 25 84 11 48 70 35 44 57 63 1 74 46 10 9 38 20 18 54 5 82 32 95 55 61
87 76
87 97
87 89
87 52
87 68
87 0
87 69
87 72
87 31
87 17
87 15
87 42
87 6
87 56
87 64
87 75
87 98
87 93
87 53
87 80
87 66
51 36
51 81
51 21
51 90
51 45
51 31
36 13
36 5
36 82
6 1
27 92
27 86
27 49
27 96
27 12
92 77
64 74
64 46
64 10
64 9
96 38
59 80
98 54
53 20
97 70
97 63
69 77
69 18
17 48
17 32
81 95
81 61
81 34
45 35
79 29
79 50
79 34
79 14
79 4
77 99
77 43
77 3
77 11
13 62
13 8
13 25
13 84
35 44
35 57
38 55