0 40 41 67 76 77 52 62 66 60 73 74 55 71 72 59 80 78 64 54 58 70 69 82 68 81 84 61 85 75 56 57 65 83 1 31 51 79 53 63 13 14 86 90 98 7 6 97 89 96 92 95 99 4 11 93 94 91 10 45 12 20 21 35 2 16 47 88 19 38 87 49 43 44 28 17 9 24 26 50 42 27 18 36 46 32 22 8 25 3 15 5 29 30 39 23 34 37 33
0 40
0 41
0 67
0 76
0 77
0 52
0 62
0 66
0 60
0 73
0 74
0 55
0 71
0 72
0 59
0 80
0 78
0 64
0 54
0 58
0 70
0 69
0 82
0 68
0 81
0 84
0 61
0 85
0 75
0 56
0 57
0 65
0 83
0 79
0 53
0 63
40 20
76 38
52 1
1 31
1 51
1 86
1 90
1 98
1 97
1 89
1 96
1 92
1 95
1 99
1 93
1 94
1 91
1 88
1 87
31 29
51 11
63 21
13 14
13 10
13 9
14 12
14 17
7 6
7 4
7 44
7 24
7 18
6 11
6 32
10 45
10 24
10 26
10 50
21 35
21 42
21 27
2 16
2 47
2 5
16 17
19 38
38 43
38 22
49 43
49 23
49 37
44 28
44 39
17 36
9 15
50 46
50 8
42 34
32 30
22 33
8 25
3 15