40 1 82 8 6 48 5 0 10 91 98 34 17 86 71 90 4 54 2 70 55 7 25 83 42 9 56 19 3 32 96 72 16 14 27 15 50 39 12 31 18 13 64 69 29 36 21 49 20 22 78 80 94 11 23 41 95 76 60 59 57 45 65 61 77 67 81 26 84 68 88 28 38 37 92 33 51 24 62 97 79 73 43 52 93 87 35 63 46 30 53 75
40 1
1 82
1 8
1 6
1 48
1 5
1 0
8 71
6 34
5 10
0 17
0 4
0 2
10 91
91 98
17 86
17 39
71 90
4 54
4 12
4 94
4 11
4 23
54 95
2 70
2 55
2 7
2 19
2 3
2 32
7 25
7 42
7 9
7 15
25 83
42 56
9 16
9 14
9 18
19 96
3 13
3 36
3 21
32 72
32 64
72 78
14 27
14 50
14 31
15 20
15 76
15 57
39 41
12 92
31 60
31 59
18 29
18 51
64 69
69 73
29 33
36 80
21 49
21 22
21 61
49 65
49 77
20 45
22 28
11 38
11 24
23 26
23 37
41 53
45 81
45 87
45 46
65 67
67 93
26 84
26 68
84 97
68 88
28 43
28 52
28 30
37 62
37 79
24 35
35 63
46 75