0 90 22 89 91 81 14 88 80 69 93 64 74 65 87 79 62 99 85 73 66 94 77 72 83 96 82 78 95 76 98 97 92 63 84 75 67 86 68 70 5 39 71 54 25 50 44 35 6 29 52 53 7 1 13 30 12 59 31 38 51 24 47 36 15 34 3 43 4 61 55 33 8 48 56 58 32 41 45 60 40 11 42 21 9 10 18 28 16 37 27 26 46 49 23 2 20 57 17
0 90
0 22
0 89
0 91
0 81
0 14
0 88
0 80
0 69
0 93
0 64
0 74
0 65
0 87
0 79
0 62
0 99
0 85
0 73
0 66
0 94
0 77
0 72
0 83
0 96
0 82
0 78
0 95
0 76
0 98
0 97
0 92
0 63
0 84
0 75
0 67
0 86
0 68
0 70
0 71
22 53
81 24
14 54
14 38
14 34
92 40
5 39
5 52
5 7
5 15
5 25
25 50
25 6
25 1
25 36
25 55
50 20
44 35
44 53
44 3
44 31
35 47
35 37
6 29
6 28
29 27
53 23
7 31
7 61
7 18
13 30
30 37
12 59
59 34
31 8
38 4
38 17
51 24
24 43
24 33
24 57
3 48
43 10
33 58
8 42
48 56
48 41
56 60
58 46
32 41
45 60
45 16
60 49
40 11
40 21
40 2
9 10
26 46