52 51 53 50 54 49 1 2 3 0 4 5 6 7 8 48 9 47 10 13 46 15 11 12 17 14 16 18 19 45 20 44 21 55 43 22 56 42 23 57 41 58 40 24 59 39 25 60 38 26 61 37 27 62 36 28 35 29 34 30 33 31 32 63 64 65 66 67 68 69 70 71 72 73 74 75 76 77 78 79 80 81 82 83 84 85 86 87 88 89 90 91 92 93 94 95 96 97 98
52 51
52 53
51 50
53 54
50 49
54 55
49 1
49 2
49 3
49 48
1 0
3 4
4 5
5 6
6 7
7 8
8 9
48 47
9 10
47 46
10 13
10 11
13 15
13 12
13 14
46 45
12 17
17 16
17 18
18 19
19 20
45 44
20 21
44 43
21 22
55 56
43 42
22 23
56 57
42 41
23 24
57 58
41 40
58 59
40 39
24 25
59 60
39 38
25 26
60 61
38 37
26 27
61 62
37 36
27 28
62 63
36 35
28 29
35 34
29 30
34 33
30 31
33 32
63 64
64 65
65 66
66 67
67 68
68 69
69 70
70 71
71 72
72 73
73 74
74 75
75 76
76 77
77 78
78 79
79 80
80 81
81 82
82 83
83 84
84 85
85 86
86 87
87 88
88 89
89 90
90 91
91 92
92 93
93 94
94 95
95 96
96 97
97 98