39 37 4 36 3 35 34 31 2 95 23 47 33 32 44 96 87 7 25 6 94 0 26 27 48 55 46 85 54 20 42 88 43 45 21 89 61 90 60 10 57 59 91 69 62 79 73 12 18 80 86 16 9 81 5 74 68 56 75 40 41 52 53 51 82 22 14 72 11 64 92 38 63 8 93 67 97 28 70 83 78 19 49 17 77 50 58 66 76 15 24 99 84
39 37
39 36
37 4
36 3
3 35
3 34
35 31
35 95
35 47
35 25
31 2
31 44
2 33
2 32
95 23
95 87
23 96
23 94
47 7
47 55
47 85
33 59
32 61
44 6
44 88
96 51
87 20
87 69
7 48
7 46
25 0
25 54
25 62
6 43
6 45
94 82
0 26
0 27
26 42
26 79
26 73
27 86
48 91
48 68
48 38
55 60
55 10
46 28
85 72
85 97
54 9
42 81
42 5
88 21
45 63
21 89
21 90
61 64
90 78
60 83
10 57
10 56
59 11
91 22
91 70
62 12
79 18
73 16
18 80
16 74
16 75
9 52
9 53
81 66
5 40
5 41
68 14
51 8
82 19
22 92
22 93
14 67
72 15
11 58
8 49
8 50
93 99
97 24
78 17
19 84
17 77
17 76