85 26 4 36 78 69 17 92 46 40 93 84 81 55 83 43 11 39 1 2 6 95 29 67 53 30 19 88 75 33 13 77 87 48 65 97 56 51 91 82 8 59 44 47 31 27 71 20 25 7 22 5 73 0 52 49 90 3 54 94 99 74 12 42 35 70 34 14 64 24 23 45 57 72 28 80 10 50 96 98 60 66 68 41 79 9 61 16 15 21 86 18 63 89 76 37 58
85 26
85 81
26 51
4 36
4 43
4 29
4 60
36 24
78 69
78 47
78 10
69 46
69 50
17 92
92 67
92 63
46 40
46 83
46 13
46 29
46 90
40 30
40 57
93 84
93 29
93 33
93 54
84 77
84 87
84 89
81 55
81 83
83 96
83 18
11 39
11 94
39 77
39 97
39 86
1 2
1 19
2 16
6 95
6 87
6 76
95 44
29 88
67 53
67 75
67 22
53 47
19 65
88 52
33 9
13 3
87 48
48 91
48 71
48 5
48 74
48 23
65 35
65 74
97 56
97 25
51 34
91 49
91 42
82 8
82 28
8 31
59 44
44 31
44 14
44 80
47 20
31 27
27 72
71 99
20 12
25 7
7 70
73 0
73 54
49 64
54 66
94 79
34 45
34 58
14 98
24 37
23 61
23 21
45 15
28 68
68 41