0 71 3 91 44 1 4 6 7 9 25 26 27 28 29 30 31 32 33 34 35 50 52 2 53 54 55 56 57 51 58 59 60 61 62 63 64 65 66 67 68 69 72 73 74 75 76 77 78 79 81 89 88 84 19 18 21 85 86 87 22 23 90 36 45 40 37 39 38 48
0 18
0 1
0 4
0 6
0 7
0 9
0 2
0 71
71 72
71 3
71 44
91 90
44 45
44 40
25 26
25 27
25 28
25 29
25 30
25 31
25 32
25 33
25 34
25 35
25 50
26 36
50 52
50 53
50 54
50 55
50 56
50 57
50 51
50 58
50 59
50 60
60 81
60 61
61 62
62 63
63 64
64 65
65 66
66 67
67 68
68 69
72 73
73 74
74 75
75 76
76 77
77 78
78 79
81 90
81 85
81 86
81 87
81 84
81 88
81 89
19 18
19 21
21 22
22 23
36 37
45 48
40 39
37 38
39 38