60 36 77 59 99 11 39 7 42 3 97 51 64 40 1 34 49 2 58 78 22 30 53 96 14 89 47 24 43 91 12 4 92 66 50 86 82 70 48 52 18 37 6 28 62 35 67 20 88 23 41 38 25 5 85 54 27 73 46 31 33 68 15 94 29
60 36
60 77
36 59
59 99
99 11
99 94
11 39
11 7
11 97
11 34
11 48
7 42
7 3
7 1
42 43
42 86
42 37
42 6
42 25
3 96
3 4
3 27
97 51
97 62
51 64
51 2
51 67
64 40
64 53
40 49
40 58
40 88
40 5
40 33
34 24
34 50
49 78
49 35
58 22
78 18
22 30
22 47
22 91
22 12
53 38
96 14
96 89
96 66
14 82
14 85
43 28
12 70
12 23
12 73
4 92
4 52
92 29
82 15
70 20
70 46
6 54
28 31
20 68
23 41