22 25 66 84 46 40 36 31 47 68 43 20 80 61 73 60 62 75 85 89 51 72 57 71 97 56 87 23 99 1 95 7 12 76 11 4 39 9 59 42 94 30 45 35 92 44 5 82 67 64 28 27 13 53 16 8 86 83 49 98 0 15 69 41 48 10 77 90 88 32 54 81 26 34 37 58 93 14 65 6 96 91 33 3 29 19 38 55 18 52 21 63 78 24 70 79 2 50 17
22 25
22 84
25 66
84 46
46 40
40 36
40 31
40 20
31 47
31 68
31 61
31 73
47 60
68 43
68 75
68 67
43 62
20 80
20 83
20 49
20 14
61 85
61 89
61 95
73 27
62 13
85 51
85 72
85 23
51 71
51 87
72 57
72 99
72 11
57 7
71 97
71 56
23 1
23 12
23 76
23 42
23 30
1 4
1 39
1 45
1 44
95 9
95 28
12 92
12 82
11 35
39 94
39 5
39 69
9 59
9 8
59 53
42 86
94 41
35 26
92 0
92 10
44 98
44 81
82 15
82 34
67 64
27 16
8 96
8 91
83 77
83 65
83 70
49 79
98 19
0 3
15 58
69 48
48 90
48 78
10 88
10 54
10 33
77 6
88 32
88 38
88 18
32 52
32 21
81 37
81 93
65 63
96 24
3 29
3 17
38 55
21 50
70 2