57 55 54 52 59 58 60 62 56 53 51 61 63 50 48 49 64 65 47 45 46 44 43 66 42 41 40 68 39 37 67 69 70 71 72 74 75 77 73 78 80 76 79 81 83 84 82 86 85 36 38 34 35 33 87 32 31 30 28 29 27 25 24 23 26 22 21 19 20 18 17 16 15 14 13 12 10 11 9 7 8 6 5 4 3 1 2 0 88 90 89 92 91 93 94 95 96 98
57 55
57 59
57 58
57 56
55 54
54 52
54 53
52 51
59 60
60 62
60 61
51 50
51 49
61 63
63 64
63 65
50 48
48 47
48 46
64 66
47 45
45 44
45 43
44 42
66 68
66 67
42 41
42 40
40 39
39 37
39 38
37 36
67 69
69 70
69 71
70 72
72 74
72 73
74 75
75 77
77 78
78 80
78 76
78 79
79 81
81 83
81 82
83 84
84 86
84 85
85 87
36 34
36 35
34 33
33 32
33 31
87 88
87 89
31 30
30 28
30 29
28 27
27 25
25 24
24 23
24 26
24 22
23 21
21 19
21 20
19 18
18 17
18 16
17 15
15 14
15 13
13 12
12 10
12 11
10 9
9 7
9 8
7 6
6 5
6 4
5 3
3 1
3 2
2 0
88 90
90 92
90 91
92 93
93 94
93 95
95 96
96 98