38 37 39 36 40 35 41 34 42 33 43 32 44 31 45 30 46 29 47 28 48 27 49 26 50 25 51 24 52 23 53 22 54 21 55 20 56 19 57 18 58 17 59 16 60 15 61 14 62 13 63 12 64 11 65 10 66 9 67 8 68 7 69 6 70 5 71 4 72 3 73 2 74 1 75 0 76 77 78 79 80 81 82 83 84 85 86 87 88 89 90 91 92 93 94 95 96 97
38 37
38 39
37 36
39 40
36 35
40 41
35 34
41 42
34 33
42 43
33 32
43 44
32 31
44 45
31 30
45 46
30 29
46 47
29 28
47 48
28 27
48 49
27 26
49 50
26 25
50 51
25 24
51 52
24 23
52 53
23 22
53 54
22 21
54 55
21 20
55 56
20 19
56 57
19 18
57 58
18 17
58 59
17 16
59 60
16 15
60 61
15 14
61 62
14 13
62 63
13 12
63 64
12 11
64 65
11 10
65 66
10 9
66 67
9 8
67 68
8 7
68 69
7 6
69 70
6 5
70 71
5 4
71 72
4 3
72 73
3 2
73 74
2 1
74 75
1 0
75 76
76 77
77 78
78 79
79 80
80 81
81 82
82 83
83 84
84 85
85 86
86 87
87 88
88 89
89 90
90 91
91 92
92 93
93 94
94 95
95 96
96 97