34 91 49 5 94 75 67 38 93 48 79 52 4 26 82 53 36 24 30 50 96 81 42 9 65 61 47 86 88 70 19 87 74 78 59 97 85 62 11 22 14 39 46 68 35 58 18 21 2 28 40 33 29 63 89 17 98 3 54 27 20 6 12 60 99 31 25 77 66 10 1 71 15 8 13 92 76 83 41 45 23 37 56 51 57 80 32 64 72 69 84 73 90 44 16 0
34 91
34 39
34 49
34 15
49 5
5 37
94 75
94 79
94 39
94 17
94 90
75 35
75 23
67 38
67 42
67 54
38 69
93 48
93 25
93 64
48 33
48 83
79 53
79 45
79 12
79 0
52 4
52 3
52 92
4 31
4 77
26 82
26 59
82 29
82 37
53 36
36 41
24 30
24 39
50 96
96 81
81 65
42 9
42 87
65 89
65 1
65 70
61 47
47 22
47 16
86 88
86 33
88 22
70 19
19 87
74 78
74 62
97 85
97 12
62 11
62 27
11 14
11 46
22 14
39 98
46 68
46 35
46 6
35 54
35 10
35 44
35 58
58 18
21 2
2 15
28 40
28 80
40 89
29 63
89 73
98 84
98 51
27 20
6 13
60 99
60 15
31 25
77 66
66 32
71 15
8 13
8 72
92 76
56 51
51 57