18 81 7 46 14 69 21 88 9 53 19 84 48 54 20 86 5 40 47 8 49 50 22 92 16 74 6 44 15 71 70 3 36 24 99 0 25 23 96 27 52 42 94 26 1 28 41 97 68 75 87 72 89 17 76 93 10 56 79 11 58 12 63 45 82 59 2 32 91 43 4 37 77 95 51 39 13 64 34 57 65 66 55 85 62 29 73 31 60 30 78 90 80 35 33 67 61 98
18 81
18 79
18 80
81 50
81 71
81 99
81 93
7 46
7 48
7 47
14 69
14 68
14 67
21 88
21 89
21 90
9 53
9 54
9 52
19 84
19 82
48 34
20 86
20 87
20 85
86 59
86 68
5 40
5 42
5 41
8 49
8 50
8 51
50 73
22 92
22 93
22 91
92 32
92 82
16 74
16 75
16 73
6 44
6 45
6 43
15 71
15 70
15 72
3 36
3 34
3 35
36 45
24 99
24 97
24 98
0 25
0 27
0 26
25 39
23 96
23 94
23 95
96 51
27 52
27 62
52 64
26 82
1 28
1 29
1 30
41 62
87 91
17 76
17 77
17 78
93 43
10 56
10 57
10 55
11 58
11 59
11 60
12 63
12 62
12 61
2 32
2 31
2 33
32 29
4 37
4 39
77 62
13 64
13 65
13 66
57 62
60 90