49 41 9 29 24 47 5 51 89 99 37 14 62 26 52 11 2 19 54 38 23 69 87 70 92 67 18 28 85 36 13 71 61 72 59 93 90 4 16 22 75 83 56 77 12 58 60 76 55 7 82 46 91 21 80 81 33 98 66 64 50 30 95 1 8 94 44 34 31 84 27 48 57 40 97 42 32 88 53 43 20 73 74 10 78 35 63 39 65 15 79 68 45 6 0 96 17
49 41
49 4
9 29
29 5
29 95
24 47
24 66
24 88
47 34
47 63
5 13
5 64
51 89
89 42
99 37
99 52
99 38
99 8
99 44
37 20
14 62
14 26
14 67
14 77
14 1
14 66
14 81
14 0
62 61
62 50
26 80
26 32
11 2
11 72
11 56
19 54
19 23
19 10
54 36
23 77
23 30
69 87
69 59
70 92
70 42
92 85
92 90
67 60
18 28
28 82
28 46
28 56
28 64
36 21
36 68
13 71
71 55
61 22
61 43
59 93
59 43
90 76
90 7
4 77
16 22
16 31
22 40
75 83
75 33
83 12
12 58
12 21
58 96
60 27
76 81
55 94
55 65
82 73
46 91
46 21
33 98
30 53
30 15
30 6
95 48
8 34
31 84
31 79
27 45
48 57
40 97
42 35
73 74
73 39
74 17
10 78