27 82 81 94 32 76 75 92 97 63 84 90 66 64 86 85 73 80 36 71 78 70 43 98 96 95 59 33 87 48 83 77 60 91 57 72 15 52 67 62 55 89 30 88 93 58 79 2 61 65 25 37 49 38 35 41 69 31 34 10 56 50 74 51 45 53 42 13 54 68 40 29 26 4 19 17 47 12 24 28 39 20 44 7 46 11 1 23 21 18 14
27 82
82 76
82 73
82 36
82 78
82 85
82 48
82 57
82 15
82 79
81 94
81 32
81 75
81 25
81 37
81 13
81 4
94 97
94 90
94 80
94 43
94 98
94 95
94 59
94 77
94 52
94 67
94 55
94 58
94 35
94 12
32 71
75 92
75 85
75 83
75 62
75 74
92 34
92 50
92 47
92 23
97 61
97 49
63 84
63 86
63 73
63 96
63 33
63 91
63 30
90 70
90 87
66 64
64 86
86 44
85 40
73 54
73 1
73 21
78 10
78 68
70 72
70 89
98 2
98 17
96 69
96 53
95 56
95 19
95 20
87 60
87 38
87 31
87 45
87 28
87 39
87 7
83 41
60 11
91 88
91 65
67 46
88 93
79 24
2 42
65 51
65 18
37 14
49 26
69 29