88 17 2 83 14 18 8 80 77 55 90 22 63 78 3 43 49 40 71 28 48 75 76 84 5 54 91 59 26 31 32 37 66 12 61 94 92 33 15 13 57 86 72 21 56 85 44 50 82 89 60 74 0 4 25 47 69 29 53 36 19 42 64 65 34 23 39 41 30 70 58 16 20 27 79 87 46 81 6 1 52 73 45 62 7 9 67 35 10 38 68 11 93 24
88 17
88 74
17 86
2 83
2 84
14 18
14 23
8 80
80 5
80 33
77 55
77 81
55 3
55 12
55 22
55 44
55 64
90 22
90 15
90 58
22 25
63 78
63 5
78 26
78 27
78 0
3 61
43 49
49 84
49 93
40 71
40 48
71 85
28 48
75 76
75 50
84 54
84 82
84 69
54 91
54 60
91 7
59 26
31 32
31 72
31 60
32 13
32 85
37 66
37 69
94 92
94 36
33 44
33 46
15 82
57 86
57 87
21 56
21 89
85 29
50 89
50 62
50 38
50 69
89 35
60 74
60 36
0 4
25 73
47 69
47 23
47 67
47 41
29 53
53 16
53 20
53 65
19 42
19 9
64 68
65 34
34 45
23 39
23 52
41 30
30 11
70 58
20 10
27 79
46 6
1 52
62 9
35 24