36 20 0 70 55 31 1 83 52 77 74 73 23 65 39 37 49 67 14 51 85 58 34 9 44 64 22 11 95 26 43 27 82 15 69 7 57 29 42 17 71 92 45 81 48 87 46 79 19 50 80 54 86 4 40 47 78 75 89 16 10 68 53 90 61 13 63 60 96 21 2
36 90
36 37
36 16
36 20
20 52
20 58
0 54
0 58
0 70
70 68
70 49
55 48
55 50
55 31
31 39
1 40
1 87
83 27
83 52
77 64
77 89
77 85
74 26
74 11
74 73
23 29
23 54
23 9
23 65
39 37
49 7
49 67
67 44
14 9
14 15
14 51
58 92
58 11
58 34
9 79
64 2
64 17
64 63
64 22
22 82
22 78
11 10
95 57
26 43
27 21
82 96
69 21
57 13
29 42
42 45
17 71
71 46
92 80
81 19
81 48
87 46
46 86
4 40
40 47
78 13
78 75
75 60
16 61
16 53
68 2