51 66 78 80 98 20 77 60 53 79 8 40 68 91 42 54 39 1 44 48 57 35 49 71 0 37 72 59 84 74 7 3 33 13 47 97 92 67 85 25 62 17 87 76 89 15 88 22 86 32 83 50 6 64 56 70 65 38 26 55 46 90 12 14 29 45 63 30 4 95 21 73 96 2 41 36 24 99 27 52 58 10 23 43 31 9 94 93 16 19 18 11 75 82 34 69 28 5
51 66
51 37
51 47
66 74
66 17
78 80
78 84
80 68
80 30
98 20
20 12
77 60
77 1
77 45
77 29
60 65
53 79
53 0
53 39
53 90
79 62
79 59
8 40
8 37
91 42
91 46
91 36
42 57
54 39
54 7
39 92
39 43
1 44
1 48
1 5
44 41
48 57
48 52
35 49
35 71
35 64
35 38
71 74
0 2
0 9
37 7
37 10
72 59
72 84
72 16
84 97
74 33
74 70
7 3
7 26
7 76
33 87
33 65
33 93
13 47
13 96
13 34
47 56
47 95
92 24
67 85
67 99
85 27
85 76
25 62
25 55
62 12
17 6
17 21
76 89
76 22
15 88
15 27
88 83
86 32
86 75
32 73
50 6
56 31
56 19
70 63
26 94
14 29
29 58
4 95
21 23
73 52
94 11
94 28
18 11
18 69
82 34