24 23 25 22 26 21 27 20 28 19 29 18 30 17 31 16 32 15 33 14 34 13 35 12 36 11 37 10 38 9 39 8 40 7 41 6 42 5 43 4 44 3 45 2 46 1 47 0 48 49 50 51 52 53 54 55 56 57 58 59 60 61 62 63 64 65 66 67 68 69 70 71 72 73 74 75 76 77 78 79 80 81 82 83 84 85 86 87 88 89 90 91 92 93 94 95 96 97 98
24 23
24 25
23 22
25 26
22 21
26 27
21 20
27 28
20 19
28 29
19 18
29 30
18 17
30 31
17 16
31 32
16 15
32 33
15 14
33 34
14 13
34 35
13 12
35 36
12 11
36 37
11 10
37 38
10 9
38 39
9 8
39 40
8 7
40 41
7 6
41 42
6 5
42 43
5 4
43 44
4 3
44 45
3 2
45 46
2 1
46 47
1 0
47 48
48 49
49 50
50 51
51 52
52 53
53 54
54 55
55 56
56 57
57 58
58 59
59 60
60 61
61 62
62 63
63 64
64 65
65 66
66 67
67 68
68 69
69 70
70 71
71 72
72 73
73 74
74 75
75 76
76 77
77 78
78 79
79 80
80 81
81 82
82 83
83 84
84 85
85 86
86 87
87 88
88 89
89 90
90 91
91 92
92 93
93 94
94 95
95 96
96 97
97 98