41 5 42 40 65 62 12 13 43 66 64 6 45 44 56 79 82 19 73 16 52 93 81 18 9 96 74 10 55 57 90 61 84 83 75 54 35 91 77 99 80 63 3 23 88 17 24 22 36 29 94 53 34 89 21 50 87 31 72 78 76 97 98 30 47 25 15 38 20 2 7 70 71 4 68 1 46 95 32 39 8 85 86 48 92 33 0 26 49 51 28 27 37 59 14
41 5
5 42
5 40
42 65
42 62
65 13
65 43
62 12
13 66
13 64
43 6
64 79
6 45
6 44
6 1
45 56
45 52
45 96
44 82
44 81
56 93
56 10
82 19
82 73
82 61
19 84
19 83
73 16
73 54
73 77
16 74
16 75
52 9
93 90
93 22
81 18
81 35
81 91
81 63
18 80
9 53
96 23
96 29
74 87
74 30
10 55
10 57
55 32
84 72
83 99
83 88
54 38
35 3
35 89
77 17
77 31
99 24
99 47
80 50
3 36
3 34
23 94
23 95
17 78
17 76
24 97
24 98
22 92
36 39
53 33
89 21
89 25
50 8
87 20
87 68
31 2
72 15
78 48
98 51
47 7
25 0
25 26
15 70
15 71
38 4
20 85
20 86
7 46
4 37
68 14
1 28
95 59
8 49
0 27