25 49 84 90 34 66 12 32 15 83 13 97 65 69 68 80 51 55 57 58 5 98 73 87 23 88 27 47 86 37 40 81 11 50 52 43 70 22 0 9 91 1 61 53 60 67 71 85 6 17 26 77 96 42 93 14 72 56 74 10 41 24 33 39 4 62 28 48 20 46 44 92 2 95 54 75 19 8 30 31 45 63 94
25 49
25 81
25 61
49 5
49 42
84 90
84 72
84 98
90 23
90 66
90 8
34 66
34 88
34 86
66 47
12 32
32 51
32 68
32 40
32 73
15 83
15 53
83 23
13 97
13 92
65 69
65 94
69 93
69 31
68 80
68 17
80 22
80 56
80 28
80 2
51 55
57 58
58 96
58 41
58 9
58 5
5 98
5 92
98 1
73 87
27 47
47 37
47 91
37 11
40 48
40 62
81 67
81 33
50 52
52 14
52 95
43 70
43 44
0 9
9 62
91 95
61 24
53 10
60 67
67 39
67 26
71 85
85 4
85 45
6 17
6 44
26 77
96 74
93 4
24 20
24 19
4 46
20 46
20 30
44 75
54 75
63 94