19 62 14 55 6 74 24 25 54 91 81 37 88 80 95 96 30 59 50 93 43 20 21 92 33 75 7 63 40 48 15 90 71 72 35 67 27 28 84 85 89 22 64 65 82 16 9 10 51 60 70 34 86 98 23 3 57 42 17 52 31 78 0 79 12 18 32 5 49 73 2 68 13 53 58 97 87 77 44 76 1 47 45 56 11 39 36 41
19 62
62 91
62 43
62 63
62 78
14 55
55 54
55 89
55 42
55 5
55 56
6 74
6 7
6 2
74 67
74 75
24 25
24 81
24 23
24 63
54 85
91 92
91 96
81 80
37 88
88 31
88 87
88 36
80 48
95 96
95 20
95 9
96 70
96 73
30 59
30 35
30 63
50 93
93 63
93 31
43 44
20 21
20 86
21 22
33 75
33 34
33 32
7 63
7 68
40 48
40 39
40 41
48 49
48 47
15 90
15 16
90 22
71 72
71 70
67 82
67 45
27 28
28 70
84 85
84 77
85 0
64 65
64 98
64 12
64 23
65 3
16 17
9 10
10 57
51 60
60 86
42 97
17 52
78 79
78 77
18 32
2 1
68 53
13 53
58 97
97 11
77 76