57 42 26 55 62 64 6 79 81 89 10 51 87 11 68 2 97 44 36 34 8 77 35 4 45 82 67 83 88 7 95 38 28 73 91 0 61 40 70 53 80 3 92 1 14 52 65 5 60 98 58 84 71 20 41 47 13 48 76 37 69 32 31 86 25 29 74 30 18 56 66 96 17 94 99 24 85 21 63 49 46 22 19 9 27 12 59 93 23 43 75 33 54 16
57 42
42 26
42 55
26 62
55 25
55 56
62 64
64 6
64 79
6 84
6 32
79 81
81 89
81 35
89 10
89 77
10 51
10 8
51 87
87 11
87 97
11 68
11 88
68 2
68 44
2 36
2 61
97 34
44 95
44 0
36 83
36 60
34 7
8 4
8 67
77 41
77 47
4 45
4 65
45 82
82 31
67 38
67 28
83 5
88 86
7 48
7 29
95 71
95 13
38 73
28 70
73 91
91 40
0 53
0 98
61 76
40 80
40 1
70 52
70 99
53 3
80 14
3 92
3 37
92 58
14 74
52 17
5 18
60 20
71 69
71 19
41 63
47 94
76 24
76 9
37 30
69 12
32 85
74 66
30 21
18 16
56 49
56 23
66 96
17 46
99 93
21 27
46 22
19 59
12 43
23 33
43 75
33 54