15 28 23 40 2 13 12 36 5 1 3 32 24 56 74 9 51 83 43 69 50 92 42 87 31 11 82 98 88 81 99 78 90 86 45 75 80 84 77 91 89 79 94 25 76 95 97 93 16 96 85 65 19 26 14 30 20 0 8 52 37 18 6 7 71 4 35 10 44 17 34 21 58 46 72 61 41
15 28
15 23
15 51
15 83
28 92
23 40
23 2
23 12
23 56
40 36
40 1
40 69
2 13
2 5
2 74
13 9
12 3
12 32
12 50
36 42
36 31
36 65
1 87
1 11
1 82
1 98
1 88
1 81
1 99
1 78
1 90
1 86
1 45
1 75
1 80
1 84
1 77
1 91
1 89
1 79
1 94
1 76
1 95
1 97
1 93
1 96
1 85
3 24
3 43
3 46
43 72
42 71
87 19
11 25
11 16
82 14
99 37
78 6
86 18
45 0
91 26
79 8
25 30
25 58
76 4
97 35
16 20
16 52
96 34
85 17
19 44
14 7
30 10
30 61
20 21
6 41