64 18 82 7 47 46 22 24 4 20 88 8 59 43 32 81 44 13 97 5 35 38 30 48 15 41 23 31 14 6 12 95 21 17 98 93 51 74 63 33 55 1 42 50 54 11 37 71 3 80 94 84 90 57 62 29 0 19 70 79 53 87 36 52 58 76 83 67 65 16 25 72 2 39 91 27 75 28 77 99 45 34 60 40 86 61 73 68 66 96 49 10 92 78
64 18
64 3
64 70
18 48
18 45
82 7
82 80
47 46
46 14
46 24
46 83
22 24
24 12
24 84
4 20
20 35
20 52
20 76
88 8
88 23
88 0
8 32
8 41
8 29
8 51
8 72
59 43
59 10
43 51
32 6
81 44
81 14
44 99
13 97
13 25
97 74
97 5
5 35
5 0
35 50
38 30
30 93
30 67
48 15
15 62
41 31
41 19
23 83
23 75
14 53
14 80
6 87
12 95
95 36
21 17
21 68
17 98
17 52
93 73
93 33
74 63
33 55
55 0
1 42
1 50
54 11
54 79
37 71
37 57
37 66
71 58
3 16
80 62
94 84
84 61
90 57
90 62
70 65
70 60
79 53
16 96
2 39
2 91
39 28
91 27
91 86
28 77
28 49
77 99
45 34
45 78
34 40
60 92