28 29 31 92 66 7 25 5 11 53 64 86 32 93 0 81 27 43 14 16 78 23 84 49 87 17 63 72 15 40 71 44 56 13 68 12 52 75 8 22 39 38 9 60 95 77 42 45 54 47 10 37 21 46 62 30 98 70 79 19 61 67 6 91 74 33 35 1 97 3 96 69 2 57 80 82 36 4 85 24 89 94 76 34 41 73 26 51 18 50 20 55 48 58 88 59 90
28 29
28 5
28 43
29 63
31 92
31 30
31 97
92 17
92 21
92 79
66 7
66 5
66 15
66 49
7 78
25 5
25 77
11 53
11 39
11 23
53 13
53 94
53 21
53 20
64 86
86 98
32 93
32 60
93 96
93 4
0 81
81 89
81 51
27 43
27 35
27 26
43 85
43 14
43 75
14 16
23 84
23 95
84 88
49 87
49 74
49 1
49 69
87 98
17 34
63 72
15 8
40 71
40 50
40 90
71 6
44 56
44 12
56 22
13 68
12 96
12 24
52 75
38 9
38 45
38 95
60 2
95 54
77 42
77 19
54 47
54 62
47 10
47 1
47 82
10 76
37 21
46 62
62 67
70 79
19 61
19 89
61 58
67 91
6 76
74 57
33 35
35 73
97 3
69 48
57 18
80 82
80 59
36 4
4 41
85 41
55 48