48 59 22 75 39 61 95 79 87 54 14 12 71 36 4 58 30 94 19 24 82 35 9 63 91 53 84 15 47 6 31 77 7 40 38 80 34 90 21 2 96 33 17 26 29 3 20 42 72 1 13 57 89 88 74 41 98 85 92 37 10 32 46 83 93 16 50 97 49 69 5 51 8 99 44 73 66 60 11 67 27 25 70 86 81 78 43 68 76 65 23
48 59
48 94
48 6
48 2
22 75
22 63
75 40
75 37
39 61
39 87
39 58
95 79
95 2
95 96
95 54
95 27
95 15
87 88
87 25
54 14
54 57
54 51
54 97
12 71
12 58
12 77
12 16
36 4
36 80
36 3
36 13
36 33
4 23
58 30
19 24
19 91
24 9
24 77
24 53
82 35
82 7
82 89
82 74
82 41
82 83
91 70
53 84
53 72
53 44
15 47
6 31
77 2
77 76
40 38
40 3
38 21
38 60
80 34
80 90
21 73
2 26
2 98
2 92
96 43
33 17
17 66
17 67
26 93
26 3
29 3
29 85
29 50
29 11
3 74
20 42
20 10
1 13
13 32
89 46
89 8
85 69
85 78
10 5
10 93
10 68
93 99
93 65
97 49
97 86
73 81