44 5 42 8 20 43 19 28 41 49 50 27 30 10 29 73 11 0 74 15 34 31 32 18 3 6 13 14 9 24 1 23 76 21 12 17 7 2 94 26 25 4 51 16 88 97 62 64 75 39 69 72 52 71 90 81 82 54 33 98 87 93 22
44 5
44 42
5 8
5 20
5 43
5 19
5 28
5 27
5 30
5 10
5 29
5 15
5 31
5 32
5 18
5 3
5 6
5 14
5 21
5 12
5 17
5 26
5 25
5 22
8 49
8 50
8 16
20 73
20 11
20 0
20 74
20 13
20 9
20 24
20 23
20 7
20 2
20 4
43 41
19 72
19 71
28 90
49 51
27 88
27 87
30 94
30 93
10 54
73 75
0 34
0 1
0 33
74 76
15 64
32 97
32 98
18 69
3 39
14 62
9 52
24 81
24 82