77 75 79 81 83 85 87 89 91 93 73 71 69 67 65 63 95 61 59 57 55 53 51 49 47 45 43 41 39 97 37 35 33 31 29 27 25 23 21 19 17 15 13 11 9 7 5 3 1 0 99 98 2 96 94 4 92 6 8 10 90 88 12 86 14 84 82 16 18 20 22 24 26 28 80 78 30 76 32 74 34 72 36 70 38 40 68 66 64 42 44 46 62 60 48 50 58 56
77 75
77 79
75 73
79 81
81 83
83 85
85 87
87 89
89 91
91 93
93 95
73 71
71 69
69 67
67 65
65 63
63 61
95 97
61 59
59 57
57 55
55 53
53 51
51 49
49 47
47 45
45 43
43 41
41 39
39 37
37 35
35 33
33 31
31 29
29 27
27 25
25 23
23 21
21 19
19 17
17 15
15 13
13 11
11 9
9 7
7 5
5 3
3 1
1 0
1 99
0 98
0 2
98 96
2 4
96 94
94 92
4 6
92 90
6 8
8 10
10 12
90 88
88 86
12 14
86 84
14 16
84 82
82 80
16 18
18 20
20 22
22 24
24 26
26 28
28 30
80 78
78 76
30 32
76 74
32 34
74 72
34 36
72 70
36 38
70 68
38 40
40 42
68 66
66 64
64 62
42 44
44 46
46 48
62 60
60 58
48 50
58 56