53 54 51 52 48 47 46 44 45 43 42 40 39 41 37 35 38 34 36 33 31 49 50 30 32 29 26 25 24 27 28 23 22 21 20 19 55 57 56 58 59 60 61 63 62 64 65 67 66 69 70 68 71 72 73 74 16 18 14 12 10 13 15 17 8 9 7 6 11 5 4 3 2 1 0 76 77 75 78 79 80 81 82 83 84 85 86 87 88 89 90 92 91 93 94 95 97 98
53 54
53 51
54 55
51 52
51 48
48 47
48 49
47 46
47 45
46 44
44 43
43 42
42 40
40 39
40 41
39 37
37 35
37 38
37 36
35 34
38 50
34 33
33 31
31 30
31 32
31 28
30 29
29 26
26 25
26 27
25 24
24 23
23 22
22 21
21 20
20 19
19 16
55 57
55 56
56 58
58 59
59 60
60 61
60 62
61 63
63 64
62 65
62 67
67 66
67 69
67 68
69 70
70 71
71 72
72 73
73 74
74 76
74 75
16 18
16 14
18 17
14 12
14 15
12 10
12 13
10 8
10 11
8 9
9 7
7 6
7 3
6 5
5 4
4 2
3 1
1 0
76 77
77 78
78 79
79 80
80 81
80 82
82 83
83 84
84 85
85 86
86 87
87 88
88 89
89 90
89 91
90 92
92 93
92 94
94 95
95 97
97 98