1 2 0 32 6 17 21 10 40 9 20 92 11 13 38 86 34 58 12 14 77 94 39 36 8 5 45 44 42 52 41 96 48 54 35 63 55 80 70 51 82 79 37 46 88 59 83 91 71 97 47 75 95 68 89 49 67 99 76 78 73 98 62 93 43 61 90 74 53 60 87 81 57 64 69 72 85 65 84 50 66 4 18 29 56 33 31 27 25 19 28 3 24 26 23 16 22
1 2
1 21
1 77
1 34
1 63
1 70
1 59
1 71
1 75
1 68
1 67
1 76
1 78
1 73
1 62
1 61
1 74
1 60
1 64
1 69
1 72
1 65
1 66
2 17
2 10
2 92
2 86
2 58
2 94
2 96
2 80
2 82
2 79
2 88
2 83
2 91
2 97
2 95
2 89
2 99
2 98
2 93
2 90
2 87
2 81
2 85
2 84
0 32
0 6
0 40
0 38
0 34
0 12
0 39
0 36
0 45
0 44
0 42
0 52
0 41
0 48
0 54
0 35
0 55
0 51
0 37
0 46
0 47
0 49
0 43
0 53
0 57
0 50
0 56
32 14
32 33
32 16
17 11
17 29
9 20
20 33
11 13
11 27
12 22
8 5
8 28
8 4
8 83
4 18
18 31
31 24
31 3
31 26
25 19
25 3
26 23