85 24 10 65 28 68 36 98 42 84 93 97 39 11 77 62 38 59 12 6 22 7 21 1 0 99 67 17 64 45 43 78 20 25 73 2 3 33 26 15 5 72 60 58 41 81 16 29 79 88 70 71 89 49 63 66 50 55 95 31 46 44 75 27 53 19 4 34 96 86 56 92 94 9 91 61 69 35 87 8 37 40 48 57 13 23 51 52 80 14 74 83
85 24
85 6
24 42
24 97
24 63
24 33
10 65
65 73
65 61
65 14
28 68
28 95
28 44
28 33
36 98
36 72
36 9
98 66
42 87
84 93
84 63
93 88
97 39
39 2
11 77
77 55
62 38
62 1
62 13
38 44
59 12
59 8
12 0
6 55
22 7
7 69
21 1
21 43
21 29
0 99
0 5
99 80
67 17
17 78
64 45
64 94
45 69
78 49
78 74
20 25
20 46
25 9
25 40
73 2
73 60
2 70
3 33
3 26
3 56
15 5
15 75
5 23
72 79
60 58
58 34
41 81
81 16
81 4
81 63
81 51
29 79
29 50
29 49
29 48
88 31
70 83
71 89
71 63
49 96
63 75
66 27
31 53
46 91
27 86
27 57
19 4
86 37
92 94
94 61
35 87
51 52