1 4 0 6 2 28 13 31 88 75 15 84 86 20 7 64 33 44 21 46 85 83 5 65 78 51 91 38 90 81 35 73 70 39 76 32 29 53 49 82 69 54 79 71 50 77 57 89 72 3 26 66 42 61 24 8 63 47 40 55 58 62 23 16 56 87 36 74 45 80 60 43 22 14 34 67 37 52 41 68 59 12 10 11 48 27 18 9 97 25 19 92 99 96
1 4
1 31
1 64
1 65
1 70
1 69
1 54
1 32
1 71
1 57
1 66
1 61
1 63
1 55
1 58
1 62
1 56
1 60
1 67
1 68
1 59
0 6
0 44
0 46
0 33
0 51
0 38
0 35
0 39
0 32
0 49
0 50
0 42
0 47
0 40
0 36
0 45
0 43
0 34
0 37
0 52
0 41
0 48
6 29
6 11
2 28
2 13
2 88
2 75
2 15
2 84
2 86
2 33
2 85
2 83
2 78
2 91
2 90
2 81
2 73
2 76
2 53
2 82
2 79
2 77
2 89
2 72
2 87
2 74
2 80
13 26
13 9
20 7
20 3
7 21
7 5
7 24
7 12
7 76
5 25
3 97
3 92
3 99
3 96
24 8
24 19
23 16
23 10
23 11
16 27
16 18
22 14
22 11