36 35 30 34 31 28 41 39 40 27 45 47 44 49 37 29 42 46 43 33 26 48 50 32 38 24 25 51 23 19 20 53 22 16 57 61 54 56 65 55 52 60 58 62 66 59 69 70 73 21 75 63 68 67 64 72 17 71 74 78 76 82 81 77 79 11 83 87 92 12 86 85 88 80 97 96 91 90 94 84 95 98 99 93 89 13 7 14 8 4 6 18 3 2 5 15
36 35
36 41
35 30
35 40
30 34
30 31
30 27
30 29
30 26
34 39
34 33
34 38
31 28
41 37
39 42
40 45
27 24
45 47
45 44
47 49
49 51
29 25
42 46
46 43
46 48
33 32
26 23
48 50
50 53
24 22
23 19
23 20
20 16
53 57
53 52
22 21
22 17
16 11
57 61
57 54
57 56
57 58
57 62
61 65
61 60
61 66
54 55
60 59
62 63
62 67
66 69
66 70
69 73
73 75
75 78
63 68
68 64
67 72
67 71
72 74
17 12
74 76
78 82
78 77
76 79
82 81
82 83
82 87
82 86
11 15
83 80
87 92
87 88
92 97
92 96
12 13
12 7
86 85
86 91
86 90
85 84
88 93
88 89
96 99
91 94
91 95
94 98
13 14
13 18
7 8
7 4
7 6
7 3
8 5
3 2