26 22 24 4 31 48 0 23 28 9 90 20 21 69 10 2 70 73 11 78 94 8 3 17 93 45 5 32 7 82 63 53 40 13 50 51 37 25 12 59 35 30 52 58 33 84 83 54 39 36 55 27 88 34 60 61 43 85 41 62 42 56 89 98 67 96
26 22
26 23
26 28
22 24
22 4
24 10
4 31
4 0
4 9
4 7
31 48
23 21
23 69
23 2
23 25
28 20
9 90
9 3
9 93
90 11
90 78
90 94
10 70
70 73
11 8
11 45
11 63
11 53
78 32
3 17
3 5
3 40
17 13
45 82
32 50
32 59
32 30
32 39
63 60
63 98
13 12
50 51
51 37
51 56
37 35
37 52
37 33
37 41
35 84
52 58
52 54
52 55
58 42
33 36
84 83
84 88
83 89
54 27
54 85
39 34
27 61
27 43
60 67
41 62
98 96