46 77 12 40 44 23 63 8 32 49 66 11 38 70 39 79 87 93 53 89 52 96 99 35 41 9 73 88 7 97 74 36 90 61 92 48 3 81 10 64 0 75 21 4 6 17 47 82 68 83 1 86 50 26 19 54 20 60 29 80 51 27 37 56 13 42 14 65 34 62 33 31 59 22 55 72 69
46 77
46 40
77 12
12 44
40 23
23 63
23 8
63 49
63 66
8 32
49 11
49 89
49 7
66 79
11 38
11 70
11 39
11 48
38 87
38 35
38 88
39 53
39 52
39 99
87 93
87 72
93 96
93 80
52 41
52 73
99 29
35 81
41 9
88 61
7 97
7 36
7 90
97 74
97 26
74 0
74 6
74 47
36 64
36 75
36 21
36 4
36 54
90 60
61 92
92 42
48 3
3 55
3 69
81 10
64 17
64 68
0 56
75 82
21 1
4 62
4 22
6 19
17 27
47 86
82 50
68 83
83 20
83 33
86 51
26 14
26 31
54 65
54 59
60 13
27 37
37 34