0 16 91 98 84 89 72 81 71 74 78 83 96 88 75 97 73 80 76 85 87 82 79 92 69 95 94 68 99 90 93 70 77 86 32 23 22 37 52 3 11 31 14 54 7 28 51 13 36 27 8 2 24 63 5 46 42 26 64 53 19 43 33 9 39 15 1 67 55 56 18 41 44 49 47 57 66 4 29 34 21 59 58 62 30 6 40 25 10 65 35 17 38 48 20 61 50
0 16
0 91
0 98
0 84
0 89
0 72
0 81
0 71
0 74
0 78
0 83
0 96
0 88
0 75
0 97
0 73
0 80
0 76
0 85
0 87
0 82
0 79
0 92
0 69
0 95
0 94
0 68
0 99
0 90
0 93
0 70
0 77
0 86
16 15
89 31
73 7
93 37
32 23
32 54
32 51
32 53
32 18
23 22
22 37
37 52
37 43
37 42
52 8
52 35
3 11
11 19
11 30
31 14
31 5
31 26
31 1
14 33
54 2
54 4
7 28
7 55
7 19
7 57
28 67
28 29
51 13
51 48
13 36
13 27
27 40
8 34
8 25
2 17
24 63
24 65
63 41
46 42
26 64
64 38
19 44
33 20
9 39
39 56
39 40
67 50
41 34
41 62
41 6
44 49
49 47
57 66
66 21
29 10
34 61
21 59
59 58