10 58 47 3 90 49 54 0 51 86 68 93 17 55 46 41 83 78 24 95 75 5 43 2 6 16 66 37 84 60 61 22 87 20 39 11 48 72 52 57 13 29 14 81 67 32 50 63 94 23 92 25 69 28 21 85 53 80 19 44 8 18 73 65 82 64 40 38 98 34 31 30 70 59 76 7 45 79 4 91 26 9 33 71 12 1 88 27 62 77 89 97 74 35 36 15 56
10 58
10 51
10 78
10 91
58 94
47 3
47 61
47 2
47 32
47 34
3 37
3 46
3 8
3 71
90 49
90 67
49 37
49 14
54 0
54 35
0 4
0 20
0 88
51 27
86 68
86 55
93 17
93 16
93 9
55 81
46 41
46 60
46 21
46 44
46 65
46 53
41 22
83 78
24 95
24 19
24 62
75 5
75 6
75 29
75 72
75 33
5 16
5 74
43 2
2 92
2 72
2 1
16 66
16 23
16 76
66 31
37 7
84 60
84 81
84 79
84 12
60 30
60 56
61 18
22 69
87 20
20 52
20 79
20 77
39 11
39 50
11 67
48 72
48 63
72 45
57 13
13 82
13 19
13 29
29 73
63 94
23 98
92 28
25 69
69 64
69 89
85 53
80 19
40 38
40 7
30 70
70 97
59 76
91 26
71 36
74 15