14 16 17 18 19 5 38 73 4 58 68 3 10 37 6 47 7 8 12 15 9 13 55 20 0 21 26 1 33 22 34 62 35 11 32 36 30 39 44 59 74 54 25 48 23 27 29 31 28 45 46 24 71 41 65 56 72 43 40 2 66 64 69 60 57 70 42 52 51 50 61 75 77 63 67 49
14 16
14 17
14 18
14 19
14 5
5 38
5 4
38 73
38 58
4 3
58 68
3 10
3 37
3 6
3 47
3 0
3 1
3 51
37 62
6 7
6 8
6 12
6 9
6 13
47 55
7 15
8 59
15 20
15 21
15 22
15 25
15 23
15 24
9 65
55 74
20 54
0 26
21 48
26 33
26 11
26 32
26 30
26 31
1 2
1 49
33 34
34 35
62 64
35 36
11 27
11 29
36 39
39 44
39 66
44 45
59 71
25 41
25 40
29 28
29 56
29 57
45 46
45 60
46 72
46 69
41 43
41 42
56 61
43 52
2 50
66 70
60 67
61 75
75 77
77 63