54 86 61 53 94 21 51 5 25 59 6 9 1 64 90 11 16 91 74 81 96 42 99 19 50 0 33 72 34 71 43 88 49 66 70 8 23 15 37 10 87 39 92 65 12 82 84 38 48 20 29 44 22 7 24 28 89 83 75 4 97 41 76 60 80 95 77 63 27 32 26 69 62 47 30 18 2 58 79 46 3 52 17 45 57 67 56 35 78 55 98 85 40
54 86
54 84
61 53
61 89
61 32
53 70
53 97
53 84
53 40
94 21
94 9
94 99
94 5
94 3
21 19
21 87
21 20
51 5
51 6
5 22
25 59
59 90
59 74
6 91
6 84
9 77
1 64
1 50
64 19
64 29
64 78
90 72
90 2
11 16
11 82
11 41
11 47
16 34
91 45
74 81
74 83
96 42
96 88
96 65
96 20
42 63
42 30
99 43
19 44
50 15
50 52
0 33
0 78
72 92
72 7
34 95
71 43
49 66
49 4
49 29
70 75
8 23
8 32
15 82
37 10
10 56
10 69
87 55
39 92
39 12
92 57
65 69
65 46
12 27
38 48
38 18
48 76
29 67
44 58
7 24
28 89
28 83
89 85
76 30
60 80
60 30
63 62
32 26
62 35
47 17
58 79
17 98