16 75 3 34 1 30 2 32 18 80 20 85 7 48 21 88 17 78 24 97 90 5 41 47 99 19 84 0 25 22 92 9 54 8 51 14 68 11 59 23 95 74 13 65 67 42 50 86 87 40 83 35 10 55 69 98 56 27 81 94 60 4 38 76 52 66 6 44 45 15 72 77 26 49 89 37 46 33 53 12 61 91 43 31 36 79 82 62 93 57 63 96 70 39 73 58 71 29 64 28
16 75
16 74
16 73
3 34
3 35
3 36
1 30
1 29
1 28
30 99
2 32
2 33
2 31
32 78
18 80
18 81
18 79
20 85
20 86
85 63
7 48
7 47
7 46
21 88
21 90
21 89
17 78
17 76
17 77
78 69
78 54
78 56
78 79
78 72
24 97
24 99
24 98
90 51
5 41
5 42
5 40
19 84
19 83
19 82
0 25
0 27
0 26
25 52
22 92
22 91
22 93
92 89
9 54
9 52
9 53
54 36
54 82
54 70
8 51
8 50
8 49
14 68
14 67
14 69
11 59
11 60
11 58
23 95
23 94
23 96
74 89
74 57
74 96
13 65
13 66
13 64
67 42
42 60
50 86
86 87
10 55
10 56
10 57
98 64
4 38
4 37
4 39
38 49
6 44
6 45
6 43
45 89
15 72
15 71
46 43
12 61
12 62
12 63
82 29