80 54 27 89 49 92 91 7 6 72 8 4 96 36 69 61 53 84 52 24 74 57 70 93 38 40 75 19 78 94 45 83 1 11 10 58 37 15 0 67 25 48 13 63 29 81 95 31 32 88 86 73 28 17 21 79 65 71 85 42 90 77 60 82 41 99 59 20 55 16 12 30 43 62 34 2 50 64 22 47 33
80 54
80 65
54 61
54 37
27 89
27 6
27 53
89 29
89 82
49 92
92 42
92 28
91 7
91 0
7 52
6 81
72 8
72 0
72 64
4 96
4 79
4 16
36 69
36 13
69 32
69 40
61 93
61 2
53 84
53 55
53 22
52 88
52 37
52 94
24 74
24 71
74 67
74 57
74 86
74 45
57 70
57 15
57 48
57 77
57 10
70 94
93 38
38 12
40 75
75 11
19 78
78 37
45 83
45 25
45 95
1 11
10 58
37 63
37 34
0 85
48 42
13 79
13 33
63 21
95 17
31 32
31 85
31 30
73 28
17 47
85 90
85 50
90 60
77 41
77 62
60 82
41 99
59 20
59 2
43 62