29 46 18 26 23 68 64 52 3 5 42 60 59 96 27 69 24 72 20 37 90 34 97 30 81 9 43 53 51 19 63 95 31 89 56 36 11 66 58 93 67 21 39 14 48 40 49 71 25 85 70 80 7 83 2 32 17 15 84 47 92 12 61 35 8 0 13 1 6 74 57 50 94 98 73 78 33 38 88 79 16 62 87 44 65 22 10 91 76 55 99 28 41 82 54 75 77 4
29 46
46 85
46 63
46 69
18 26
26 8
23 68
23 56
68 0
64 52
64 90
64 34
52 14
52 83
52 98
3 5
3 21
3 92
5 53
5 48
5 57
42 60
42 71
60 80
60 53
59 96
59 31
59 91
27 69
27 40
27 12
24 72
72 85
72 61
20 37
20 10
37 30
90 39
97 30
97 56
81 9
81 43
81 95
81 41
81 75
9 2
53 44
51 19
19 58
19 4
63 95
63 70
95 31
31 89
31 1
89 74
56 48
56 25
36 11
36 66
66 58
66 67
66 35
58 48
93 67
93 32
67 76
21 16
39 32
39 13
48 65
40 49
40 87
49 79
49 62
25 6
25 88
85 99
7 83
7 47
7 22
7 28
83 17
83 33
15 84
84 78
92 1
61 73
35 8
35 78
57 54
50 94
50 10
50 82
33 38
79 77
16 55