38 39 40 41 95 96 42 97 84 88 31 32 35 36 37 59 46 47 48 49 50 51 52 53 54 55 58 56 57 69 70 71 33 34 85 89 93 94 90 91 83 4 5 6 7 8 9 11 12 1 2 13 14 15 16 92 3 68 81 82 73 74 86 18 19 20 21 22 23 24 17 25 26 27 28 29 30 72 76 60 61 62 63 64 65 66 67 0 45 43 44 75 77 78 87 10
38 39
38 84
38 37
39 40
39 83
40 41
40 90
41 42
95 96
95 97
95 94
42 43
84 88
84 87
31 32
31 30
32 33
35 36
35 60
35 34
36 37
37 85
59 46
59 47
59 48
59 49
59 50
59 51
59 52
59 53
59 54
59 55
59 56
59 57
59 0
46 58
69 70
69 64
70 71
70 81
33 34
85 89
93 94
94 92
90 91
83 86
4 5
4 3
5 6
7 8
8 9
9 10
11 12
11 10
12 68
1 2
1 0
2 3
13 14
14 15
15 16
16 17
92 82
68 67
81 82
73 74
73 72
74 75
18 19
18 17
19 20
20 21
21 22
22 23
23 24
24 25
25 26
25 75
26 27
27 28
28 29
29 30
72 76
76 77
60 61
61 62
62 63
63 64
64 65
65 66
66 67
0 45
45 44
43 44
77 78