23 31 82 83 19 64 39 67 16 51 37 42 77 63 66 62 85 56 65 18 95 96 52 57 69 12 74 20 21 88 9 72 70 71 13 43 90 6 2 45 36 94 46 76 14 91 48 17 92 93 54 84 86 75 4 68 15 47 25 30 53 27 5 8 32 34 33 59 60 3 29 11 87 40 44 28 98 78 89 61 26 58 99 79 97 50 0 55 49
23 31
23 70
31 37
82 83
82 28
83 18
83 52
83 86
19 64
19 20
19 76
19 88
64 47
39 67
39 5
67 51
67 89
16 51
51 46
51 55
37 9
37 42
42 77
77 25
77 79
63 66
63 70
63 11
66 65
66 17
66 29
62 85
62 72
62 99
56 65
56 88
56 15
56 53
56 59
18 96
95 96
95 72
95 45
95 3
52 68
57 69
57 78
69 14
12 74
74 13
74 84
20 21
21 75
88 30
88 87
88 89
72 71
70 71
71 6
13 54
43 90
90 48
90 91
2 45
2 94
45 50
36 94
14 91
14 47
91 33
17 34
92 93
93 34
93 97
84 86
86 0
4 68
4 44
47 27
47 49
27 61
8 32
32 33
59 60
11 98
40 44
98 58
89 26