0 34 36 30 55 37 70 50 49 46 64 45 66 72 53 58 69 1 15 73 59 67 48 91 63 71 90 54 88 95 57 56 44 17 27 62 51 68 87 47 74 89 76 96 93 85 83 52 60 75 65 97 61 79 82 78 84 81 98 86 94 77 99 92 10 14 80 6 25 19 9 4 23 26 18 8 21 2 31 42 43 11 39 22 7 33 41 35 12 24
0 34
0 36
0 30
0 55
0 37
0 70
0 50
0 49
0 46
0 64
0 45
0 66
0 72
0 53
0 58
0 69
0 73
0 59
0 67
0 48
0 63
0 71
0 54
0 57
0 56
0 44
0 62
0 51
0 68
0 47
0 74
0 52
0 60
0 65
0 61
34 17
1 15
1 91
1 90
1 88
1 95
1 87
1 89
1 76
1 96
1 93
1 85
1 44
1 83
1 75
1 97
1 79
1 82
1 78
1 84
1 81
1 98
1 86
1 94
1 77
1 99
1 92
1 80
15 23
17 27
17 9
17 6
17 35
10 14
14 26
6 25
6 39
25 19
25 21
19 18
4 23
4 43
4 11
23 42
26 8
18 41
8 7
8 22
2 31
31 22
42 22
42 24
7 33
35 12