47 48 4 45 49 46 70 33 74 2 19 71 1 0 3 72 13 10 14 12 81 80 83 32 18 16 17 62 93 92 94 44 40 41 30 54 65 11 82 21 84 22 24 34 31 60 90 53 98 61 63 42 73 43 37 99 91 66 69 67 68 64 15 57 20 23 52 56 59 58 87 55 5 75 88 35 6 26 29 25 27 51 36 28 85 97 96 86 89 50 78 95 9 39 7 38 8 77
47 48
47 70
48 4
48 45
48 19
4 2
4 1
45 49
45 46
49 33
46 13
70 74
70 71
70 72
33 81
33 32
33 30
74 62
74 44
2 93
19 18
19 90
71 53
71 73
1 0
1 60
0 3
13 10
13 65
10 14
10 12
14 54
12 11
81 80
80 83
83 82
83 84
32 34
32 31
18 16
16 17
16 15
62 42
62 64
93 92
92 94
94 91
44 40
44 43
40 41
54 50
65 78
82 21
21 22
21 24
22 20
24 23
34 6
31 98
60 61
60 63
90 56
53 52
53 51
98 99
42 75
43 37
37 35
37 36
99 97
99 96
99 95
91 66
66 69
69 67
67 68
64 57
20 87
56 59
59 58
58 55
87 88
55 5
75 26
88 85
35 39
6 7
26 29
26 27
29 25
25 28
85 86
85 89
86 77
89 9
39 38
7 8