96 66 85 69 93 43 21 38 64 44 54 31 86 34 18 84 16 13 42 73 4 61 80 32 8 74 35 58 5 62 91 72 82 46 59 87 76 20 41 40 63 1 83 19 25 17 94 95 56 30 99 67 60 50 70 92 71 6 11 78 10 51 39 47 97 55 65 90 88 57 75 53 22 36 26 27 2 79 24 89 33 52 37 9 23 15 28 77 48 3
96 66
96 25
96 84
96 34
66 35
85 69
85 94
69 18
69 65
93 43
93 32
43 18
43 86
21 38
21 27
38 34
38 20
38 48
64 44
44 70
54 31
54 63
31 15
86 34
86 58
34 1
84 16
13 42
42 10
42 5
73 4
73 46
4 53
61 80
61 33
61 28
8 74
8 28
74 71
74 24
74 50
35 19
35 6
58 5
58 50
62 91
62 47
91 59
72 82
72 25
46 40
46 55
59 1
59 51
87 76
87 40
76 83
76 19
76 75
20 41
41 99
40 67
63 10
1 26
25 77
17 94
95 56
56 47
56 88
56 89
30 99
99 2
67 60
50 92
50 23
70 53
92 57
92 37
11 78
78 90
10 22
51 39
47 97
97 3
65 36
90 75
53 79
2 9
24 52