26 27 28 29 30 31 32 33 34 25 24 23 22 21 20 19 18 17 16 15 14 13 12 11 10 9 8 7 6 5 4 3 2 1 99 98 0 97 96 95 94 93 92 91 90 89 88 87 86 85 84 83 82 81 80 79 35 78 77 36 76 37 75 38 74 39 40 73 41 42 43 44 45 46 47 48 49 50 51 72 71 52 70 69 53 68 67 54 66 65 55 64 56 63 57 62 61 58
26 27
26 25
27 28
28 29
29 30
30 31
31 32
32 33
33 34
34 35
25 24
24 23
23 22
22 21
21 20
20 19
19 18
18 17
17 16
16 15
15 14
14 13
13 12
12 11
11 10
10 9
9 8
8 7
7 6
6 5
5 4
4 3
3 2
2 1
1 99
1 0
99 98
98 97
97 96
96 95
95 94
94 93
93 92
92 91
91 90
90 89
89 88
88 87
87 86
86 85
85 84
84 83
83 82
82 81
81 80
80 79
79 78
35 36
78 77
77 76
36 37
76 75
37 38
75 74
38 39
74 73
39 40
40 41
73 72
41 42
42 43
43 44
44 45
45 46
46 47
47 48
48 49
49 50
50 51
51 52
72 71
71 70
52 53
70 69
69 68
53 54
68 67
67 66
54 55
66 65
65 64
55 56
64 63
56 57
63 62
57 58
62 61