13 63 42 49 58 68 53 60 50 29 15 64 62 45 70 19 25 67 27 39 22 56 5 37 52 47 55 54 17 0 31 21 74 30 57 43 10 32 24 46 16 69 23 71 44 59 38 35 65 72 9 3 73 66 48 2 11 61 36 28 20 12 8 41 7 26 6 1 18 14 40 51
13 63
13 29
13 37
13 41
63 31
63 35
63 3
63 11
42 49
42 37
42 44
49 70
49 19
49 56
49 62
49 58
58 68
68 72
53 60
53 57
53 48
53 20
53 7
60 59
60 40
50 29
50 46
29 66
29 52
15 64
15 19
64 16
64 57
64 73
62 45
70 1
70 18
19 25
19 71
25 17
67 27
67 5
67 37
27 61
39 22
39 44
22 38
22 69
56 54
5 32
37 65
52 47
52 0
52 43
52 10
52 9
55 54
54 2
21 74
21 32
30 57
43 8
10 26
24 46
16 28
69 23
65 12
72 14
9 36
3 6
18 51