79 21 70 12 99 84 69 77 89 28 95 10 30 54 34 98 75 52 85 51 11 4 37 9 81 83 74 8 90 44 80 91 65 48 42 88 76 25 16 87 14 82 46 1 20 29 2 38 68 36 0 97 5 6 94 27 71 15 17 22 64 62 33 13 49 39 41 47 35 24 43 55 57 18 59 53 31 67 63
79 21
21 70
21 12
21 9
21 18
12 99
12 77
99 84
99 69
99 90
69 89
69 28
69 10
69 54
69 34
69 85
77 98
77 52
77 37
89 95
89 30
89 74
30 83
30 8
54 75
54 51
98 81
98 44
98 42
98 82
98 97
98 57
52 4
51 11
37 5
81 65
81 22
44 80
44 88
44 76
44 38
44 15
80 91
80 0
80 94
91 48
91 14
48 25
48 53
42 68
42 33
88 43
76 87
76 20
76 6
25 16
25 17
25 47
16 27
16 41
16 67
87 1
87 24
82 46
82 2
46 64
20 29
20 71
20 39
68 36
68 13
6 35
6 31
94 62
71 59
17 63
64 55
33 49