0 29 85 25 50 77 55 88 59 58 66 64 69 86 81 80 96 78 56 65 57 61 75 92 63 89 74 91 68 90 73 87 72 71 83 82 79 70 62 67 95 60 94 6 39 93 76 84 3 12 43 18 7 48 5 52 13 37 1 44 47 99 53 41 42 49 2 28 8 26 34 36 35 4 38 9 23 40 20 46 24 17 45 97 54 19 15 30 33 16 14 21 98 22 11 32
0 29
0 85
0 77
0 55
0 88
0 59
0 58
0 66
0 64
0 69
0 86
0 81
0 80
0 96
0 78
0 56
0 65
0 57
0 61
0 75
0 92
0 63
0 89
0 74
0 91
0 68
0 90
0 73
0 87
0 72
0 71
0 83
0 82
0 79
0 70
0 62
0 67
0 95
0 60
0 94
0 93
0 76
0 84
25 50
25 53
25 41
25 35
25 74
50 44
59 5
86 40
6 39
6 5
6 52
39 22
3 12
3 4
3 98
12 41
12 23
12 54
43 18
43 1
43 9
43 17
18 38
18 30
7 48
7 40
7 24
48 32
5 8
5 42
13 37
13 53
13 15
13 33
1 99
1 97
44 47
41 45
42 49
49 16
2 28
2 19
28 8
26 34
26 36
26 38
36 45
35 14
23 11
40 20
20 46
54 21