35 44 32 14 80 17 21 7 28 74 92 51 2 27 40 88 57 84 19 10 47 93 56 8 82 46 94 49 0 64 66 3 79 76 75 20 36 12 15 37 99 54 85 69 9 98 89 6 13 11 68 42 91 50 45 52 96 31 67 78 97 22 58 83 18 29 77 41 39 62 95 34 65 23 38 87 63 26 16 90 70 25 73 61 71 43 53
35 44
44 32
44 57
32 14
32 80
32 88
32 16
14 28
14 74
14 84
80 17
80 21
80 39
17 7
17 92
17 27
7 40
7 23
28 56
28 78
28 87
92 51
92 2
92 19
92 8
92 96
51 47
51 93
2 76
40 82
84 45
84 52
19 10
19 46
19 94
19 49
19 98
19 71
10 0
10 79
47 15
47 42
56 38
8 3
8 61
82 90
46 91
94 69
49 64
0 20
0 50
64 66
64 85
64 29
66 75
66 12
66 37
66 70
3 68
3 73
79 25
76 11
75 36
75 99
36 18
37 97
99 54
54 89
54 77
85 9
9 31
89 6
89 13
89 41
68 83
68 43
45 95
31 67
31 58
31 63
78 26
97 22
39 62
95 34
34 65
90 53