51 77 56 88 61 98 55 57 39 50 75 38 53 52 87 58 59 42 60 40 43 62 44 45 66 76 95 47 78 49 74 54 46 48 72 96 64 30 37 36 65 73 71 24 25 0 1 26 28 32 2 3 4 5 6 7 8 29 9 10 11 12 13 14 23 34 27 33 35 31 41
51 37
51 78
51 77
56 40
56 87
56 88
61 42
61 98
55 39
57 40
39 31
39 54
50 37
50 76
50 75
38 31
38 52
38 53
58 41
59 41
42 33
42 60
60 96
60 95
40 32
43 33
43 62
44 34
44 64
45 34
45 65
45 66
47 35
49 73
49 36
49 74
46 35
48 36
48 71
48 72
30 36
30 37
37 25
24 11
24 25
25 27
25 26
0 1
0 2
1 3
1 4
26 29
26 28
28 32
28 33
32 41
2 5
2 6
3 7
3 8
4 9
4 10
5 11
5 12
6 13
6 14
29 35
29 34
11 23
27 31