20 85 6 43 8 51 19 84 9 52 10 56 13 64 24 99 18 79 21 88 3 34 16 73 12 61 2 31 7 47 82 36 81 22 93 33 0 27 92 5 42 26 62 44 45 23 95 14 69 97 80 54 66 83 87 40 29 90 75 91 77 94 4 39 50 35 32 38 49 11 59 17 65 53 58 30 57 1 68 70 55 96 37 76 25 60 15 71 48 67 89 72 28 86 41 78 98 74 63 46
20 85
20 87
20 86
6 43
6 44
6 45
8 51
8 50
8 49
51 30
19 84
19 82
19 83
9 52
9 54
9 53
10 56
10 57
10 55
13 64
13 66
13 65
24 99
24 97
24 98
18 79
18 81
18 80
21 88
21 90
88 30
88 57
88 94
3 34
3 36
3 35
16 73
16 75
12 61
12 62
12 63
61 93
2 31
2 33
2 32
31 40
31 49
7 47
7 48
7 46
47 44
82 59
81 83
22 93
22 92
22 91
0 27
0 26
0 25
92 54
5 42
5 40
5 41
42 97
26 62
44 29
23 95
23 94
23 96
95 80
14 69
14 68
14 67
80 54
54 35
66 59
87 25
29 1
90 89
75 59
77 94
77 17
4 39
4 38
4 37
50 38
49 72
11 59
11 58
11 60
17 76
17 78
30 70
30 1
1 28
68 70
70 15
15 71
98 74