5 7 55 57 1 2 51 56 52 6 44 45 94 95 3 4 53 54 26 28 76 78 48 49 98 99 41 42 91 92 9 10 25 12 13 58 50 62 63 0 8 75 59 60 27 77 38 39 88 89 70 71 43 93 29 30 79 80 24 74 36 37 40 86 87 90 31 81 19 69 34 35 84 85 14 15 64 65 61 17 18 67 68 47 97 66 46 96 32 33 82 83 22 72 23 73
5 7
5 2
7 8
55 57
55 52
57 58
1 2
1 6
1 0
2 3
51 56
51 52
51 50
52 53
44 45
44 43
45 46
94 95
94 93
95 96
3 4
53 54
26 28
26 25
76 78
76 75
48 49
48 47
49 50
98 99
98 97
41 42
41 40
42 43
91 92
91 90
92 93
9 10
9 0
10 12
25 27
25 24
12 13
12 14
13 17
50 59
62 63
62 64
62 60
63 67
75 77
75 74
59 60
60 61
27 29
77 79
38 39
38 37
39 40
88 89
88 87
89 90
70 71
70 69
29 30
30 31
79 80
80 81
24 23
74 73
36 37
36 35
86 87
86 85
31 32
81 82
19 22
19 18
69 72
69 68
34 33
34 35
84 83
84 85
14 15
64 65
65 66
17 18
67 68
47 46
97 96
32 33
82 83
22 23
72 73