66 3 60 9 92 47 23 33 4 58 5 96 36 98 93 11 99 17 43 6 75 27 81 18 65 80 26 49 62 38 21 15 70 61 24 97 71 41 86 73 37 51 52 59 29 56 55 16 1 42 19 50 0 54 40 12 28 78 14 20 89 84 46 35 25 31 77 48 10 7 13 32 44 68 34 8 88 39 69 57 94 79 83 82 87 76 45 72 90 53
66 3
66 35
60 9
60 50
60 39
9 70
92 47
92 71
47 84
23 33
23 37
33 5
33 24
33 78
33 90
4 58
4 5
4 12
4 44
58 41
5 31
5 76
96 36
96 6
96 50
96 40
96 68
96 87
98 93
98 0
98 82
93 56
93 99
11 99
11 20
99 21
99 49
99 48
17 43
17 62
75 27
75 40
75 73
27 19
27 84
81 18
81 42
81 16
18 94
65 80
80 56
26 49
26 29
26 46
62 38
38 56
38 86
21 7
21 83
15 70
70 61
61 24
97 71
97 59
71 25
86 73
86 54
73 52
73 28
37 51
52 45
29 88
56 1
55 16
1 42
1 35
1 10
50 14
78 69
89 84
31 77
31 79
10 57
13 32
13 83
68 34
34 8
8 72
72 53