58 10 9 13 6 12 0 48 47 60 59 54 80 23 91 74 18 55 66 43 50 67 36 73 35 88 28 27 93 85 56 26 84 16 57 97 71 96 87 76 89 17 63 82 78 79 8 52 53 75 2 51 14 77 70 86 38 95 32 94 5 15 41 21 92 64 65 31 39 33 37 72 44 69 30 81 24 68 49 98
58 10
58 13
10 9
10 6
9 93
9 71
13 12
13 48
13 14
12 0
0 49
48 47
48 54
48 18
48 88
47 60
47 15
60 59
60 50
60 36
59 96
59 24
54 80
54 23
54 55
54 53
80 91
80 74
80 67
80 97
80 63
80 82
80 75
80 92
23 70
91 43
74 66
74 28
74 27
74 85
55 87
55 32
50 35
50 2
50 51
67 56
67 84
67 86
67 95
67 65
36 73
36 37
36 81
27 26
93 94
85 16
85 76
85 79
56 57
56 89
84 38
84 98
16 17
71 72
71 44
96 5
76 77
63 64
82 78
79 8
79 52
75 39
51 69
51 68
38 21
95 41
32 31
32 33
31 30