55 58 59 60 61 62 63 52 56 57 49 46 53 43 54 40 50 51 47 37 44 45 48 34 41 42 31 38 39 28 35 36 25 32 33 22 29 30 19 26 27 16 23 24 13 20 21 10 17 18 7 4 11 14 15 1 8 9 12 0 5 6 2 3
55 58
55 59
55 60
55 52
58 61
58 62
58 63
52 56
52 57
52 49
49 46
49 53
49 54
46 43
46 50
46 51
43 40
43 47
43 48
40 37
40 44
40 45
37 34
37 41
37 42
34 31
34 38
34 39
31 28
31 35
31 36
28 25
28 32
28 33
25 22
25 29
25 30
22 19
22 26
22 27
19 16
19 23
19 24
16 13
16 20
16 21
13 10
13 17
13 18
10 7
10 14
10 15
7 4
7 11
7 12
4 1
4 8
4 9
1 0
1 5
1 6
0 2
0 3