97 41 21 2 17 71 48 86 6 64 24 1 59 4 39 5 42 99 18 72 91 47 52 54 36 79 29 62 78 43 8 3 95 87 22 68 76 82 10 34 69 53 11 19 9 26 83 61 92 58 85 74 94 27 12 77 96 40 35 75 16 67 28 50 32 25 44 0 80 60 15 73 93 65 33 63 49 37 90 38 89 55 66 88 70 23 20 13 98 46 51
97 41
97 68
97 65
21 2
21 60
2 42
2 96
17 71
17 27
71 6
48 86
48 74
48 63
48 46
86 34
86 94
86 77
6 64
6 91
64 69
24 1
24 79
24 66
1 26
1 61
59 4
59 52
39 5
39 10
39 13
5 27
42 99
18 72
18 22
18 0
72 43
91 47
91 52
91 3
91 92
91 38
47 62
52 83
54 36
36 83
79 29
79 65
79 37
79 67
29 8
29 43
78 43
43 95
43 58
43 80
43 60
8 34
95 87
68 25
76 82
82 85
10 73
10 85
53 11
11 93
19 9
9 90
83 75
74 35
27 93
12 77
12 15
12 32
12 51
96 40
35 75
75 16
75 44
67 28
50 32
25 33
25 20
25 55
93 49
37 90
38 98
89 55
89 23
66 70
88 70