1 36 5 10 27 30 37 0 24 38 9 11 53 31 17 4 8 54 59 20 41 3 33 48 22 29 32 35 43 23 7 44 18 15 88 58 57 45 16 55 26 56 60 42 2 40 52 21 14 51 12 50 49 67 73 84 70 25 92 82 61 81 98 75 89 90 96 94 28 68 91 95 93 87
1 36
1 43
36 88
5 10
5 37
5 42
5 51
27 30
27 38
30 48
30 37
37 53
37 41
0 24
0 2
0 87
0 93
0 95
0 91
0 68
0 94
0 96
0 90
0 89
0 75
0 81
0 82
0 92
0 25
0 70
0 84
0 67
24 54
24 41
24 32
24 35
38 14
9 11
9 58
11 28
11 56
31 17
31 7
17 20
17 45
4 8
4 44
54 23
59 20
59 16
59 14
20 26
41 15
3 33
3 44
22 29
22 18
22 42
43 2
7 52
44 18
44 12
15 73
58 57
16 55
16 40
55 49
56 60
40 61
52 21
51 98
50 49
82 28