23 96 34 19 26 5 88 6 18 7 59 1 3 54 12 93 64 10 50 90 45 52 80 9 58 65 13 70 17 8 60 14 2 20 86 0 85 42 46 33 32 48 49 27 69 63 15 67 44 89 53 21 4 11 77 81 75 97 36 38 29 87 55 39 22 72 31 56 30 28 25 82 62 74 71 95
23 96
96 34
96 19
96 20
34 5
19 26
19 36
26 29
5 88
5 6
5 18
5 7
5 59
5 50
5 65
5 60
6 80
6 97
6 72
18 17
7 12
7 93
7 64
59 1
59 4
1 3
1 54
1 52
1 70
1 53
1 21
3 13
3 14
3 86
12 10
12 45
12 9
12 58
12 85
12 63
12 38
93 90
93 2
90 44
90 22
90 74
80 8
9 0
9 15
65 62
70 28
17 42
2 46
2 32
2 48
2 49
2 69
2 67
2 75
2 95
85 87
85 25
46 33
46 27
48 89
48 39
69 55
89 81
89 30
4 11
11 77
75 56
87 31
87 82
31 71