76 75 54 44 59 72 37 26 28 86 90 7 60 97 1 8 89 5 79 4 39 13 57 36 67 49 45 64 51 15 14 40 33 68 63 82 94 10 47 91 99 98 35 24 32 17 73 42 48 20 92 25 34 53 88 23 93 61 69 27 12 85 80 81 29 66 16 87 56 50 11 41 18 6 22 65 19 77 96 21 71 2 43 38 3 70 0 84 30 83 62 52 55 74 95
76 75
76 92
76 63
76 69
76 12
54 44
54 1
44 4
59 72
59 93
37 26
37 47
26 5
26 30
28 86
28 48
28 10
86 32
86 23
86 27
90 7
90 15
90 42
7 41
60 97
60 73
97 43
97 70
1 8
1 67
8 69
89 5
89 64
89 99
5 38
79 4
79 93
39 13
39 27
13 98
13 55
57 36
57 0
36 47
36 61
36 15
49 45
49 94
64 51
64 68
64 94
64 10
64 16
64 18
51 20
14 40
14 24
33 68
33 50
68 21
63 82
63 94
63 71
94 52
47 19
47 62
91 99
91 83
99 34
98 35
24 53
17 73
73 11
73 66
20 88
25 34
53 61
53 3
88 87
23 85
23 6
23 95
85 96
80 81
80 29
80 6
80 22
81 77
29 66
16 2
56 50
41 84
22 65
0 74