22 25 41 94 35 80 10 20 24 43 65 29 97 66 99 60 13 79 49 50 32 33 36 3 4 78 44 53 48 68 42 40 70 85 37 46 63 74 38 69 55 56 19 64 52 9 61 83 84 17 75 73 57 30 31 71 27 93 76 95 88 86 0 91 82 6 92 21 8 89 39 2 54 77 1 62 47 58 7 18 98 12 26 14 67 72 15 34 87 28 11 23 81 45 16 59 5
22 25
22 23
25 24
25 17
41 94
41 40
41 67
94 93
94 69
35 80
35 36
35 79
35 85
80 43
10 20
10 60
10 9
20 52
20 21
24 43
43 65
43 42
43 0
43 39
65 38
65 37
29 97
29 95
97 12
66 99
66 69
66 59
99 98
60 71
60 46
13 79
79 50
49 50
49 48
50 78
32 33
33 68
36 75
36 87
3 4
3 56
3 2
78 88
44 53
44 47
53 61
53 57
53 86
48 68
68 27
68 69
68 26
70 85
85 6
85 92
85 19
37 46
37 76
37 95
46 34
63 74
63 81
74 9
38 86
55 56
55 54
55 30
56 61
19 64
83 84
83 82
83 91
84 73
17 18
73 72
30 31
30 62
30 45
31 11
27 28
76 77
95 91
88 8
88 89
0 1
6 7
6 5
39 58
18 14
15 34
15 16